 planet=Earth        Mplanet=  1.00   buffer=nobuffer pCO2=   100.000 pH2O=   500.000 minpH2O=    10.000 pN2=     2.000 pCO=     0.000

                         M_i    N_O   buffer   planet           PCO2     T_q(CH4)  T_q(NH3)             H2O        H2         CO         CO2        CH4        N2         NH3     
 quenched columns     3.98E+23   1   nobuffer  Earth            100.00    737.82   1110.33            2.797E+04  1.676E+02  1.987E+00  2.236E+03  7.610E+01  7.252E+01  4.413E-01
 quenched pressures   3.98E+23   1   nobuffer  Earth            100.00    737.82   1110.33            5.448E+02  3.264E+00  3.870E-02  4.356E+01  1.482E+00  1.406E+00  8.553E-03
 dry pressures        3.98E+23   1   nobuffer  Earth            100.00    737.82   1110.33            0.000E+00  6.572E+00  7.793E-02  8.771E+01  2.985E+00  2.844E+00  1.731E-02

   i   N_O   buffer    planet       Mplanet   PCO2    T_q(CH4)  T_q(NH3)   T[K]    P[bars]      H2O        H2         CO         CO2        CH4        N2         NH3     
    1   1    nobuffer  Earth         1.00    100.00    737.82   1110.33   2010.00  5.946E+02  5.415E+02  6.782E+00  2.404E+00  4.246E+01  5.703E-08  1.410E+00  4.304E-04
    2   1    nobuffer  Earth         1.00    100.00    737.82   1110.33   2000.00  5.946E+02  5.415E+02  6.796E+00  2.391E+00  4.247E+01  6.106E-08  1.410E+00  4.388E-04
    3   1    nobuffer  Earth         1.00    100.00    737.82   1110.33   1990.00  5.946E+02  5.415E+02  6.810E+00  2.377E+00  4.248E+01  6.541E-08  1.410E+00  4.475E-04
    4   1    nobuffer  Earth         1.00    100.00    737.82   1110.33   1980.00  5.946E+02  5.415E+02  6.823E+00  2.363E+00  4.250E+01  7.012E-08  1.410E+00  4.565E-04
    5   1    nobuffer  Earth         1.00    100.00    737.82   1110.33   1970.00  5.946E+02  5.414E+02  6.837E+00  2.349E+00  4.251E+01  7.522E-08  1.410E+00  4.657E-04
    6   1    nobuffer  Earth         1.00    100.00    737.82   1110.33   1960.00  5.946E+02  5.414E+02  6.852E+00  2.335E+00  4.252E+01  8.074E-08  1.410E+00  4.752E-04
    7   1    nobuffer  Earth         1.00    100.00    737.82   1110.33   1950.00  5.946E+02  5.414E+02  6.866E+00  2.321E+00  4.254E+01  8.673E-08  1.410E+00  4.850E-04
    8   1    nobuffer  Earth         1.00    100.00    737.82   1110.33   1940.00  5.946E+02  5.414E+02  6.880E+00  2.306E+00  4.255E+01  9.322E-08  1.410E+00  4.951E-04
    9   1    nobuffer  Earth         1.00    100.00    737.82   1110.33   1930.00  5.946E+02  5.414E+02  6.895E+00  2.292E+00  4.257E+01  1.003E-07  1.410E+00  5.054E-04
   10   1    nobuffer  Earth         1.00    100.00    737.82   1110.33   1920.00  5.946E+02  5.414E+02  6.909E+00  2.277E+00  4.258E+01  1.079E-07  1.410E+00  5.162E-04
   11   1    nobuffer  Earth         1.00    100.00    737.82   1110.33   1910.00  5.946E+02  5.414E+02  6.924E+00  2.263E+00  4.260E+01  1.163E-07  1.410E+00  5.272E-04
   12   1    nobuffer  Earth         1.00    100.00    737.82   1110.33   1900.00  5.946E+02  5.413E+02  6.939E+00  2.248E+00  4.261E+01  1.253E-07  1.410E+00  5.386E-04
   13   1    nobuffer  Earth         1.00    100.00    737.82   1110.33   1890.00  5.946E+02  5.413E+02  6.953E+00  2.233E+00  4.263E+01  1.352E-07  1.410E+00  5.504E-04
   14   1    nobuffer  Earth         1.00    100.00    737.82   1110.33   1880.00  5.946E+02  5.413E+02  6.968E+00  2.218E+00  4.264E+01  1.459E-07  1.410E+00  5.625E-04
   15   1    nobuffer  Earth         1.00    100.00    737.82   1110.33   1870.00  5.946E+02  5.413E+02  6.984E+00  2.203E+00  4.266E+01  1.577E-07  1.410E+00  5.750E-04
   16   1    nobuffer  Earth         1.00    100.00    737.82   1110.33   1860.00  5.946E+02  5.413E+02  6.999E+00  2.187E+00  4.267E+01  1.705E-07  1.410E+00  5.880E-04
   17   1    nobuffer  Earth         1.00    100.00    737.82   1110.33   1850.00  5.946E+02  5.413E+02  7.014E+00  2.172E+00  4.269E+01  1.845E-07  1.410E+00  6.014E-04
   18   1    nobuffer  Earth         1.00    100.00    737.82   1110.33   1840.00  5.946E+02  5.413E+02  7.030E+00  2.157E+00  4.270E+01  1.998E-07  1.410E+00  6.152E-04
   19   1    nobuffer  Earth         1.00    100.00    737.82   1110.33   1830.00  5.946E+02  5.412E+02  7.045E+00  2.141E+00  4.272E+01  2.165E-07  1.410E+00  6.294E-04
   20   1    nobuffer  Earth         1.00    100.00    737.82   1110.33   1820.00  5.946E+02  5.412E+02  7.061E+00  2.125E+00  4.273E+01  2.348E-07  1.410E+00  6.442E-04
   21   1    nobuffer  Earth         1.00    100.00    737.82   1110.33   1810.00  5.946E+02  5.412E+02  7.077E+00  2.110E+00  4.275E+01  2.549E-07  1.410E+00  6.594E-04
   22   1    nobuffer  Earth         1.00    100.00    737.82   1110.33   1800.00  5.946E+02  5.412E+02  7.093E+00  2.094E+00  4.277E+01  2.770E-07  1.410E+00  6.752E-04
   23   1    nobuffer  Earth         1.00    100.00    737.82   1110.33   1790.00  5.946E+02  5.412E+02  7.109E+00  2.077E+00  4.278E+01  3.012E-07  1.410E+00  6.915E-04
   24   1    nobuffer  Earth         1.00    100.00    737.82   1110.33   1780.00  5.946E+02  5.412E+02  7.125E+00  2.061E+00  4.280E+01  3.278E-07  1.410E+00  7.084E-04
   25   1    nobuffer  Earth         1.00    100.00    737.82   1110.33   1770.00  5.946E+02  5.411E+02  7.141E+00  2.045E+00  4.281E+01  3.570E-07  1.410E+00  7.259E-04
   26   1    nobuffer  Earth         1.00    100.00    737.82   1110.33   1760.00  5.946E+02  5.411E+02  7.158E+00  2.029E+00  4.283E+01  3.893E-07  1.410E+00  7.440E-04
   27   1    nobuffer  Earth         1.00    100.00    737.82   1110.33   1750.00  5.946E+02  5.411E+02  7.174E+00  2.012E+00  4.285E+01  4.248E-07  1.409E+00  7.628E-04
   28   1    nobuffer  Earth         1.00    100.00    737.82   1110.33   1740.00  5.946E+02  5.411E+02  7.191E+00  1.995E+00  4.286E+01  4.640E-07  1.409E+00  7.822E-04
   29   1    nobuffer  Earth         1.00    100.00    737.82   1110.33   1730.00  5.946E+02  5.411E+02  7.208E+00  1.978E+00  4.288E+01  5.073E-07  1.409E+00  8.024E-04
   30   1    nobuffer  Earth         1.00    100.00    737.82   1110.33   1720.00  5.946E+02  5.411E+02  7.225E+00  1.962E+00  4.290E+01  5.552E-07  1.409E+00  8.233E-04
   31   1    nobuffer  Earth         1.00    100.00    737.82   1110.33   1710.00  5.946E+02  5.410E+02  7.242E+00  1.944E+00  4.292E+01  6.082E-07  1.409E+00  8.450E-04
   32   1    nobuffer  Earth         1.00    100.00    737.82   1110.33   1700.00  5.946E+02  5.410E+02  7.259E+00  1.927E+00  4.293E+01  6.669E-07  1.409E+00  8.674E-04
   33   1    nobuffer  Earth         1.00    100.00    737.82   1110.33   1690.00  5.946E+02  5.410E+02  7.276E+00  1.910E+00  4.295E+01  7.319E-07  1.409E+00  8.908E-04
   34   1    nobuffer  Earth         1.00    100.00    737.82   1110.33   1680.00  5.946E+02  5.410E+02  7.294E+00  1.893E+00  4.297E+01  8.042E-07  1.409E+00  9.150E-04
   35   1    nobuffer  Earth         1.00    100.00    737.82   1110.33   1670.00  5.946E+02  5.410E+02  7.311E+00  1.875E+00  4.298E+01  8.845E-07  1.409E+00  9.402E-04
   36   1    nobuffer  Earth         1.00    100.00    737.82   1110.33   1660.00  5.946E+02  5.410E+02  7.329E+00  1.857E+00  4.300E+01  9.738E-07  1.409E+00  9.664E-04
   37   1    nobuffer  Earth         1.00    100.00    737.82   1110.33   1650.00  5.946E+02  5.409E+02  7.347E+00  1.839E+00  4.302E+01  1.073E-06  1.409E+00  9.935E-04
   38   1    nobuffer  Earth         1.00    100.00    737.82   1110.33   1640.00  5.946E+02  5.409E+02  7.365E+00  1.822E+00  4.304E+01  1.184E-06  1.409E+00  1.022E-03
   39   1    nobuffer  Earth         1.00    100.00    737.82   1110.33   1630.00  5.946E+02  5.409E+02  7.383E+00  1.804E+00  4.306E+01  1.308E-06  1.409E+00  1.051E-03
   40   1    nobuffer  Earth         1.00    100.00    737.82   1110.33   1620.00  5.946E+02  5.409E+02  7.401E+00  1.785E+00  4.307E+01  1.447E-06  1.409E+00  1.082E-03
   41   1    nobuffer  Earth         1.00    100.00    737.82   1110.33   1610.00  5.946E+02  5.409E+02  7.419E+00  1.767E+00  4.309E+01  1.602E-06  1.409E+00  1.114E-03
   42   1    nobuffer  Earth         1.00    100.00    737.82   1110.33   1600.00  5.946E+02  5.408E+02  7.438E+00  1.749E+00  4.311E+01  1.775E-06  1.409E+00  1.147E-03
   43   1    nobuffer  Earth         1.00    100.00    737.82   1110.33   1590.00  5.946E+02  5.408E+02  7.456E+00  1.730E+00  4.313E+01  1.970E-06  1.409E+00  1.181E-03
   44   1    nobuffer  Earth         1.00    100.00    737.82   1110.33   1580.00  5.946E+02  5.408E+02  7.475E+00  1.711E+00  4.315E+01  2.189E-06  1.409E+00  1.217E-03
   45   1    nobuffer  Earth         1.00    100.00    737.82   1110.33   1570.00  5.946E+02  5.408E+02  7.494E+00  1.693E+00  4.317E+01  2.435E-06  1.409E+00  1.255E-03
   46   1    nobuffer  Earth         1.00    100.00    737.82   1110.33   1560.00  5.946E+02  5.408E+02  7.513E+00  1.674E+00  4.319E+01  2.712E-06  1.409E+00  1.294E-03
   47   1    nobuffer  Earth         1.00    100.00    737.82   1110.33   1550.00  5.946E+02  5.408E+02  7.532E+00  1.655E+00  4.321E+01  3.024E-06  1.409E+00  1.335E-03
   48   1    nobuffer  Earth         1.00    100.00    737.82   1110.33   1540.00  5.946E+02  5.407E+02  7.551E+00  1.635E+00  4.322E+01  3.377E-06  1.409E+00  1.378E-03
   49   1    nobuffer  Earth         1.00    100.00    737.82   1110.33   1530.00  5.946E+02  5.407E+02  7.570E+00  1.616E+00  4.324E+01  3.776E-06  1.409E+00  1.422E-03
   50   1    nobuffer  Earth         1.00    100.00    737.82   1110.33   1520.00  5.946E+02  5.407E+02  7.589E+00  1.597E+00  4.326E+01  4.227E-06  1.409E+00  1.469E-03
   51   1    nobuffer  Earth         1.00    100.00    737.82   1110.33   1510.00  5.946E+02  5.407E+02  7.609E+00  1.577E+00  4.328E+01  4.739E-06  1.409E+00  1.518E-03
   52   1    nobuffer  Earth         1.00    100.00    737.82   1110.33   1500.00  5.946E+02  5.407E+02  7.629E+00  1.558E+00  4.330E+01  5.320E-06  1.409E+00  1.568E-03
   53   1    nobuffer  Earth         1.00    100.00    737.82   1110.33   1490.00  5.946E+02  5.406E+02  7.648E+00  1.538E+00  4.332E+01  5.982E-06  1.409E+00  1.622E-03
   54   1    nobuffer  Earth         1.00    100.00    737.82   1110.33   1480.00  5.946E+02  5.406E+02  7.668E+00  1.518E+00  4.334E+01  6.734E-06  1.409E+00  1.678E-03
   55   1    nobuffer  Earth         1.00    100.00    737.82   1110.33   1470.00  5.946E+02  5.406E+02  7.688E+00  1.498E+00  4.336E+01  7.593E-06  1.409E+00  1.736E-03
   56   1    nobuffer  Earth         1.00    100.00    737.82   1110.33   1460.00  5.946E+02  5.406E+02  7.708E+00  1.478E+00  4.338E+01  8.574E-06  1.409E+00  1.797E-03
   57   1    nobuffer  Earth         1.00    100.00    737.82   1110.33   1450.00  5.946E+02  5.406E+02  7.728E+00  1.458E+00  4.340E+01  9.696E-06  1.409E+00  1.861E-03
   58   1    nobuffer  Earth         1.00    100.00    737.82   1110.33   1440.00  5.946E+02  5.405E+02  7.749E+00  1.438E+00  4.342E+01  1.098E-05  1.409E+00  1.929E-03
   59   1    nobuffer  Earth         1.00    100.00    737.82   1110.33   1430.00  5.946E+02  5.405E+02  7.769E+00  1.417E+00  4.344E+01  1.246E-05  1.409E+00  1.999E-03
   60   1    nobuffer  Earth         1.00    100.00    737.82   1110.33   1420.00  5.946E+02  5.405E+02  7.790E+00  1.397E+00  4.346E+01  1.416E-05  1.409E+00  2.074E-03
   61   1    nobuffer  Earth         1.00    100.00    737.82   1110.33   1410.00  5.946E+02  5.405E+02  7.810E+00  1.376E+00  4.348E+01  1.611E-05  1.409E+00  2.152E-03
   62   1    nobuffer  Earth         1.00    100.00    737.82   1110.33   1400.00  5.946E+02  5.405E+02  7.831E+00  1.355E+00  4.350E+01  1.837E-05  1.409E+00  2.234E-03
   63   1    nobuffer  Earth         1.00    100.00    737.82   1110.33   1390.00  5.946E+02  5.404E+02  7.852E+00  1.335E+00  4.352E+01  2.098E-05  1.409E+00  2.320E-03
   64   1    nobuffer  Earth         1.00    100.00    737.82   1110.33   1380.00  5.946E+02  5.404E+02  7.872E+00  1.314E+00  4.355E+01  2.400E-05  1.409E+00  2.411E-03
   65   1    nobuffer  Earth         1.00    100.00    737.82   1110.33   1370.00  5.946E+02  5.404E+02  7.893E+00  1.293E+00  4.357E+01  2.750E-05  1.409E+00  2.506E-03
   66   1    nobuffer  Earth         1.00    100.00    737.82   1110.33   1360.00  5.946E+02  5.404E+02  7.914E+00  1.272E+00  4.359E+01  3.157E-05  1.409E+00  2.607E-03
   67   1    nobuffer  Earth         1.00    100.00    737.82   1110.33   1350.00  5.946E+02  5.403E+02  7.935E+00  1.251E+00  4.361E+01  3.631E-05  1.409E+00  2.713E-03
   68   1    nobuffer  Earth         1.00    100.00    737.82   1110.33   1340.00  5.946E+02  5.403E+02  7.957E+00  1.229E+00  4.363E+01  4.184E-05  1.408E+00  2.825E-03
   69   1    nobuffer  Earth         1.00    100.00    737.82   1110.33   1330.00  5.946E+02  5.403E+02  7.978E+00  1.208E+00  4.365E+01  4.830E-05  1.408E+00  2.944E-03
   70   1    nobuffer  Earth         1.00    100.00    737.82   1110.33   1320.00  5.946E+02  5.403E+02  7.999E+00  1.187E+00  4.367E+01  5.588E-05  1.408E+00  3.069E-03
   71   1    nobuffer  Earth         1.00    100.00    737.82   1110.33   1310.00  5.946E+02  5.403E+02  8.021E+00  1.166E+00  4.369E+01  6.477E-05  1.408E+00  3.201E-03
   72   1    nobuffer  Earth         1.00    100.00    737.82   1110.33   1300.00  5.946E+02  5.402E+02  8.042E+00  1.144E+00  4.372E+01  7.523E-05  1.408E+00  3.341E-03
   73   1    nobuffer  Earth         1.00    100.00    737.82   1110.33   1290.00  5.946E+02  5.402E+02  8.063E+00  1.123E+00  4.374E+01  8.755E-05  1.408E+00  3.489E-03
   74   1    nobuffer  Earth         1.00    100.00    737.82   1110.33   1280.00  5.946E+02  5.402E+02  8.085E+00  1.101E+00  4.376E+01  1.021E-04  1.408E+00  3.646E-03
   75   1    nobuffer  Earth         1.00    100.00    737.82   1110.33   1270.00  5.946E+02  5.402E+02  8.106E+00  1.079E+00  4.378E+01  1.194E-04  1.408E+00  3.812E-03
   76   1    nobuffer  Earth         1.00    100.00    737.82   1110.33   1260.00  5.946E+02  5.402E+02  8.128E+00  1.058E+00  4.380E+01  1.398E-04  1.408E+00  3.988E-03
   77   1    nobuffer  Earth         1.00    100.00    737.82   1110.33   1250.00  5.946E+02  5.401E+02  8.150E+00  1.036E+00  4.382E+01  1.642E-04  1.408E+00  4.175E-03
   78   1    nobuffer  Earth         1.00    100.00    737.82   1110.33   1240.00  5.946E+02  5.401E+02  8.171E+00  1.014E+00  4.385E+01  1.932E-04  1.408E+00  4.374E-03
   79   1    nobuffer  Earth         1.00    100.00    737.82   1110.33   1230.00  5.946E+02  5.401E+02  8.193E+00  9.927E-01  4.387E+01  2.279E-04  1.408E+00  4.586E-03
   80   1    nobuffer  Earth         1.00    100.00    737.82   1110.33   1220.00  5.946E+02  5.401E+02  8.214E+00  9.710E-01  4.389E+01  2.695E-04  1.407E+00  4.811E-03
   81   1    nobuffer  Earth         1.00    100.00    737.82   1110.33   1210.00  5.946E+02  5.400E+02  8.236E+00  9.493E-01  4.391E+01  3.195E-04  1.407E+00  5.050E-03
   82   1    nobuffer  Earth         1.00    100.00    737.82   1110.33   1200.00  5.946E+02  5.400E+02  8.257E+00  9.275E-01  4.393E+01  3.797E-04  1.407E+00  5.306E-03
   83   1    nobuffer  Earth         1.00    100.00    737.82   1110.33   1190.00  5.946E+02  5.400E+02  8.279E+00  9.058E-01  4.395E+01  4.524E-04  1.407E+00  5.578E-03
   84   1    nobuffer  Earth         1.00    100.00    737.82   1110.33   1180.00  5.946E+02  5.400E+02  8.300E+00  8.841E-01  4.398E+01  5.404E-04  1.407E+00  5.869E-03
   85   1    nobuffer  Earth         1.00    100.00    737.82   1110.33   1170.00  5.946E+02  5.400E+02  8.321E+00  8.624E-01  4.400E+01  6.474E-04  1.407E+00  6.180E-03
   86   1    nobuffer  Earth         1.00    100.00    737.82   1110.33   1160.00  5.946E+02  5.399E+02  8.342E+00  8.408E-01  4.402E+01  7.776E-04  1.407E+00  6.513E-03
   87   1    nobuffer  Earth         1.00    100.00    737.82   1110.33   1150.00  5.946E+02  5.399E+02  8.363E+00  8.192E-01  4.404E+01  9.366E-04  1.406E+00  6.868E-03
   88   1    nobuffer  Earth         1.00    100.00    737.82   1110.33   1140.00  5.946E+02  5.399E+02  8.384E+00  7.976E-01  4.406E+01  1.131E-03  1.406E+00  7.250E-03
   89   1    nobuffer  Earth         1.00    100.00    737.82   1110.33   1130.00  5.946E+02  5.399E+02  8.405E+00  7.761E-01  4.408E+01  1.371E-03  1.406E+00  7.659E-03
   90   1    nobuffer  Earth         1.00    100.00    737.82   1110.33   1120.00  5.946E+02  5.399E+02  8.425E+00  7.546E-01  4.410E+01  1.665E-03  1.406E+00  8.097E-03
   91   1    nobuffer  Earth         1.00    100.00    737.82   1110.33   1110.00  5.946E+02  5.398E+02  8.445E+00  7.332E-01  4.412E+01  2.030E-03  1.406E+00  8.569E-03
   92   1    nobuffer  Earth         1.00    100.00    737.82   1110.33   1100.00  5.946E+02  5.398E+02  8.465E+00  7.119E-01  4.415E+01  2.481E-03  1.405E+00  9.076E-03
   93   1    nobuffer  Earth         1.00    100.00    737.82   1110.33   1090.00  5.946E+02  5.398E+02  8.484E+00  6.906E-01  4.417E+01  3.043E-03  1.405E+00  9.621E-03
   94   1    nobuffer  Earth         1.00    100.00    737.82   1110.33   1080.00  5.946E+02  5.398E+02  8.502E+00  6.695E-01  4.419E+01  3.744E-03  1.405E+00  1.021E-02
   95   1    nobuffer  Earth         1.00    100.00    737.82   1110.33   1070.00  5.946E+02  5.398E+02  8.520E+00  6.484E-01  4.421E+01  4.620E-03  1.404E+00  1.084E-02
   96   1    nobuffer  Earth         1.00    100.00    737.82   1110.33   1060.00  5.946E+02  5.397E+02  8.536E+00  6.274E-01  4.423E+01  5.720E-03  1.404E+00  1.152E-02
   97   1    nobuffer  Earth         1.00    100.00    737.82   1110.33   1050.00  5.946E+02  5.397E+02  8.552E+00  6.065E-01  4.425E+01  7.104E-03  1.404E+00  1.226E-02
   98   1    nobuffer  Earth         1.00    100.00    737.82   1110.33   1040.00  5.946E+02  5.397E+02  8.565E+00  5.857E-01  4.427E+01  8.851E-03  1.403E+00  1.305E-02
   99   1    nobuffer  Earth         1.00    100.00    737.82   1110.33   1030.00  5.946E+02  5.397E+02  8.577E+00  5.650E-01  4.429E+01  1.106E-02  1.403E+00  1.391E-02
  100   1    nobuffer  Earth         1.00    100.00    737.82   1110.33   1020.00  5.946E+02  5.397E+02  8.587E+00  5.443E-01  4.430E+01  1.386E-02  1.403E+00  1.483E-02
  101   1    nobuffer  Earth         1.00    100.00    737.82   1110.33   1010.00  5.946E+02  5.397E+02  8.593E+00  5.238E-01  4.432E+01  1.742E-02  1.402E+00  1.583E-02
  102   1    nobuffer  Earth         1.00    100.00    737.82   1110.33   1000.00  5.946E+02  5.397E+02  8.596E+00  5.033E-01  4.434E+01  2.195E-02  1.402E+00  1.691E-02
  103   1    nobuffer  Earth         1.00    100.00    737.82   1110.33    990.00  5.946E+02  5.397E+02  8.594E+00  4.828E-01  4.435E+01  2.772E-02  1.401E+00  1.806E-02
  104   1    nobuffer  Earth         1.00    100.00    737.82   1110.33    980.00  5.946E+02  5.397E+02  8.585E+00  4.623E-01  4.437E+01  3.506E-02  1.400E+00  1.930E-02
  105   1    nobuffer  Earth         1.00    100.00    737.82   1110.33    970.00  5.946E+02  5.397E+02  8.568E+00  4.418E-01  4.438E+01  4.438E-02  1.400E+00  2.062E-02
  106   1    nobuffer  Earth         1.00    100.00    737.82   1110.33    960.00  5.946E+02  5.397E+02  8.542E+00  4.212E-01  4.439E+01  5.619E-02  1.399E+00  2.203E-02
  107   1    nobuffer  Earth         1.00    100.00    737.82   1110.33    950.00  5.946E+02  5.398E+02  8.504E+00  4.005E-01  4.440E+01  7.109E-02  1.398E+00  2.352E-02
  108   1    nobuffer  Earth         1.00    100.00    737.82   1110.33    940.00  5.946E+02  5.398E+02  8.450E+00  3.796E-01  4.440E+01  8.976E-02  1.398E+00  2.508E-02
  109   1    nobuffer  Earth         1.00    100.00    737.82   1110.33    930.00  5.946E+02  5.399E+02  8.380E+00  3.586E-01  4.441E+01  1.129E-01  1.397E+00  2.670E-02
  110   1    nobuffer  Earth         1.00    100.00    737.82   1110.33    920.00  5.946E+02  5.400E+02  8.288E+00  3.374E-01  4.440E+01  1.414E-01  1.396E+00  2.837E-02
  111   1    nobuffer  Earth         1.00    100.00    737.82   1110.33    910.00  5.946E+02  5.401E+02  8.172E+00  3.160E-01  4.439E+01  1.759E-01  1.396E+00  3.005E-02
  112   1    nobuffer  Earth         1.00    100.00    737.82   1110.33    900.00  5.946E+02  5.402E+02  8.031E+00  2.945E-01  4.438E+01  2.170E-01  1.395E+00  3.172E-02
  113   1    nobuffer  Earth         1.00    100.00    737.82   1110.33    890.00  5.946E+02  5.404E+02  7.861E+00  2.730E-01  4.436E+01  2.651E-01  1.394E+00  3.336E-02
  114   1    nobuffer  Earth         1.00    100.00    737.82   1110.33    880.00  5.946E+02  5.406E+02  7.663E+00  2.515E-01  4.434E+01  3.204E-01  1.394E+00  3.492E-02
  115   1    nobuffer  Earth         1.00    100.00    737.82   1110.33    870.00  5.946E+02  5.408E+02  7.437E+00  2.303E-01  4.430E+01  3.828E-01  1.394E+00  3.639E-02
  116   1    nobuffer  Earth         1.00    100.00    737.82   1110.33    860.00  5.946E+02  5.410E+02  7.183E+00  2.095E-01  4.427E+01  4.518E-01  1.393E+00  3.773E-02
  117   1    nobuffer  Earth         1.00    100.00    737.82   1110.33    850.00  5.946E+02  5.413E+02  6.906E+00  1.894E-01  4.422E+01  5.268E-01  1.393E+00  3.892E-02
  118   1    nobuffer  Earth         1.00    100.00    737.82   1110.33    840.00  5.946E+02  5.416E+02  6.608E+00  1.700E-01  4.417E+01  6.068E-01  1.393E+00  3.996E-02
  119   1    nobuffer  Earth         1.00    100.00    737.82   1110.33    830.00  5.946E+02  5.419E+02  6.293E+00  1.516E-01  4.412E+01  6.908E-01  1.393E+00  4.082E-02
  120   1    nobuffer  Earth         1.00    100.00    737.82   1110.33    820.00  5.946E+02  5.422E+02  5.965E+00  1.343E-01  4.407E+01  7.778E-01  1.393E+00  4.151E-02
  121   1    nobuffer  Earth         1.00    100.00    737.82   1110.33    810.00  5.946E+02  5.425E+02  5.629E+00  1.182E-01  4.401E+01  8.666E-01  1.393E+00  4.203E-02
  122   1    nobuffer  Earth         1.00    100.00    737.82   1110.33    800.00  5.946E+02  5.429E+02  5.288E+00  1.033E-01  4.394E+01  9.563E-01  1.393E+00  4.238E-02
  123   1    nobuffer  Earth         1.00    100.00    737.82   1110.33    790.00  5.946E+02  5.432E+02  4.946E+00  8.971E-02  4.388E+01  1.046E+00  1.394E+00  4.256E-02
  124   1    nobuffer  Earth         1.00    100.00    737.82   1110.33    780.00  5.946E+02  5.435E+02  4.606E+00  7.740E-02  4.382E+01  1.134E+00  1.394E+00  4.259E-02
  125   1    nobuffer  Earth         1.00    100.00    737.82   1110.33    770.00  5.946E+02  5.438E+02  4.272E+00  6.635E-02  4.376E+01  1.221E+00  1.394E+00  4.247E-02
  126   1    nobuffer  Earth         1.00    100.00    737.82   1110.33    760.00  5.946E+02  5.441E+02  3.947E+00  5.649E-02  4.369E+01  1.306E+00  1.395E+00  4.222E-02
  127   1    nobuffer  Earth         1.00    100.00    737.82   1110.33    750.00  5.946E+02  5.444E+02  3.631E+00  4.779E-02  4.363E+01  1.388E+00  1.396E+00  4.184E-02
  128   1    nobuffer  Earth         1.00    100.00    737.82   1110.33    740.00  5.946E+02  5.447E+02  3.327E+00  4.015E-02  4.358E+01  1.466E+00  1.396E+00  4.135E-02
  129   1    nobuffer  Earth         1.00    100.00    737.82   1110.33    730.00  5.946E+02  5.450E+02  3.037E+00  3.351E-02  4.352E+01  1.541E+00  1.397E+00  4.076E-02
  130   1    nobuffer  Earth         1.00    100.00    737.82   1110.33    720.00  5.946E+02  5.453E+02  2.761E+00  2.777E-02  4.346E+01  1.612E+00  1.397E+00  4.007E-02
  131   1    nobuffer  Earth         1.00    100.00    737.82   1110.33    710.00  5.946E+02  5.455E+02  2.500E+00  2.285E-02  4.341E+01  1.679E+00  1.398E+00  3.930E-02
  132   1    nobuffer  Earth         1.00    100.00    737.82   1110.33    700.00  5.946E+02  5.458E+02  2.255E+00  1.867E-02  4.336E+01  1.742E+00  1.399E+00  3.846E-02
  133   1    nobuffer  Earth         1.00    100.00    737.82   1110.33    690.00  5.946E+02  5.460E+02  2.026E+00  1.514E-02  4.332E+01  1.800E+00  1.400E+00  3.755E-02
  134   1    nobuffer  Earth         1.00    100.00    737.82   1110.33    680.00  5.946E+02  5.462E+02  1.812E+00  1.218E-02  4.327E+01  1.855E+00  1.400E+00  3.659E-02
  135   1    nobuffer  Earth         1.00    100.00    737.82   1110.33    670.00  5.946E+02  5.464E+02  1.615E+00  9.723E-03  4.323E+01  1.905E+00  1.401E+00  3.558E-02
  136   1    nobuffer  Earth         1.00    100.00    737.82   1110.33    660.00  5.946E+02  5.466E+02  1.433E+00  7.697E-03  4.320E+01  1.952E+00  1.402E+00  3.453E-02
  137   1    nobuffer  Earth         1.00    100.00    737.82   1110.33    650.00  5.946E+02  5.467E+02  1.266E+00  6.041E-03  4.316E+01  1.994E+00  1.403E+00  3.345E-02
