 planet=Earth        Mplanet=  1.00   buffer=nobuffer pCO2=   100.000 pH2O=   500.000 minpH2O=    10.000 pN2=     2.000 pCO=     0.000

                         M_i    N_O   buffer   planet           PCO2     T_q(CH4)  T_q(NH3)             H2O        H2         CO         CO2        CH4        N2         NH3     
 quenched columns     1.58E+25   1   nobuffer  Earth            100.00    767.93   1126.33            1.405E+04  9.610E+03  1.914E-03  1.466E-02  2.314E+03  5.988E+01  2.572E+01
 quenched pressures   1.58E+25   1   nobuffer  Earth            100.00    767.93   1126.33            1.650E+02  1.129E+02  2.248E-05  1.722E-04  2.718E+01  6.902E-01  2.964E-01
 dry pressures        1.58E+25   1   nobuffer  Earth            100.00    767.93   1126.33            0.000E+00  4.586E+01  9.132E-06  6.996E-05  1.104E+01  2.858E-01  1.227E-01

   i   N_O   buffer    planet       Mplanet   PCO2    T_q(CH4)  T_q(NH3)   T[K]    P[bars]      H2O        H2         CO         CO2        CH4        N2         NH3     
    1   1    nobuffer  Earth         1.00    100.00    767.99   1126.34   2010.00  3.056E+02  1.139E+02  1.678E+02  2.002E+01  3.006E+00  3.420E-02  7.060E-01  3.749E-02
    2   1    nobuffer  Earth         1.00    100.00    767.99   1126.34   2000.00  3.056E+02  1.139E+02  1.679E+02  2.000E+01  3.026E+00  3.658E-02  7.057E-01  3.811E-02
    3   1    nobuffer  Earth         1.00    100.00    767.99   1126.34   1990.00  3.056E+02  1.139E+02  1.679E+02  1.997E+01  3.047E+00  3.915E-02  7.054E-01  3.875E-02
    4   1    nobuffer  Earth         1.00    100.00    767.99   1126.34   1980.00  3.056E+02  1.139E+02  1.679E+02  1.995E+01  3.068E+00  4.192E-02  7.051E-01  3.940E-02
    5   1    nobuffer  Earth         1.00    100.00    767.99   1126.34   1970.00  3.056E+02  1.139E+02  1.679E+02  1.993E+01  3.089E+00  4.492E-02  7.048E-01  4.007E-02
    6   1    nobuffer  Earth         1.00    100.00    767.99   1126.34   1960.00  3.056E+02  1.139E+02  1.679E+02  1.990E+01  3.111E+00  4.818E-02  7.044E-01  4.075E-02
    7   1    nobuffer  Earth         1.00    100.00    767.99   1126.34   1950.00  3.056E+02  1.138E+02  1.679E+02  1.988E+01  3.133E+00  5.170E-02  7.041E-01  4.146E-02
    8   1    nobuffer  Earth         1.00    100.00    767.99   1126.34   1940.00  3.056E+02  1.138E+02  1.679E+02  1.985E+01  3.155E+00  5.551E-02  7.038E-01  4.218E-02
    9   1    nobuffer  Earth         1.00    100.00    767.99   1126.34   1930.00  3.056E+02  1.138E+02  1.680E+02  1.983E+01  3.178E+00  5.966E-02  7.034E-01  4.293E-02
   10   1    nobuffer  Earth         1.00    100.00    767.99   1126.34   1920.00  3.056E+02  1.138E+02  1.680E+02  1.980E+01  3.201E+00  6.415E-02  7.030E-01  4.370E-02
   11   1    nobuffer  Earth         1.00    100.00    767.99   1126.34   1910.00  3.056E+02  1.138E+02  1.680E+02  1.977E+01  3.225E+00  6.904E-02  7.027E-01  4.448E-02
   12   1    nobuffer  Earth         1.00    100.00    767.99   1126.34   1900.00  3.056E+02  1.138E+02  1.680E+02  1.974E+01  3.249E+00  7.435E-02  7.023E-01  4.529E-02
   13   1    nobuffer  Earth         1.00    100.00    767.99   1126.34   1890.00  3.056E+02  1.138E+02  1.680E+02  1.971E+01  3.273E+00  8.013E-02  7.019E-01  4.613E-02
   14   1    nobuffer  Earth         1.00    100.00    767.99   1126.34   1880.00  3.056E+02  1.137E+02  1.680E+02  1.968E+01  3.298E+00  8.642E-02  7.015E-01  4.699E-02
   15   1    nobuffer  Earth         1.00    100.00    767.99   1126.34   1870.00  3.056E+02  1.137E+02  1.680E+02  1.965E+01  3.323E+00  9.328E-02  7.011E-01  4.787E-02
   16   1    nobuffer  Earth         1.00    100.00    767.99   1126.34   1860.00  3.056E+02  1.137E+02  1.681E+02  1.962E+01  3.349E+00  1.008E-01  7.007E-01  4.878E-02
   17   1    nobuffer  Earth         1.00    100.00    767.99   1126.34   1850.00  3.056E+02  1.137E+02  1.681E+02  1.959E+01  3.375E+00  1.089E-01  7.003E-01  4.971E-02
   18   1    nobuffer  Earth         1.00    100.00    767.99   1126.34   1840.00  3.056E+02  1.137E+02  1.681E+02  1.955E+01  3.401E+00  1.178E-01  6.998E-01  5.067E-02
   19   1    nobuffer  Earth         1.00    100.00    767.99   1126.34   1830.00  3.056E+02  1.137E+02  1.681E+02  1.952E+01  3.429E+00  1.276E-01  6.994E-01  5.166E-02
   20   1    nobuffer  Earth         1.00    100.00    767.99   1126.34   1820.00  3.056E+02  1.137E+02  1.681E+02  1.948E+01  3.456E+00  1.382E-01  6.989E-01  5.268E-02
   21   1    nobuffer  Earth         1.00    100.00    767.99   1126.34   1810.00  3.056E+02  1.137E+02  1.681E+02  1.944E+01  3.484E+00  1.499E-01  6.984E-01  5.373E-02
   22   1    nobuffer  Earth         1.00    100.00    767.99   1126.34   1800.00  3.056E+02  1.137E+02  1.681E+02  1.940E+01  3.513E+00  1.627E-01  6.980E-01  5.482E-02
   23   1    nobuffer  Earth         1.00    100.00    767.99   1126.34   1790.00  3.056E+02  1.137E+02  1.681E+02  1.936E+01  3.542E+00  1.767E-01  6.975E-01  5.593E-02
   24   1    nobuffer  Earth         1.00    100.00    767.99   1126.34   1780.00  3.056E+02  1.137E+02  1.681E+02  1.932E+01  3.571E+00  1.921E-01  6.970E-01  5.709E-02
   25   1    nobuffer  Earth         1.00    100.00    767.99   1126.34   1770.00  3.056E+02  1.137E+02  1.681E+02  1.928E+01  3.601E+00  2.090E-01  6.964E-01  5.827E-02
   26   1    nobuffer  Earth         1.00    100.00    767.99   1126.34   1760.00  3.056E+02  1.137E+02  1.681E+02  1.923E+01  3.632E+00  2.275E-01  6.959E-01  5.950E-02
   27   1    nobuffer  Earth         1.00    100.00    767.99   1126.34   1750.00  3.056E+02  1.137E+02  1.681E+02  1.918E+01  3.663E+00  2.479E-01  6.954E-01  6.076E-02
   28   1    nobuffer  Earth         1.00    100.00    767.99   1126.34   1740.00  3.056E+02  1.137E+02  1.681E+02  1.913E+01  3.694E+00  2.704E-01  6.949E-01  6.206E-02
   29   1    nobuffer  Earth         1.00    100.00    767.99   1126.34   1730.00  3.056E+02  1.137E+02  1.681E+02  1.908E+01  3.726E+00  2.951E-01  6.943E-01  6.340E-02
   30   1    nobuffer  Earth         1.00    100.00    767.99   1126.34   1720.00  3.056E+02  1.137E+02  1.680E+02  1.902E+01  3.759E+00  3.224E-01  6.937E-01  6.479E-02
   31   1    nobuffer  Earth         1.00    100.00    767.99   1126.34   1710.00  3.056E+02  1.137E+02  1.680E+02  1.896E+01  3.792E+00  3.524E-01  6.932E-01  6.622E-02
   32   1    nobuffer  Earth         1.00    100.00    767.99   1126.34   1700.00  3.056E+02  1.137E+02  1.680E+02  1.890E+01  3.825E+00  3.855E-01  6.926E-01  6.769E-02
   33   1    nobuffer  Earth         1.00    100.00    767.99   1126.34   1690.00  3.056E+02  1.138E+02  1.680E+02  1.884E+01  3.859E+00  4.221E-01  6.920E-01  6.921E-02
   34   1    nobuffer  Earth         1.00    100.00    767.99   1126.34   1680.00  3.056E+02  1.138E+02  1.679E+02  1.877E+01  3.894E+00  4.625E-01  6.914E-01  7.078E-02
   35   1    nobuffer  Earth         1.00    100.00    767.99   1126.34   1670.00  3.056E+02  1.139E+02  1.679E+02  1.870E+01  3.929E+00  5.071E-01  6.908E-01  7.241E-02
   36   1    nobuffer  Earth         1.00    100.00    767.99   1126.34   1660.00  3.056E+02  1.139E+02  1.678E+02  1.862E+01  3.965E+00  5.563E-01  6.902E-01  7.408E-02
   37   1    nobuffer  Earth         1.00    100.00    767.99   1126.34   1650.00  3.056E+02  1.140E+02  1.677E+02  1.854E+01  4.001E+00  6.108E-01  6.896E-01  7.581E-02
   38   1    nobuffer  Earth         1.00    100.00    767.99   1126.34   1640.00  3.056E+02  1.140E+02  1.677E+02  1.845E+01  4.037E+00  6.711E-01  6.890E-01  7.759E-02
   39   1    nobuffer  Earth         1.00    100.00    767.99   1126.34   1630.00  3.056E+02  1.141E+02  1.676E+02  1.836E+01  4.074E+00  7.377E-01  6.884E-01  7.943E-02
   40   1    nobuffer  Earth         1.00    100.00    767.99   1126.34   1620.00  3.056E+02  1.142E+02  1.675E+02  1.826E+01  4.111E+00  8.114E-01  6.878E-01  8.133E-02
   41   1    nobuffer  Earth         1.00    100.00    767.99   1126.34   1610.00  3.056E+02  1.143E+02  1.673E+02  1.815E+01  4.148E+00  8.929E-01  6.872E-01  8.329E-02
   42   1    nobuffer  Earth         1.00    100.00    767.99   1126.34   1600.00  3.056E+02  1.144E+02  1.672E+02  1.804E+01  4.185E+00  9.830E-01  6.866E-01  8.531E-02
   43   1    nobuffer  Earth         1.00    100.00    767.99   1126.34   1590.00  3.056E+02  1.146E+02  1.670E+02  1.791E+01  4.223E+00  1.083E+00  6.860E-01  8.740E-02
   44   1    nobuffer  Earth         1.00    100.00    767.99   1126.34   1580.00  3.056E+02  1.147E+02  1.669E+02  1.778E+01  4.261E+00  1.193E+00  6.855E-01  8.955E-02
   45   1    nobuffer  Earth         1.00    100.00    767.99   1126.34   1570.00  3.056E+02  1.149E+02  1.667E+02  1.764E+01  4.298E+00  1.314E+00  6.850E-01  9.177E-02
   46   1    nobuffer  Earth         1.00    100.00    767.99   1126.34   1560.00  3.056E+02  1.151E+02  1.665E+02  1.749E+01  4.336E+00  1.448E+00  6.845E-01  9.406E-02
   47   1    nobuffer  Earth         1.00    100.00    767.99   1126.34   1550.00  3.056E+02  1.153E+02  1.662E+02  1.733E+01  4.373E+00  1.596E+00  6.840E-01  9.642E-02
   48   1    nobuffer  Earth         1.00    100.00    767.99   1126.34   1540.00  3.056E+02  1.156E+02  1.659E+02  1.715E+01  4.410E+00  1.758E+00  6.835E-01  9.884E-02
   49   1    nobuffer  Earth         1.00    100.00    767.99   1126.34   1530.00  3.056E+02  1.159E+02  1.656E+02  1.697E+01  4.446E+00  1.937E+00  6.831E-01  1.013E-01
   50   1    nobuffer  Earth         1.00    100.00    767.99   1126.34   1520.00  3.056E+02  1.162E+02  1.653E+02  1.676E+01  4.481E+00  2.133E+00  6.828E-01  1.039E-01
   51   1    nobuffer  Earth         1.00    100.00    767.99   1126.34   1510.00  3.056E+02  1.165E+02  1.649E+02  1.655E+01  4.515E+00  2.348E+00  6.825E-01  1.066E-01
   52   1    nobuffer  Earth         1.00    100.00    767.99   1126.34   1500.00  3.056E+02  1.169E+02  1.645E+02  1.631E+01  4.548E+00  2.583E+00  6.822E-01  1.093E-01
   53   1    nobuffer  Earth         1.00    100.00    767.99   1126.34   1490.00  3.056E+02  1.173E+02  1.640E+02  1.607E+01  4.579E+00  2.840E+00  6.821E-01  1.121E-01
   54   1    nobuffer  Earth         1.00    100.00    767.99   1126.34   1480.00  3.056E+02  1.178E+02  1.635E+02  1.580E+01  4.609E+00  3.119E+00  6.820E-01  1.149E-01
   55   1    nobuffer  Earth         1.00    100.00    767.99   1126.34   1470.00  3.056E+02  1.183E+02  1.630E+02  1.551E+01  4.636E+00  3.422E+00  6.819E-01  1.179E-01
   56   1    nobuffer  Earth         1.00    100.00    767.99   1126.34   1460.00  3.056E+02  1.189E+02  1.624E+02  1.521E+01  4.660E+00  3.750E+00  6.820E-01  1.209E-01
   57   1    nobuffer  Earth         1.00    100.00    767.99   1126.34   1450.00  3.056E+02  1.195E+02  1.617E+02  1.489E+01  4.682E+00  4.104E+00  6.821E-01  1.239E-01
   58   1    nobuffer  Earth         1.00    100.00    767.99   1126.34   1440.00  3.056E+02  1.201E+02  1.610E+02  1.455E+01  4.700E+00  4.485E+00  6.824E-01  1.271E-01
   59   1    nobuffer  Earth         1.00    100.00    767.99   1126.34   1430.00  3.056E+02  1.208E+02  1.602E+02  1.419E+01  4.714E+00  4.894E+00  6.827E-01  1.303E-01
   60   1    nobuffer  Earth         1.00    100.00    767.99   1126.34   1420.00  3.056E+02  1.216E+02  1.594E+02  1.381E+01  4.723E+00  5.330E+00  6.831E-01  1.336E-01
   61   1    nobuffer  Earth         1.00    100.00    767.99   1126.34   1410.00  3.056E+02  1.224E+02  1.585E+02  1.341E+01  4.728E+00  5.794E+00  6.836E-01  1.370E-01
   62   1    nobuffer  Earth         1.00    100.00    767.99   1126.34   1400.00  3.056E+02  1.233E+02  1.576E+02  1.299E+01  4.727E+00  6.287E+00  6.842E-01  1.405E-01
   63   1    nobuffer  Earth         1.00    100.00    767.99   1126.34   1390.00  3.056E+02  1.242E+02  1.566E+02  1.256E+01  4.720E+00  6.807E+00  6.849E-01  1.440E-01
   64   1    nobuffer  Earth         1.00    100.00    767.99   1126.34   1380.00  3.056E+02  1.252E+02  1.555E+02  1.211E+01  4.706E+00  7.354E+00  6.857E-01  1.476E-01
   65   1    nobuffer  Earth         1.00    100.00    767.99   1126.34   1370.00  3.056E+02  1.262E+02  1.544E+02  1.164E+01  4.685E+00  7.928E+00  6.866E-01  1.513E-01
   66   1    nobuffer  Earth         1.00    100.00    767.99   1126.34   1360.00  3.056E+02  1.273E+02  1.532E+02  1.116E+01  4.655E+00  8.527E+00  6.876E-01  1.551E-01
   67   1    nobuffer  Earth         1.00    100.00    767.99   1126.34   1350.00  3.056E+02  1.284E+02  1.520E+02  1.067E+01  4.618E+00  9.150E+00  6.886E-01  1.590E-01
   68   1    nobuffer  Earth         1.00    100.00    767.99   1126.34   1340.00  3.056E+02  1.296E+02  1.507E+02  1.017E+01  4.571E+00  9.794E+00  6.897E-01  1.629E-01
   69   1    nobuffer  Earth         1.00    100.00    767.99   1126.34   1330.00  3.056E+02  1.308E+02  1.493E+02  9.661E+00  4.515E+00  1.046E+01  6.908E-01  1.670E-01
   70   1    nobuffer  Earth         1.00    100.00    767.99   1126.34   1320.00  3.056E+02  1.321E+02  1.480E+02  9.147E+00  4.449E+00  1.114E+01  6.920E-01  1.711E-01
   71   1    nobuffer  Earth         1.00    100.00    767.99   1126.34   1310.00  3.056E+02  1.334E+02  1.465E+02  8.630E+00  4.373E+00  1.184E+01  6.931E-01  1.754E-01
   72   1    nobuffer  Earth         1.00    100.00    767.99   1126.34   1300.00  3.056E+02  1.348E+02  1.451E+02  8.112E+00  4.286E+00  1.255E+01  6.943E-01  1.797E-01
   73   1    nobuffer  Earth         1.00    100.00    767.99   1126.34   1290.00  3.056E+02  1.361E+02  1.436E+02  7.597E+00  4.188E+00  1.328E+01  6.955E-01  1.843E-01
   74   1    nobuffer  Earth         1.00    100.00    767.99   1126.34   1280.00  3.056E+02  1.375E+02  1.421E+02  7.085E+00  4.079E+00  1.401E+01  6.967E-01  1.889E-01
   75   1    nobuffer  Earth         1.00    100.00    767.99   1126.34   1270.00  3.056E+02  1.390E+02  1.406E+02  6.580E+00  3.960E+00  1.474E+01  6.977E-01  1.937E-01
   76   1    nobuffer  Earth         1.00    100.00    767.99   1126.34   1260.00  3.056E+02  1.404E+02  1.390E+02  6.085E+00  3.829E+00  1.548E+01  6.987E-01  1.987E-01
   77   1    nobuffer  Earth         1.00    100.00    767.99   1126.34   1250.00  3.056E+02  1.418E+02  1.375E+02  5.601E+00  3.688E+00  1.622E+01  6.997E-01  2.039E-01
   78   1    nobuffer  Earth         1.00    100.00    767.99   1126.34   1240.00  3.056E+02  1.433E+02  1.359E+02  5.131E+00  3.537E+00  1.695E+01  7.004E-01  2.093E-01
   79   1    nobuffer  Earth         1.00    100.00    767.99   1126.34   1230.00  3.056E+02  1.447E+02  1.344E+02  4.677E+00  3.377E+00  1.767E+01  7.011E-01  2.149E-01
   80   1    nobuffer  Earth         1.00    100.00    767.99   1126.34   1220.00  3.056E+02  1.461E+02  1.328E+02  4.241E+00  3.208E+00  1.838E+01  7.015E-01  2.208E-01
   81   1    nobuffer  Earth         1.00    100.00    767.98   1126.34   1210.00  3.056E+02  1.476E+02  1.313E+02  3.824E+00  3.031E+00  1.908E+01  7.017E-01  2.270E-01
   82   1    nobuffer  Earth         1.00    100.00    767.98   1126.34   1200.00  3.056E+02  1.489E+02  1.298E+02  3.428E+00  2.849E+00  1.976E+01  7.017E-01  2.335E-01
   83   1    nobuffer  Earth         1.00    100.00    767.98   1126.34   1190.00  3.056E+02  1.503E+02  1.284E+02  3.055E+00  2.661E+00  2.042E+01  7.014E-01  2.404E-01
   84   1    nobuffer  Earth         1.00    100.00    767.98   1126.34   1180.00  3.056E+02  1.516E+02  1.269E+02  2.705E+00  2.470E+00  2.106E+01  7.007E-01  2.477E-01
   85   1    nobuffer  Earth         1.00    100.00    767.98   1126.34   1170.00  3.056E+02  1.529E+02  1.256E+02  2.380E+00  2.277E+00  2.167E+01  6.998E-01  2.555E-01
   86   1    nobuffer  Earth         1.00    100.00    767.98   1126.34   1160.00  3.056E+02  1.541E+02  1.243E+02  2.079E+00  2.085E+00  2.225E+01  6.984E-01  2.638E-01
   87   1    nobuffer  Earth         1.00    100.00    767.98   1126.34   1150.00  3.056E+02  1.553E+02  1.230E+02  1.803E+00  1.895E+00  2.280E+01  6.965E-01  2.726E-01
   88   1    nobuffer  Earth         1.00    100.00    767.98   1126.34   1140.00  3.056E+02  1.564E+02  1.219E+02  1.552E+00  1.708E+00  2.332E+01  6.942E-01  2.822E-01
   89   1    nobuffer  Earth         1.00    100.00    767.98   1126.34   1130.00  3.056E+02  1.574E+02  1.208E+02  1.325E+00  1.528E+00  2.380E+01  6.914E-01  2.924E-01
   90   1    nobuffer  Earth         1.00    100.00    767.98   1126.33   1120.00  3.056E+02  1.583E+02  1.197E+02  1.123E+00  1.355E+00  2.424E+01  6.880E-01  3.034E-01
   91   1    nobuffer  Earth         1.00    100.00    767.98   1126.33   1110.00  3.056E+02  1.592E+02  1.188E+02  9.438E-01  1.191E+00  2.464E+01  6.840E-01  3.153E-01
   92   1    nobuffer  Earth         1.00    100.00    767.98   1126.33   1100.00  3.056E+02  1.600E+02  1.179E+02  7.867E-01  1.038E+00  2.501E+01  6.793E-01  3.281E-01
   93   1    nobuffer  Earth         1.00    100.00    767.98   1126.33   1090.00  3.056E+02  1.607E+02  1.172E+02  6.503E-01  8.966E-01  2.534E+01  6.740E-01  3.419E-01
   94   1    nobuffer  Earth         1.00    100.00    767.98   1126.33   1080.00  3.056E+02  1.614E+02  1.165E+02  5.331E-01  7.678E-01  2.563E+01  6.679E-01  3.569E-01
   95   1    nobuffer  Earth         1.00    100.00    767.98   1126.33   1070.00  3.056E+02  1.619E+02  1.159E+02  4.333E-01  6.517E-01  2.588E+01  6.610E-01  3.730E-01
   96   1    nobuffer  Earth         1.00    100.00    767.98   1126.33   1060.00  3.056E+02  1.624E+02  1.154E+02  3.494E-01  5.485E-01  2.610E+01  6.534E-01  3.904E-01
   97   1    nobuffer  Earth         1.00    100.00    767.98   1126.33   1050.00  3.057E+02  1.629E+02  1.149E+02  2.794E-01  4.578E-01  2.629E+01  6.449E-01  4.091E-01
   98   1    nobuffer  Earth         1.00    100.00    767.98   1126.33   1040.00  3.057E+02  1.632E+02  1.145E+02  2.217E-01  3.790E-01  2.645E+01  6.356E-01  4.293E-01
   99   1    nobuffer  Earth         1.00    100.00    767.98   1126.33   1030.00  3.057E+02  1.635E+02  1.142E+02  1.745E-01  3.114E-01  2.659E+01  6.254E-01  4.510E-01
  100   1    nobuffer  Earth         1.00    100.00    767.98   1126.33   1020.00  3.057E+02  1.638E+02  1.139E+02  1.364E-01  2.539E-01  2.670E+01  6.143E-01  4.743E-01
  101   1    nobuffer  Earth         1.00    100.00    767.97   1126.33   1010.00  3.057E+02  1.640E+02  1.137E+02  1.058E-01  2.056E-01  2.680E+01  6.023E-01  4.992E-01
  102   1    nobuffer  Earth         1.00    100.00    767.97   1126.33   1000.00  3.057E+02  1.642E+02  1.135E+02  8.145E-02  1.653E-01  2.687E+01  5.894E-01  5.259E-01
  103   1    nobuffer  Earth         1.00    100.00    767.97   1126.33    990.00  3.057E+02  1.643E+02  1.134E+02  6.228E-02  1.321E-01  2.693E+01  5.755E-01  5.543E-01
  104   1    nobuffer  Earth         1.00    100.00    767.97   1126.33    980.00  3.057E+02  1.645E+02  1.132E+02  4.729E-02  1.048E-01  2.699E+01  5.605E-01  5.847E-01
  105   1    nobuffer  Earth         1.00    100.00    767.97   1126.33    970.00  3.057E+02  1.646E+02  1.131E+02  3.565E-02  8.270E-02  2.703E+01  5.446E-01  6.170E-01
  106   1    nobuffer  Earth         1.00    100.00    767.97   1126.33    960.00  3.057E+02  1.646E+02  1.131E+02  2.670E-02  6.484E-02  2.706E+01  5.276E-01  6.513E-01
  107   1    nobuffer  Earth         1.00    100.00    767.97   1126.33    950.00  3.057E+02  1.647E+02  1.130E+02  1.985E-02  5.053E-02  2.708E+01  5.096E-01  6.876E-01
  108   1    nobuffer  Earth         1.00    100.00    767.97   1126.33    940.00  3.057E+02  1.648E+02  1.130E+02  1.466E-02  3.915E-02  2.710E+01  4.906E-01  7.259E-01
  109   1    nobuffer  Earth         1.00    100.00    767.96   1126.33    930.00  3.057E+02  1.648E+02  1.129E+02  1.075E-02  3.015E-02  2.712E+01  4.705E-01  7.663E-01
  110   1    nobuffer  Earth         1.00    100.00    767.96   1126.32    920.00  3.058E+02  1.648E+02  1.129E+02  7.826E-03  2.308E-02  2.713E+01  4.494E-01  8.087E-01
  111   1    nobuffer  Earth         1.00    100.00    767.96   1126.32    910.00  3.058E+02  1.649E+02  1.129E+02  5.655E-03  1.756E-02  2.714E+01  4.273E-01  8.530E-01
  112   1    nobuffer  Earth         1.00    100.00    767.96   1126.32    900.00  3.058E+02  1.649E+02  1.129E+02  4.056E-03  1.327E-02  2.715E+01  4.043E-01  8.992E-01
  113   1    nobuffer  Earth         1.00    100.00    767.96   1126.32    890.00  3.058E+02  1.649E+02  1.129E+02  2.887E-03  9.973E-03  2.716E+01  3.804E-01  9.471E-01
  114   1    nobuffer  Earth         1.00    100.00    767.96   1126.32    880.00  3.058E+02  1.649E+02  1.129E+02  2.039E-03  7.445E-03  2.716E+01  3.558E-01  9.964E-01
  115   1    nobuffer  Earth         1.00    100.00    767.95   1126.32    870.00  3.058E+02  1.649E+02  1.129E+02  1.428E-03  5.522E-03  2.717E+01  3.306E-01  1.047E+00
  116   1    nobuffer  Earth         1.00    100.00    767.95   1126.32    860.00  3.058E+02  1.649E+02  1.129E+02  9.921E-04  4.067E-03  2.717E+01  3.050E-01  1.098E+00
  117   1    nobuffer  Earth         1.00    100.00    767.95   1126.32    850.00  3.058E+02  1.649E+02  1.129E+02  6.832E-04  2.975E-03  2.717E+01  2.791E-01  1.150E+00
  118   1    nobuffer  Earth         1.00    100.00    767.95   1126.32    840.00  3.059E+02  1.650E+02  1.129E+02  4.663E-04  2.161E-03  2.717E+01  2.533E-01  1.202E+00
  119   1    nobuffer  Earth         1.00    100.00    767.95   1126.32    830.00  3.059E+02  1.650E+02  1.129E+02  3.154E-04  1.558E-03  2.718E+01  2.278E-01  1.253E+00
  120   1    nobuffer  Earth         1.00    100.00    767.94   1126.31    820.00  3.059E+02  1.650E+02  1.129E+02  2.112E-04  1.114E-03  2.718E+01  2.029E-01  1.303E+00
  121   1    nobuffer  Earth         1.00    100.00    767.94   1126.31    810.00  3.059E+02  1.650E+02  1.129E+02  1.401E-04  7.910E-04  2.718E+01  1.788E-01  1.351E+00
  122   1    nobuffer  Earth         1.00    100.00    767.94   1126.31    800.00  3.059E+02  1.650E+02  1.129E+02  9.195E-05  5.569E-04  2.718E+01  1.559E-01  1.397E+00
  123   1    nobuffer  Earth         1.00    100.00    767.94   1126.31    790.00  3.059E+02  1.650E+02  1.129E+02  5.971E-05  3.887E-04  2.718E+01  1.344E-01  1.440E+00
  124   1    nobuffer  Earth         1.00    100.00    767.94   1126.31    780.00  3.059E+02  1.650E+02  1.129E+02  3.835E-05  2.690E-04  2.718E+01  1.146E-01  1.480E+00
  125   1    nobuffer  Earth         1.00    100.00    767.94   1126.31    770.00  3.059E+02  1.650E+02  1.129E+02  2.435E-05  1.844E-04  2.718E+01  9.651E-02  1.516E+00
  126   1    nobuffer  Earth         1.00    100.00    767.93   1126.31    760.00  3.059E+02  1.650E+02  1.129E+02  1.528E-05  1.253E-04  2.719E+01  8.034E-02  1.548E+00
  127   1    nobuffer  Earth         1.00    100.00    767.93   1126.31    750.00  3.059E+02  1.650E+02  1.129E+02  9.466E-06  8.426E-05  2.719E+01  6.609E-02  1.577E+00
  128   1    nobuffer  Earth         1.00    100.00    767.93   1126.31    740.00  3.060E+02  1.650E+02  1.129E+02  5.790E-06  5.610E-05  2.719E+01  5.374E-02  1.601E+00
  129   1    nobuffer  Earth         1.00    100.00    767.93   1126.31    730.00  3.060E+02  1.650E+02  1.129E+02  3.494E-06  3.696E-05  2.719E+01  4.320E-02  1.623E+00
  130   1    nobuffer  Earth         1.00    100.00    767.93   1126.31    720.00  3.060E+02  1.650E+02  1.129E+02  2.079E-06  2.408E-05  2.719E+01  3.434E-02  1.640E+00
  131   1    nobuffer  Earth         1.00    100.00    767.93   1126.31    710.00  3.060E+02  1.650E+02  1.129E+02  1.219E-06  1.552E-05  2.719E+01  2.700E-02  1.655E+00
  132   1    nobuffer  Earth         1.00    100.00    767.93   1126.31    700.00  3.060E+02  1.650E+02  1.129E+02  7.041E-07  9.877E-06  2.719E+01  2.100E-02  1.667E+00
  133   1    nobuffer  Earth         1.00    100.00    767.93   1126.31    690.00  3.060E+02  1.650E+02  1.129E+02  4.002E-07  6.211E-06  2.719E+01  1.616E-02  1.677E+00
  134   1    nobuffer  Earth         1.00    100.00    767.93   1126.31    680.00  3.060E+02  1.650E+02  1.129E+02  2.238E-07  3.856E-06  2.719E+01  1.231E-02  1.684E+00
  135   1    nobuffer  Earth         1.00    100.00    767.93   1126.31    670.00  3.060E+02  1.650E+02  1.129E+02  1.229E-07  2.361E-06  2.719E+01  9.279E-03  1.690E+00
  136   1    nobuffer  Earth         1.00    100.00    767.93   1126.31    660.00  3.060E+02  1.650E+02  1.129E+02  6.633E-08  1.426E-06  2.719E+01  6.922E-03  1.695E+00
  137   1    nobuffer  Earth         1.00    100.00    767.93   1126.31    650.00  3.060E+02  1.650E+02  1.129E+02  3.512E-08  8.490E-07  2.719E+01  5.109E-03  1.699E+00
