 planet=Earth        Mplanet=  1.00   buffer=nobuffer pCO2=   100.000 pH2O=   500.000 minpH2O=    10.000 pN2=     2.000 pCO=     0.000

                         M_i    N_O   buffer   planet           PCO2     T_q(CH4)  T_q(NH3)             H2O        H2         CO         CO2        CH4        N2         NH3     
 quenched columns     1.00E+24   1   nobuffer  Earth            100.00    738.65   1110.78            2.758E+04  2.288E+02  2.567E+00  2.072E+03  2.398E+02  7.190E+01  1.682E+00
 quenched pressures   1.00E+24   1   nobuffer  Earth            100.00    738.65   1110.78            5.328E+02  4.421E+00  4.959E-02  4.003E+01  4.632E+00  1.368E+00  3.199E-02
 dry pressures        1.00E+24   1   nobuffer  Earth            100.00    738.65   1110.78            0.000E+00  8.380E+00  9.400E-02  7.587E+01  8.780E+00  2.633E+00  6.158E-02

   i   N_O   buffer    planet       Mplanet   PCO2    T_q(CH4)  T_q(NH3)   T[K]    P[bars]      H2O        H2         CO         CO2        CH4        N2         NH3     
    1   1    nobuffer  Earth         1.00    100.00    738.65   1110.78   2010.00  5.833E+02  5.209E+02  1.698E+01  5.654E+00  3.836E+01  2.189E-06  1.382E+00  1.689E-03
    2   1    nobuffer  Earth         1.00    100.00    738.65   1110.78   2000.00  5.833E+02  5.209E+02  1.701E+01  5.624E+00  3.839E+01  2.343E-06  1.382E+00  1.721E-03
    3   1    nobuffer  Earth         1.00    100.00    738.65   1110.78   1990.00  5.833E+02  5.209E+02  1.705E+01  5.593E+00  3.842E+01  2.510E-06  1.382E+00  1.755E-03
    4   1    nobuffer  Earth         1.00    100.00    738.65   1110.78   1980.00  5.833E+02  5.208E+02  1.708E+01  5.562E+00  3.845E+01  2.689E-06  1.382E+00  1.789E-03
    5   1    nobuffer  Earth         1.00    100.00    738.65   1110.78   1970.00  5.833E+02  5.208E+02  1.711E+01  5.531E+00  3.848E+01  2.884E-06  1.382E+00  1.825E-03
    6   1    nobuffer  Earth         1.00    100.00    738.65   1110.78   1960.00  5.833E+02  5.208E+02  1.714E+01  5.499E+00  3.851E+01  3.095E-06  1.382E+00  1.862E-03
    7   1    nobuffer  Earth         1.00    100.00    738.65   1110.78   1950.00  5.833E+02  5.207E+02  1.717E+01  5.467E+00  3.854E+01  3.323E-06  1.382E+00  1.899E-03
    8   1    nobuffer  Earth         1.00    100.00    738.65   1110.78   1940.00  5.833E+02  5.207E+02  1.720E+01  5.435E+00  3.858E+01  3.571E-06  1.382E+00  1.938E-03
    9   1    nobuffer  Earth         1.00    100.00    738.65   1110.78   1930.00  5.833E+02  5.207E+02  1.724E+01  5.403E+00  3.861E+01  3.840E-06  1.382E+00  1.978E-03
   10   1    nobuffer  Earth         1.00    100.00    738.65   1110.78   1920.00  5.833E+02  5.206E+02  1.727E+01  5.370E+00  3.864E+01  4.132E-06  1.382E+00  2.019E-03
   11   1    nobuffer  Earth         1.00    100.00    738.65   1110.78   1910.00  5.833E+02  5.206E+02  1.730E+01  5.337E+00  3.867E+01  4.449E-06  1.382E+00  2.062E-03
   12   1    nobuffer  Earth         1.00    100.00    738.65   1110.78   1900.00  5.833E+02  5.206E+02  1.733E+01  5.304E+00  3.871E+01  4.795E-06  1.382E+00  2.106E-03
   13   1    nobuffer  Earth         1.00    100.00    738.65   1110.78   1890.00  5.833E+02  5.205E+02  1.737E+01  5.271E+00  3.874E+01  5.171E-06  1.382E+00  2.151E-03
   14   1    nobuffer  Earth         1.00    100.00    738.65   1110.78   1880.00  5.833E+02  5.205E+02  1.740E+01  5.237E+00  3.877E+01  5.581E-06  1.382E+00  2.198E-03
   15   1    nobuffer  Earth         1.00    100.00    738.65   1110.78   1870.00  5.833E+02  5.205E+02  1.743E+01  5.203E+00  3.881E+01  6.027E-06  1.382E+00  2.246E-03
   16   1    nobuffer  Earth         1.00    100.00    738.65   1110.78   1860.00  5.833E+02  5.204E+02  1.747E+01  5.169E+00  3.884E+01  6.515E-06  1.382E+00  2.296E-03
   17   1    nobuffer  Earth         1.00    100.00    738.65   1110.78   1850.00  5.833E+02  5.204E+02  1.750E+01  5.134E+00  3.888E+01  7.048E-06  1.382E+00  2.347E-03
   18   1    nobuffer  Earth         1.00    100.00    738.65   1110.78   1840.00  5.833E+02  5.204E+02  1.754E+01  5.100E+00  3.891E+01  7.630E-06  1.382E+00  2.400E-03
   19   1    nobuffer  Earth         1.00    100.00    738.65   1110.78   1830.00  5.833E+02  5.203E+02  1.757E+01  5.065E+00  3.895E+01  8.267E-06  1.382E+00  2.455E-03
   20   1    nobuffer  Earth         1.00    100.00    738.65   1110.78   1820.00  5.833E+02  5.203E+02  1.761E+01  5.029E+00  3.898E+01  8.964E-06  1.382E+00  2.512E-03
   21   1    nobuffer  Earth         1.00    100.00    738.65   1110.78   1810.00  5.833E+02  5.203E+02  1.764E+01  4.994E+00  3.902E+01  9.729E-06  1.382E+00  2.571E-03
   22   1    nobuffer  Earth         1.00    100.00    738.65   1110.78   1800.00  5.833E+02  5.202E+02  1.768E+01  4.958E+00  3.905E+01  1.057E-05  1.382E+00  2.631E-03
   23   1    nobuffer  Earth         1.00    100.00    738.65   1110.78   1790.00  5.833E+02  5.202E+02  1.772E+01  4.921E+00  3.909E+01  1.149E-05  1.382E+00  2.694E-03
   24   1    nobuffer  Earth         1.00    100.00    738.65   1110.78   1780.00  5.833E+02  5.201E+02  1.775E+01  4.885E+00  3.913E+01  1.250E-05  1.382E+00  2.759E-03
   25   1    nobuffer  Earth         1.00    100.00    738.65   1110.78   1770.00  5.833E+02  5.201E+02  1.779E+01  4.848E+00  3.916E+01  1.361E-05  1.382E+00  2.826E-03
   26   1    nobuffer  Earth         1.00    100.00    738.65   1110.78   1760.00  5.833E+02  5.201E+02  1.783E+01  4.811E+00  3.920E+01  1.484E-05  1.382E+00  2.895E-03
   27   1    nobuffer  Earth         1.00    100.00    738.65   1110.78   1750.00  5.833E+02  5.200E+02  1.786E+01  4.774E+00  3.924E+01  1.619E-05  1.382E+00  2.968E-03
   28   1    nobuffer  Earth         1.00    100.00    738.65   1110.78   1740.00  5.833E+02  5.200E+02  1.790E+01  4.736E+00  3.927E+01  1.768E-05  1.382E+00  3.042E-03
   29   1    nobuffer  Earth         1.00    100.00    738.65   1110.78   1730.00  5.833E+02  5.200E+02  1.794E+01  4.698E+00  3.931E+01  1.933E-05  1.382E+00  3.119E-03
   30   1    nobuffer  Earth         1.00    100.00    738.65   1110.78   1720.00  5.833E+02  5.199E+02  1.798E+01  4.659E+00  3.935E+01  2.115E-05  1.382E+00  3.200E-03
   31   1    nobuffer  Earth         1.00    100.00    738.65   1110.78   1710.00  5.833E+02  5.199E+02  1.802E+01  4.621E+00  3.939E+01  2.316E-05  1.382E+00  3.283E-03
   32   1    nobuffer  Earth         1.00    100.00    738.65   1110.78   1700.00  5.833E+02  5.198E+02  1.806E+01  4.582E+00  3.943E+01  2.539E-05  1.381E+00  3.369E-03
   33   1    nobuffer  Earth         1.00    100.00    738.65   1110.78   1690.00  5.833E+02  5.198E+02  1.810E+01  4.543E+00  3.947E+01  2.787E-05  1.381E+00  3.459E-03
   34   1    nobuffer  Earth         1.00    100.00    738.65   1110.78   1680.00  5.833E+02  5.198E+02  1.813E+01  4.503E+00  3.951E+01  3.061E-05  1.381E+00  3.552E-03
   35   1    nobuffer  Earth         1.00    100.00    738.65   1110.78   1670.00  5.833E+02  5.197E+02  1.817E+01  4.463E+00  3.955E+01  3.366E-05  1.381E+00  3.648E-03
   36   1    nobuffer  Earth         1.00    100.00    738.65   1110.78   1660.00  5.833E+02  5.197E+02  1.821E+01  4.423E+00  3.959E+01  3.706E-05  1.381E+00  3.748E-03
   37   1    nobuffer  Earth         1.00    100.00    738.65   1110.78   1650.00  5.833E+02  5.196E+02  1.826E+01  4.383E+00  3.963E+01  4.084E-05  1.381E+00  3.852E-03
   38   1    nobuffer  Earth         1.00    100.00    738.65   1110.78   1640.00  5.833E+02  5.196E+02  1.830E+01  4.342E+00  3.967E+01  4.506E-05  1.381E+00  3.961E-03
   39   1    nobuffer  Earth         1.00    100.00    738.65   1110.78   1630.00  5.833E+02  5.196E+02  1.834E+01  4.301E+00  3.971E+01  4.976E-05  1.381E+00  4.073E-03
   40   1    nobuffer  Earth         1.00    100.00    738.65   1110.78   1620.00  5.833E+02  5.195E+02  1.838E+01  4.259E+00  3.975E+01  5.503E-05  1.381E+00  4.191E-03
   41   1    nobuffer  Earth         1.00    100.00    738.65   1110.78   1610.00  5.833E+02  5.195E+02  1.842E+01  4.218E+00  3.979E+01  6.091E-05  1.381E+00  4.313E-03
   42   1    nobuffer  Earth         1.00    100.00    738.65   1110.78   1600.00  5.833E+02  5.194E+02  1.846E+01  4.176E+00  3.983E+01  6.751E-05  1.381E+00  4.440E-03
   43   1    nobuffer  Earth         1.00    100.00    738.65   1110.78   1590.00  5.833E+02  5.194E+02  1.850E+01  4.133E+00  3.988E+01  7.491E-05  1.381E+00  4.572E-03
   44   1    nobuffer  Earth         1.00    100.00    738.65   1110.78   1580.00  5.833E+02  5.194E+02  1.855E+01  4.091E+00  3.992E+01  8.322E-05  1.381E+00  4.710E-03
   45   1    nobuffer  Earth         1.00    100.00    738.65   1110.78   1570.00  5.833E+02  5.193E+02  1.859E+01  4.048E+00  3.996E+01  9.257E-05  1.381E+00  4.854E-03
   46   1    nobuffer  Earth         1.00    100.00    738.65   1110.78   1560.00  5.833E+02  5.193E+02  1.863E+01  4.005E+00  4.001E+01  1.031E-04  1.381E+00  5.003E-03
   47   1    nobuffer  Earth         1.00    100.00    738.65   1110.78   1550.00  5.833E+02  5.192E+02  1.868E+01  3.961E+00  4.005E+01  1.150E-04  1.381E+00  5.160E-03
   48   1    nobuffer  Earth         1.00    100.00    738.65   1110.78   1540.00  5.833E+02  5.192E+02  1.872E+01  3.917E+00  4.009E+01  1.284E-04  1.381E+00  5.323E-03
   49   1    nobuffer  Earth         1.00    100.00    738.65   1110.78   1530.00  5.833E+02  5.191E+02  1.876E+01  3.873E+00  4.014E+01  1.435E-04  1.380E+00  5.494E-03
   50   1    nobuffer  Earth         1.00    100.00    738.65   1110.78   1520.00  5.833E+02  5.191E+02  1.881E+01  3.828E+00  4.018E+01  1.607E-04  1.380E+00  5.672E-03
   51   1    nobuffer  Earth         1.00    100.00    738.65   1110.78   1510.00  5.833E+02  5.190E+02  1.885E+01  3.784E+00  4.023E+01  1.802E-04  1.380E+00  5.858E-03
   52   1    nobuffer  Earth         1.00    100.00    738.65   1110.78   1500.00  5.833E+02  5.190E+02  1.890E+01  3.738E+00  4.027E+01  2.022E-04  1.380E+00  6.053E-03
   53   1    nobuffer  Earth         1.00    100.00    738.65   1110.78   1490.00  5.833E+02  5.190E+02  1.894E+01  3.693E+00  4.032E+01  2.274E-04  1.380E+00  6.256E-03
   54   1    nobuffer  Earth         1.00    100.00    738.65   1110.78   1480.00  5.833E+02  5.189E+02  1.899E+01  3.647E+00  4.036E+01  2.560E-04  1.380E+00  6.470E-03
   55   1    nobuffer  Earth         1.00    100.00    738.65   1110.78   1470.00  5.833E+02  5.189E+02  1.904E+01  3.601E+00  4.041E+01  2.887E-04  1.380E+00  6.693E-03
   56   1    nobuffer  Earth         1.00    100.00    738.65   1110.78   1460.00  5.833E+02  5.188E+02  1.908E+01  3.555E+00  4.045E+01  3.260E-04  1.380E+00  6.927E-03
   57   1    nobuffer  Earth         1.00    100.00    738.65   1110.78   1450.00  5.833E+02  5.188E+02  1.913E+01  3.508E+00  4.050E+01  3.687E-04  1.380E+00  7.172E-03
   58   1    nobuffer  Earth         1.00    100.00    738.65   1110.78   1440.00  5.833E+02  5.187E+02  1.917E+01  3.462E+00  4.055E+01  4.176E-04  1.379E+00  7.429E-03
   59   1    nobuffer  Earth         1.00    100.00    738.65   1110.78   1430.00  5.833E+02  5.187E+02  1.922E+01  3.414E+00  4.060E+01  4.738E-04  1.379E+00  7.699E-03
   60   1    nobuffer  Earth         1.00    100.00    738.65   1110.78   1420.00  5.833E+02  5.186E+02  1.927E+01  3.367E+00  4.064E+01  5.384E-04  1.379E+00  7.983E-03
   61   1    nobuffer  Earth         1.00    100.00    738.65   1110.78   1410.00  5.833E+02  5.186E+02  1.932E+01  3.319E+00  4.069E+01  6.128E-04  1.379E+00  8.280E-03
   62   1    nobuffer  Earth         1.00    100.00    738.65   1110.78   1400.00  5.833E+02  5.185E+02  1.936E+01  3.271E+00  4.074E+01  6.986E-04  1.379E+00  8.593E-03
   63   1    nobuffer  Earth         1.00    100.00    738.65   1110.78   1390.00  5.833E+02  5.185E+02  1.941E+01  3.223E+00  4.079E+01  7.979E-04  1.379E+00  8.922E-03
   64   1    nobuffer  Earth         1.00    100.00    738.65   1110.78   1380.00  5.833E+02  5.184E+02  1.946E+01  3.174E+00  4.084E+01  9.128E-04  1.379E+00  9.269E-03
   65   1    nobuffer  Earth         1.00    100.00    738.65   1110.78   1370.00  5.833E+02  5.184E+02  1.951E+01  3.126E+00  4.088E+01  1.046E-03  1.378E+00  9.633E-03
   66   1    nobuffer  Earth         1.00    100.00    738.65   1110.78   1360.00  5.833E+02  5.183E+02  1.956E+01  3.077E+00  4.093E+01  1.201E-03  1.378E+00  1.002E-02
   67   1    nobuffer  Earth         1.00    100.00    738.65   1110.78   1350.00  5.833E+02  5.183E+02  1.961E+01  3.027E+00  4.098E+01  1.382E-03  1.378E+00  1.042E-02
   68   1    nobuffer  Earth         1.00    100.00    738.65   1110.78   1340.00  5.833E+02  5.182E+02  1.965E+01  2.978E+00  4.103E+01  1.592E-03  1.378E+00  1.085E-02
   69   1    nobuffer  Earth         1.00    100.00    738.65   1110.78   1330.00  5.833E+02  5.182E+02  1.970E+01  2.928E+00  4.108E+01  1.839E-03  1.378E+00  1.130E-02
   70   1    nobuffer  Earth         1.00    100.00    738.65   1110.78   1320.00  5.833E+02  5.182E+02  1.975E+01  2.878E+00  4.113E+01  2.127E-03  1.377E+00  1.178E-02
   71   1    nobuffer  Earth         1.00    100.00    738.65   1110.78   1310.00  5.833E+02  5.181E+02  1.980E+01  2.828E+00  4.118E+01  2.465E-03  1.377E+00  1.228E-02
   72   1    nobuffer  Earth         1.00    100.00    738.65   1110.78   1300.00  5.833E+02  5.181E+02  1.985E+01  2.777E+00  4.123E+01  2.864E-03  1.377E+00  1.281E-02
   73   1    nobuffer  Earth         1.00    100.00    738.65   1110.78   1290.00  5.833E+02  5.180E+02  1.990E+01  2.727E+00  4.128E+01  3.333E-03  1.377E+00  1.337E-02
   74   1    nobuffer  Earth         1.00    100.00    738.65   1110.78   1280.00  5.833E+02  5.180E+02  1.995E+01  2.676E+00  4.133E+01  3.887E-03  1.376E+00  1.397E-02
   75   1    nobuffer  Earth         1.00    100.00    738.65   1110.78   1270.00  5.833E+02  5.179E+02  2.000E+01  2.625E+00  4.138E+01  4.543E-03  1.376E+00  1.460E-02
   76   1    nobuffer  Earth         1.00    100.00    738.65   1110.78   1260.00  5.833E+02  5.179E+02  2.004E+01  2.574E+00  4.143E+01  5.322E-03  1.376E+00  1.527E-02
   77   1    nobuffer  Earth         1.00    100.00    738.65   1110.78   1250.00  5.833E+02  5.178E+02  2.009E+01  2.522E+00  4.148E+01  6.247E-03  1.375E+00  1.597E-02
   78   1    nobuffer  Earth         1.00    100.00    738.65   1110.78   1240.00  5.833E+02  5.178E+02  2.014E+01  2.471E+00  4.153E+01  7.349E-03  1.375E+00  1.673E-02
   79   1    nobuffer  Earth         1.00    100.00    738.65   1110.78   1230.00  5.833E+02  5.177E+02  2.019E+01  2.419E+00  4.158E+01  8.665E-03  1.374E+00  1.752E-02
   80   1    nobuffer  Earth         1.00    100.00    738.65   1110.78   1220.00  5.833E+02  5.177E+02  2.023E+01  2.367E+00  4.163E+01  1.024E-02  1.374E+00  1.837E-02
   81   1    nobuffer  Earth         1.00    100.00    738.65   1110.78   1210.00  5.833E+02  5.176E+02  2.028E+01  2.315E+00  4.169E+01  1.213E-02  1.374E+00  1.927E-02
   82   1    nobuffer  Earth         1.00    100.00    738.65   1110.78   1200.00  5.833E+02  5.176E+02  2.032E+01  2.262E+00  4.174E+01  1.440E-02  1.373E+00  2.023E-02
   83   1    nobuffer  Earth         1.00    100.00    738.65   1110.78   1190.00  5.833E+02  5.175E+02  2.036E+01  2.210E+00  4.179E+01  1.713E-02  1.373E+00  2.125E-02
   84   1    nobuffer  Earth         1.00    100.00    738.65   1110.78   1180.00  5.833E+02  5.175E+02  2.040E+01  2.157E+00  4.184E+01  2.043E-02  1.372E+00  2.233E-02
   85   1    nobuffer  Earth         1.00    100.00    738.65   1110.78   1170.00  5.833E+02  5.175E+02  2.044E+01  2.104E+00  4.189E+01  2.442E-02  1.372E+00  2.349E-02
   86   1    nobuffer  Earth         1.00    100.00    738.65   1110.78   1160.00  5.833E+02  5.174E+02  2.047E+01  2.051E+00  4.193E+01  2.925E-02  1.371E+00  2.472E-02
   87   1    nobuffer  Earth         1.00    100.00    738.65   1110.78   1150.00  5.833E+02  5.174E+02  2.050E+01  1.998E+00  4.198E+01  3.511E-02  1.370E+00  2.602E-02
   88   1    nobuffer  Earth         1.00    100.00    738.65   1110.78   1140.00  5.833E+02  5.174E+02  2.053E+01  1.944E+00  4.203E+01  4.224E-02  1.370E+00  2.741E-02
   89   1    nobuffer  Earth         1.00    100.00    738.65   1110.78   1130.00  5.833E+02  5.173E+02  2.055E+01  1.890E+00  4.208E+01  5.090E-02  1.369E+00  2.889E-02
   90   1    nobuffer  Earth         1.00    100.00    738.65   1110.78   1120.00  5.833E+02  5.173E+02  2.056E+01  1.835E+00  4.212E+01  6.145E-02  1.368E+00  3.046E-02
   91   1    nobuffer  Earth         1.00    100.00    738.65   1110.78   1110.00  5.833E+02  5.173E+02  2.057E+01  1.781E+00  4.217E+01  7.429E-02  1.367E+00  3.212E-02
   92   1    nobuffer  Earth         1.00    100.00    738.65   1110.78   1100.00  5.833E+02  5.173E+02  2.056E+01  1.725E+00  4.221E+01  8.992E-02  1.367E+00  3.388E-02
   93   1    nobuffer  Earth         1.00    100.00    738.65   1110.78   1090.00  5.833E+02  5.173E+02  2.054E+01  1.669E+00  4.225E+01  1.089E-01  1.366E+00  3.574E-02
   94   1    nobuffer  Earth         1.00    100.00    738.65   1110.78   1080.00  5.833E+02  5.174E+02  2.051E+01  1.612E+00  4.229E+01  1.320E-01  1.365E+00  3.770E-02
   95   1    nobuffer  Earth         1.00    100.00    738.65   1110.78   1070.00  5.833E+02  5.174E+02  2.046E+01  1.555E+00  4.232E+01  1.600E-01  1.364E+00  3.975E-02
   96   1    nobuffer  Earth         1.00    100.00    738.65   1110.78   1060.00  5.833E+02  5.175E+02  2.038E+01  1.496E+00  4.235E+01  1.937E-01  1.363E+00  4.189E-02
   97   1    nobuffer  Earth         1.00    100.00    738.65   1110.78   1050.00  5.833E+02  5.176E+02  2.028E+01  1.437E+00  4.238E+01  2.341E-01  1.362E+00  4.411E-02
   98   1    nobuffer  Earth         1.00    100.00    738.65   1110.78   1040.00  5.833E+02  5.177E+02  2.015E+01  1.376E+00  4.239E+01  2.824E-01  1.361E+00  4.640E-02
   99   1    nobuffer  Earth         1.00    100.00    738.65   1110.78   1030.00  5.833E+02  5.179E+02  1.999E+01  1.314E+00  4.241E+01  3.395E-01  1.360E+00  4.874E-02
  100   1    nobuffer  Earth         1.00    100.00    738.65   1110.78   1020.00  5.833E+02  5.181E+02  1.979E+01  1.251E+00  4.241E+01  4.065E-01  1.360E+00  5.111E-02
  101   1    nobuffer  Earth         1.00    100.00    738.65   1110.78   1010.00  5.833E+02  5.183E+02  1.955E+01  1.187E+00  4.241E+01  4.844E-01  1.359E+00  5.348E-02
  102   1    nobuffer  Earth         1.00    100.00    738.65   1110.78   1000.00  5.833E+02  5.186E+02  1.927E+01  1.123E+00  4.240E+01  5.737E-01  1.358E+00  5.583E-02
  103   1    nobuffer  Earth         1.00    100.00    738.65   1110.78    990.00  5.833E+02  5.189E+02  1.893E+01  1.057E+00  4.238E+01  6.751E-01  1.357E+00  5.813E-02
  104   1    nobuffer  Earth         1.00    100.00    738.65   1110.78    980.00  5.833E+02  5.192E+02  1.855E+01  9.912E-01  4.235E+01  7.887E-01  1.357E+00  6.035E-02
  105   1    nobuffer  Earth         1.00    100.00    738.65   1110.78    970.00  5.833E+02  5.196E+02  1.813E+01  9.254E-01  4.231E+01  9.142E-01  1.356E+00  6.247E-02
  106   1    nobuffer  Earth         1.00    100.00    738.65   1110.78    960.00  5.833E+02  5.201E+02  1.766E+01  8.599E-01  4.226E+01  1.051E+00  1.356E+00  6.445E-02
  107   1    nobuffer  Earth         1.00    100.00    738.65   1110.78    950.00  5.833E+02  5.206E+02  1.714E+01  7.954E-01  4.220E+01  1.199E+00  1.356E+00  6.627E-02
  108   1    nobuffer  Earth         1.00    100.00    738.65   1110.78    940.00  5.833E+02  5.211E+02  1.659E+01  7.323E-01  4.213E+01  1.356E+00  1.356E+00  6.793E-02
  109   1    nobuffer  Earth         1.00    100.00    738.65   1110.78    930.00  5.833E+02  5.217E+02  1.600E+01  6.709E-01  4.205E+01  1.522E+00  1.356E+00  6.940E-02
  110   1    nobuffer  Earth         1.00    100.00    738.65   1110.78    920.00  5.833E+02  5.223E+02  1.538E+01  6.118E-01  4.196E+01  1.694E+00  1.356E+00  7.067E-02
  111   1    nobuffer  Earth         1.00    100.00    738.65   1110.78    910.00  5.833E+02  5.229E+02  1.474E+01  5.552E-01  4.187E+01  1.872E+00  1.356E+00  7.175E-02
  112   1    nobuffer  Earth         1.00    100.00    738.65   1110.78    900.00  5.833E+02  5.235E+02  1.408E+01  5.014E-01  4.177E+01  2.054E+00  1.357E+00  7.262E-02
  113   1    nobuffer  Earth         1.00    100.00    738.65   1110.78    890.00  5.833E+02  5.242E+02  1.341E+01  4.507E-01  4.166E+01  2.239E+00  1.357E+00  7.329E-02
  114   1    nobuffer  Earth         1.00    100.00    738.65   1110.78    880.00  5.833E+02  5.248E+02  1.273E+01  4.032E-01  4.155E+01  2.424E+00  1.358E+00  7.377E-02
  115   1    nobuffer  Earth         1.00    100.00    738.65   1110.78    870.00  5.833E+02  5.255E+02  1.204E+01  3.590E-01  4.144E+01  2.609E+00  1.359E+00  7.405E-02
  116   1    nobuffer  Earth         1.00    100.00    738.65   1110.78    860.00  5.833E+02  5.261E+02  1.136E+01  3.182E-01  4.132E+01  2.793E+00  1.359E+00  7.415E-02
  117   1    nobuffer  Earth         1.00    100.00    738.65   1110.78    850.00  5.833E+02  5.268E+02  1.069E+01  2.806E-01  4.120E+01  2.975E+00  1.360E+00  7.407E-02
  118   1    nobuffer  Earth         1.00    100.00    738.65   1110.78    840.00  5.833E+02  5.274E+02  1.003E+01  2.463E-01  4.109E+01  3.153E+00  1.361E+00  7.381E-02
  119   1    nobuffer  Earth         1.00    100.00    738.65   1110.78    830.00  5.833E+02  5.280E+02  9.374E+00  2.152E-01  4.097E+01  3.327E+00  1.362E+00  7.340E-02
  120   1    nobuffer  Earth         1.00    100.00    738.65   1110.78    820.00  5.833E+02  5.286E+02  8.740E+00  1.871E-01  4.086E+01  3.496E+00  1.363E+00  7.284E-02
  121   1    nobuffer  Earth         1.00    100.00    738.65   1110.78    810.00  5.833E+02  5.292E+02  8.124E+00  1.619E-01  4.074E+01  3.659E+00  1.364E+00  7.213E-02
  122   1    nobuffer  Earth         1.00    100.00    738.65   1110.78    800.00  5.833E+02  5.298E+02  7.529E+00  1.394E-01  4.063E+01  3.817E+00  1.366E+00  7.129E-02
  123   1    nobuffer  Earth         1.00    100.00    738.65   1110.78    790.00  5.833E+02  5.303E+02  6.957E+00  1.194E-01  4.052E+01  3.967E+00  1.367E+00  7.033E-02
  124   1    nobuffer  Earth         1.00    100.00    738.65   1110.78    780.00  5.833E+02  5.309E+02  6.409E+00  1.017E-01  4.042E+01  4.112E+00  1.368E+00  6.925E-02
  125   1    nobuffer  Earth         1.00    100.00    738.65   1110.78    770.00  5.833E+02  5.314E+02  5.887E+00  8.621E-02  4.032E+01  4.249E+00  1.369E+00  6.807E-02
  126   1    nobuffer  Earth         1.00    100.00    738.65   1110.78    760.00  5.833E+02  5.318E+02  5.390E+00  7.267E-02  4.022E+01  4.379E+00  1.371E+00  6.680E-02
  127   1    nobuffer  Earth         1.00    100.00    738.65   1110.78    750.00  5.833E+02  5.323E+02  4.920E+00  6.091E-02  4.013E+01  4.502E+00  1.372E+00  6.544E-02
  128   1    nobuffer  Earth         1.00    100.00    738.65   1110.78    740.00  5.833E+02  5.327E+02  4.477E+00  5.076E-02  4.004E+01  4.617E+00  1.373E+00  6.401E-02
  129   1    nobuffer  Earth         1.00    100.00    738.65   1110.78    730.00  5.833E+02  5.331E+02  4.060E+00  4.205E-02  3.996E+01  4.726E+00  1.374E+00  6.251E-02
  130   1    nobuffer  Earth         1.00    100.00    738.65   1110.78    720.00  5.833E+02  5.335E+02  3.671E+00  3.462E-02  3.988E+01  4.827E+00  1.376E+00  6.094E-02
  131   1    nobuffer  Earth         1.00    100.00    738.65   1110.78    710.00  5.833E+02  5.338E+02  3.307E+00  2.832E-02  3.980E+01  4.921E+00  1.377E+00  5.933E-02
  132   1    nobuffer  Earth         1.00    100.00    738.65   1110.78    700.00  5.833E+02  5.342E+02  2.969E+00  2.302E-02  3.973E+01  5.009E+00  1.378E+00  5.767E-02
  133   1    nobuffer  Earth         1.00    100.00    738.65   1110.78    690.00  5.833E+02  5.345E+02  2.657E+00  1.857E-02  3.967E+01  5.090E+00  1.379E+00  5.598E-02
  134   1    nobuffer  Earth         1.00    100.00    738.65   1110.78    680.00  5.833E+02  5.347E+02  2.368E+00  1.488E-02  3.961E+01  5.164E+00  1.381E+00  5.426E-02
  135   1    nobuffer  Earth         1.00    100.00    738.65   1110.78    670.00  5.833E+02  5.350E+02  2.103E+00  1.183E-02  3.956E+01  5.232E+00  1.382E+00  5.252E-02
  136   1    nobuffer  Earth         1.00    100.00    738.65   1110.78    660.00  5.833E+02  5.352E+02  1.861E+00  9.335E-03  3.951E+01  5.295E+00  1.383E+00  5.076E-02
  137   1    nobuffer  Earth         1.00    100.00    738.65   1110.78    650.00  5.833E+02  5.354E+02  1.639E+00  7.304E-03  3.946E+01  5.352E+00  1.384E+00  4.899E-02
