 planet=Earth        Mplanet=  1.00   buffer=nobuffer pCO2=   100.000 pH2O=   500.000 minpH2O=    10.000 pN2=     2.000 pCO=     0.000

                         M_i    N_O   buffer   planet           PCO2     T_q(CH4)  T_q(NH3)             H2O        H2         CO         CO2        CH4        N2         NH3     
 quenched columns     2.51E+23   1   nobuffer  Earth            100.00    737.62   1110.22            2.807E+04  1.410E+02  1.691E+00  2.274E+03  3.908E+01  7.263E+01  2.227E-01
 quenched pressures   2.51E+23   1   nobuffer  Earth            100.00    737.62   1110.22            5.480E+02  2.753E+00  3.302E-02  4.439E+01  7.629E-01  1.414E+00  4.336E-03
 dry pressures        2.51E+23   1   nobuffer  Earth            100.00    737.62   1110.22            0.000E+00  5.644E+00  6.768E-02  9.099E+01  1.564E+00  2.906E+00  8.912E-03

   i   N_O   buffer    planet       Mplanet   PCO2    T_q(CH4)  T_q(NH3)   T[K]    P[bars]      H2O        H2         CO         CO2        CH4        N2         NH3     
    1   1    nobuffer  Earth         1.00    100.00    737.62   1110.22   2010.00  5.973E+02  5.465E+02  4.281E+00  1.542E+00  4.353E+01  9.114E-09  1.416E+00  2.164E-04
    2   1    nobuffer  Earth         1.00    100.00    737.62   1110.22   2000.00  5.973E+02  5.465E+02  4.290E+00  1.533E+00  4.353E+01  9.759E-09  1.416E+00  2.206E-04
    3   1    nobuffer  Earth         1.00    100.00    737.62   1110.22   1990.00  5.973E+02  5.465E+02  4.299E+00  1.524E+00  4.354E+01  1.046E-08  1.416E+00  2.250E-04
    4   1    nobuffer  Earth         1.00    100.00    737.62   1110.22   1980.00  5.973E+02  5.465E+02  4.308E+00  1.515E+00  4.355E+01  1.121E-08  1.416E+00  2.295E-04
    5   1    nobuffer  Earth         1.00    100.00    737.62   1110.22   1970.00  5.973E+02  5.465E+02  4.317E+00  1.506E+00  4.356E+01  1.203E-08  1.416E+00  2.342E-04
    6   1    nobuffer  Earth         1.00    100.00    737.62   1110.22   1960.00  5.973E+02  5.465E+02  4.326E+00  1.497E+00  4.357E+01  1.291E-08  1.416E+00  2.390E-04
    7   1    nobuffer  Earth         1.00    100.00    737.62   1110.22   1950.00  5.973E+02  5.465E+02  4.336E+00  1.487E+00  4.358E+01  1.387E-08  1.416E+00  2.439E-04
    8   1    nobuffer  Earth         1.00    100.00    737.62   1110.22   1940.00  5.973E+02  5.465E+02  4.345E+00  1.478E+00  4.359E+01  1.491E-08  1.416E+00  2.490E-04
    9   1    nobuffer  Earth         1.00    100.00    737.62   1110.22   1930.00  5.973E+02  5.465E+02  4.354E+00  1.469E+00  4.360E+01  1.604E-08  1.416E+00  2.543E-04
   10   1    nobuffer  Earth         1.00    100.00    737.62   1110.22   1920.00  5.973E+02  5.465E+02  4.364E+00  1.459E+00  4.361E+01  1.726E-08  1.416E+00  2.597E-04
   11   1    nobuffer  Earth         1.00    100.00    737.62   1110.22   1910.00  5.973E+02  5.464E+02  4.373E+00  1.450E+00  4.362E+01  1.860E-08  1.416E+00  2.653E-04
   12   1    nobuffer  Earth         1.00    100.00    737.62   1110.22   1900.00  5.973E+02  5.464E+02  4.383E+00  1.440E+00  4.363E+01  2.005E-08  1.416E+00  2.710E-04
   13   1    nobuffer  Earth         1.00    100.00    737.62   1110.22   1890.00  5.973E+02  5.464E+02  4.392E+00  1.430E+00  4.364E+01  2.163E-08  1.416E+00  2.770E-04
   14   1    nobuffer  Earth         1.00    100.00    737.62   1110.22   1880.00  5.973E+02  5.464E+02  4.402E+00  1.421E+00  4.365E+01  2.335E-08  1.416E+00  2.831E-04
   15   1    nobuffer  Earth         1.00    100.00    737.62   1110.22   1870.00  5.973E+02  5.464E+02  4.412E+00  1.411E+00  4.366E+01  2.523E-08  1.416E+00  2.894E-04
   16   1    nobuffer  Earth         1.00    100.00    737.62   1110.22   1860.00  5.973E+02  5.464E+02  4.422E+00  1.401E+00  4.367E+01  2.728E-08  1.416E+00  2.960E-04
   17   1    nobuffer  Earth         1.00    100.00    737.62   1110.22   1850.00  5.973E+02  5.464E+02  4.432E+00  1.391E+00  4.368E+01  2.952E-08  1.416E+00  3.027E-04
   18   1    nobuffer  Earth         1.00    100.00    737.62   1110.22   1840.00  5.973E+02  5.464E+02  4.442E+00  1.381E+00  4.369E+01  3.197E-08  1.416E+00  3.097E-04
   19   1    nobuffer  Earth         1.00    100.00    737.62   1110.22   1830.00  5.973E+02  5.464E+02  4.452E+00  1.371E+00  4.370E+01  3.465E-08  1.416E+00  3.169E-04
   20   1    nobuffer  Earth         1.00    100.00    737.62   1110.22   1820.00  5.973E+02  5.464E+02  4.462E+00  1.361E+00  4.371E+01  3.759E-08  1.416E+00  3.244E-04
   21   1    nobuffer  Earth         1.00    100.00    737.62   1110.22   1810.00  5.973E+02  5.463E+02  4.472E+00  1.351E+00  4.372E+01  4.081E-08  1.416E+00  3.321E-04
   22   1    nobuffer  Earth         1.00    100.00    737.62   1110.22   1800.00  5.973E+02  5.463E+02  4.483E+00  1.340E+00  4.373E+01  4.434E-08  1.416E+00  3.401E-04
   23   1    nobuffer  Earth         1.00    100.00    737.62   1110.22   1790.00  5.973E+02  5.463E+02  4.493E+00  1.330E+00  4.374E+01  4.822E-08  1.416E+00  3.483E-04
   24   1    nobuffer  Earth         1.00    100.00    737.62   1110.22   1780.00  5.973E+02  5.463E+02  4.504E+00  1.319E+00  4.375E+01  5.248E-08  1.416E+00  3.569E-04
   25   1    nobuffer  Earth         1.00    100.00    737.62   1110.22   1770.00  5.973E+02  5.463E+02  4.514E+00  1.309E+00  4.376E+01  5.717E-08  1.416E+00  3.657E-04
   26   1    nobuffer  Earth         1.00    100.00    737.62   1110.22   1760.00  5.973E+02  5.463E+02  4.525E+00  1.298E+00  4.377E+01  6.234E-08  1.416E+00  3.749E-04
   27   1    nobuffer  Earth         1.00    100.00    737.62   1110.22   1750.00  5.973E+02  5.463E+02  4.536E+00  1.287E+00  4.378E+01  6.803E-08  1.416E+00  3.843E-04
   28   1    nobuffer  Earth         1.00    100.00    737.62   1110.22   1740.00  5.973E+02  5.463E+02  4.546E+00  1.277E+00  4.379E+01  7.431E-08  1.416E+00  3.942E-04
   29   1    nobuffer  Earth         1.00    100.00    737.62   1110.22   1730.00  5.973E+02  5.463E+02  4.557E+00  1.266E+00  4.380E+01  8.125E-08  1.416E+00  4.044E-04
   30   1    nobuffer  Earth         1.00    100.00    737.62   1110.22   1720.00  5.973E+02  5.463E+02  4.568E+00  1.255E+00  4.381E+01  8.892E-08  1.416E+00  4.149E-04
   31   1    nobuffer  Earth         1.00    100.00    737.62   1110.22   1710.00  5.973E+02  5.462E+02  4.579E+00  1.244E+00  4.382E+01  9.741E-08  1.416E+00  4.259E-04
   32   1    nobuffer  Earth         1.00    100.00    737.62   1110.22   1700.00  5.973E+02  5.462E+02  4.590E+00  1.233E+00  4.383E+01  1.068E-07  1.416E+00  4.373E-04
   33   1    nobuffer  Earth         1.00    100.00    737.62   1110.22   1690.00  5.973E+02  5.462E+02  4.602E+00  1.221E+00  4.385E+01  1.173E-07  1.416E+00  4.491E-04
   34   1    nobuffer  Earth         1.00    100.00    737.62   1110.22   1680.00  5.973E+02  5.462E+02  4.613E+00  1.210E+00  4.386E+01  1.288E-07  1.416E+00  4.613E-04
   35   1    nobuffer  Earth         1.00    100.00    737.62   1110.22   1670.00  5.973E+02  5.462E+02  4.624E+00  1.199E+00  4.387E+01  1.417E-07  1.416E+00  4.741E-04
   36   1    nobuffer  Earth         1.00    100.00    737.62   1110.22   1660.00  5.973E+02  5.462E+02  4.636E+00  1.187E+00  4.388E+01  1.560E-07  1.416E+00  4.873E-04
   37   1    nobuffer  Earth         1.00    100.00    737.62   1110.22   1650.00  5.973E+02  5.462E+02  4.647E+00  1.176E+00  4.389E+01  1.720E-07  1.416E+00  5.010E-04
   38   1    nobuffer  Earth         1.00    100.00    737.62   1110.22   1640.00  5.973E+02  5.462E+02  4.659E+00  1.164E+00  4.390E+01  1.898E-07  1.416E+00  5.153E-04
   39   1    nobuffer  Earth         1.00    100.00    737.62   1110.22   1630.00  5.973E+02  5.461E+02  4.670E+00  1.152E+00  4.391E+01  2.096E-07  1.416E+00  5.302E-04
   40   1    nobuffer  Earth         1.00    100.00    737.62   1110.22   1620.00  5.973E+02  5.461E+02  4.682E+00  1.141E+00  4.393E+01  2.318E-07  1.416E+00  5.457E-04
   41   1    nobuffer  Earth         1.00    100.00    737.62   1110.22   1610.00  5.973E+02  5.461E+02  4.694E+00  1.129E+00  4.394E+01  2.566E-07  1.416E+00  5.618E-04
   42   1    nobuffer  Earth         1.00    100.00    737.62   1110.22   1600.00  5.973E+02  5.461E+02  4.706E+00  1.117E+00  4.395E+01  2.845E-07  1.416E+00  5.786E-04
   43   1    nobuffer  Earth         1.00    100.00    737.62   1110.22   1590.00  5.973E+02  5.461E+02  4.718E+00  1.105E+00  4.396E+01  3.157E-07  1.416E+00  5.961E-04
   44   1    nobuffer  Earth         1.00    100.00    737.62   1110.22   1580.00  5.973E+02  5.461E+02  4.730E+00  1.093E+00  4.397E+01  3.507E-07  1.416E+00  6.143E-04
   45   1    nobuffer  Earth         1.00    100.00    737.62   1110.22   1570.00  5.973E+02  5.461E+02  4.742E+00  1.081E+00  4.399E+01  3.902E-07  1.416E+00  6.333E-04
   46   1    nobuffer  Earth         1.00    100.00    737.62   1110.22   1560.00  5.973E+02  5.461E+02  4.754E+00  1.069E+00  4.400E+01  4.346E-07  1.416E+00  6.531E-04
   47   1    nobuffer  Earth         1.00    100.00    737.62   1110.22   1550.00  5.973E+02  5.461E+02  4.767E+00  1.056E+00  4.401E+01  4.847E-07  1.416E+00  6.738E-04
   48   1    nobuffer  Earth         1.00    100.00    737.62   1110.22   1540.00  5.973E+02  5.460E+02  4.779E+00  1.044E+00  4.402E+01  5.412E-07  1.416E+00  6.954E-04
   49   1    nobuffer  Earth         1.00    100.00    737.62   1110.22   1530.00  5.973E+02  5.460E+02  4.791E+00  1.032E+00  4.404E+01  6.051E-07  1.416E+00  7.179E-04
   50   1    nobuffer  Earth         1.00    100.00    737.62   1110.22   1520.00  5.973E+02  5.460E+02  4.804E+00  1.019E+00  4.405E+01  6.775E-07  1.416E+00  7.415E-04
   51   1    nobuffer  Earth         1.00    100.00    737.62   1110.22   1510.00  5.973E+02  5.460E+02  4.816E+00  1.006E+00  4.406E+01  7.595E-07  1.416E+00  7.661E-04
   52   1    nobuffer  Earth         1.00    100.00    737.62   1110.22   1500.00  5.973E+02  5.460E+02  4.829E+00  9.938E-01  4.407E+01  8.527E-07  1.416E+00  7.919E-04
   53   1    nobuffer  Earth         1.00    100.00    737.62   1110.22   1490.00  5.973E+02  5.460E+02  4.842E+00  9.811E-01  4.409E+01  9.586E-07  1.416E+00  8.189E-04
   54   1    nobuffer  Earth         1.00    100.00    737.62   1110.22   1480.00  5.973E+02  5.460E+02  4.855E+00  9.683E-01  4.410E+01  1.079E-06  1.416E+00  8.471E-04
   55   1    nobuffer  Earth         1.00    100.00    737.62   1110.22   1470.00  5.973E+02  5.460E+02  4.868E+00  9.554E-01  4.411E+01  1.217E-06  1.416E+00  8.767E-04
   56   1    nobuffer  Earth         1.00    100.00    737.62   1110.22   1460.00  5.973E+02  5.459E+02  4.880E+00  9.425E-01  4.412E+01  1.374E-06  1.416E+00  9.077E-04
   57   1    nobuffer  Earth         1.00    100.00    737.62   1110.22   1450.00  5.973E+02  5.459E+02  4.893E+00  9.295E-01  4.414E+01  1.554E-06  1.416E+00  9.402E-04
   58   1    nobuffer  Earth         1.00    100.00    737.62   1110.22   1440.00  5.973E+02  5.459E+02  4.907E+00  9.164E-01  4.415E+01  1.760E-06  1.416E+00  9.743E-04
   59   1    nobuffer  Earth         1.00    100.00    737.62   1110.22   1430.00  5.973E+02  5.459E+02  4.920E+00  9.033E-01  4.416E+01  1.997E-06  1.416E+00  1.010E-03
   60   1    nobuffer  Earth         1.00    100.00    737.62   1110.22   1420.00  5.973E+02  5.459E+02  4.933E+00  8.901E-01  4.418E+01  2.269E-06  1.416E+00  1.048E-03
   61   1    nobuffer  Earth         1.00    100.00    737.62   1110.22   1410.00  5.973E+02  5.459E+02  4.946E+00  8.769E-01  4.419E+01  2.582E-06  1.416E+00  1.087E-03
   62   1    nobuffer  Earth         1.00    100.00    737.62   1110.22   1400.00  5.973E+02  5.459E+02  4.959E+00  8.636E-01  4.420E+01  2.943E-06  1.416E+00  1.129E-03
   63   1    nobuffer  Earth         1.00    100.00    737.62   1110.22   1390.00  5.973E+02  5.458E+02  4.973E+00  8.502E-01  4.422E+01  3.361E-06  1.416E+00  1.172E-03
   64   1    nobuffer  Earth         1.00    100.00    737.62   1110.22   1380.00  5.973E+02  5.458E+02  4.986E+00  8.368E-01  4.423E+01  3.845E-06  1.416E+00  1.218E-03
   65   1    nobuffer  Earth         1.00    100.00    737.62   1110.22   1370.00  5.973E+02  5.458E+02  5.000E+00  8.233E-01  4.424E+01  4.406E-06  1.416E+00  1.267E-03
   66   1    nobuffer  Earth         1.00    100.00    737.62   1110.22   1360.00  5.973E+02  5.458E+02  5.013E+00  8.098E-01  4.426E+01  5.058E-06  1.416E+00  1.318E-03
   67   1    nobuffer  Earth         1.00    100.00    737.62   1110.22   1350.00  5.973E+02  5.458E+02  5.027E+00  7.962E-01  4.427E+01  5.817E-06  1.416E+00  1.371E-03
   68   1    nobuffer  Earth         1.00    100.00    737.62   1110.22   1340.00  5.973E+02  5.458E+02  5.040E+00  7.826E-01  4.428E+01  6.702E-06  1.416E+00  1.428E-03
   69   1    nobuffer  Earth         1.00    100.00    737.62   1110.22   1330.00  5.973E+02  5.458E+02  5.054E+00  7.690E-01  4.430E+01  7.738E-06  1.416E+00  1.488E-03
   70   1    nobuffer  Earth         1.00    100.00    737.62   1110.22   1320.00  5.973E+02  5.458E+02  5.068E+00  7.553E-01  4.431E+01  8.950E-06  1.416E+00  1.551E-03
   71   1    nobuffer  Earth         1.00    100.00    737.62   1110.22   1310.00  5.973E+02  5.457E+02  5.081E+00  7.416E-01  4.433E+01  1.037E-05  1.416E+00  1.618E-03
   72   1    nobuffer  Earth         1.00    100.00    737.62   1110.22   1300.00  5.973E+02  5.457E+02  5.095E+00  7.278E-01  4.434E+01  1.205E-05  1.416E+00  1.689E-03
   73   1    nobuffer  Earth         1.00    100.00    737.62   1110.22   1290.00  5.973E+02  5.457E+02  5.109E+00  7.140E-01  4.435E+01  1.402E-05  1.416E+00  1.764E-03
   74   1    nobuffer  Earth         1.00    100.00    737.62   1110.22   1280.00  5.973E+02  5.457E+02  5.123E+00  7.002E-01  4.437E+01  1.635E-05  1.415E+00  1.844E-03
   75   1    nobuffer  Earth         1.00    100.00    737.62   1110.22   1270.00  5.973E+02  5.457E+02  5.137E+00  6.863E-01  4.438E+01  1.911E-05  1.415E+00  1.928E-03
   76   1    nobuffer  Earth         1.00    100.00    737.62   1110.22   1260.00  5.973E+02  5.457E+02  5.150E+00  6.725E-01  4.439E+01  2.239E-05  1.415E+00  2.017E-03
   77   1    nobuffer  Earth         1.00    100.00    737.62   1110.22   1250.00  5.973E+02  5.457E+02  5.164E+00  6.586E-01  4.441E+01  2.629E-05  1.415E+00  2.112E-03
   78   1    nobuffer  Earth         1.00    100.00    737.62   1110.22   1240.00  5.973E+02  5.456E+02  5.178E+00  6.447E-01  4.442E+01  3.094E-05  1.415E+00  2.213E-03
   79   1    nobuffer  Earth         1.00    100.00    737.62   1110.22   1230.00  5.973E+02  5.456E+02  5.192E+00  6.308E-01  4.444E+01  3.649E-05  1.415E+00  2.320E-03
   80   1    nobuffer  Earth         1.00    100.00    737.62   1110.22   1220.00  5.973E+02  5.456E+02  5.206E+00  6.169E-01  4.445E+01  4.315E-05  1.415E+00  2.434E-03
   81   1    nobuffer  Earth         1.00    100.00    737.62   1110.22   1210.00  5.973E+02  5.456E+02  5.220E+00  6.030E-01  4.446E+01  5.115E-05  1.415E+00  2.555E-03
   82   1    nobuffer  Earth         1.00    100.00    737.62   1110.22   1200.00  5.973E+02  5.456E+02  5.234E+00  5.891E-01  4.448E+01  6.078E-05  1.415E+00  2.685E-03
   83   1    nobuffer  Earth         1.00    100.00    737.62   1110.22   1190.00  5.973E+02  5.456E+02  5.247E+00  5.753E-01  4.449E+01  7.242E-05  1.415E+00  2.823E-03
   84   1    nobuffer  Earth         1.00    100.00    737.62   1110.22   1180.00  5.973E+02  5.456E+02  5.261E+00  5.614E-01  4.451E+01  8.651E-05  1.415E+00  2.970E-03
   85   1    nobuffer  Earth         1.00    100.00    737.62   1110.22   1170.00  5.973E+02  5.455E+02  5.275E+00  5.475E-01  4.452E+01  1.036E-04  1.415E+00  3.128E-03
   86   1    nobuffer  Earth         1.00    100.00    737.62   1110.22   1160.00  5.973E+02  5.455E+02  5.289E+00  5.337E-01  4.453E+01  1.245E-04  1.415E+00  3.297E-03
   87   1    nobuffer  Earth         1.00    100.00    737.62   1110.22   1150.00  5.973E+02  5.455E+02  5.302E+00  5.199E-01  4.455E+01  1.499E-04  1.415E+00  3.477E-03
   88   1    nobuffer  Earth         1.00    100.00    737.62   1110.22   1140.00  5.973E+02  5.455E+02  5.316E+00  5.062E-01  4.456E+01  1.811E-04  1.415E+00  3.671E-03
   89   1    nobuffer  Earth         1.00    100.00    737.62   1110.22   1130.00  5.973E+02  5.455E+02  5.330E+00  4.925E-01  4.457E+01  2.195E-04  1.414E+00  3.879E-03
   90   1    nobuffer  Earth         1.00    100.00    737.62   1110.22   1120.00  5.973E+02  5.455E+02  5.343E+00  4.788E-01  4.459E+01  2.668E-04  1.414E+00  4.102E-03
   91   1    nobuffer  Earth         1.00    100.00    737.62   1110.22   1110.00  5.973E+02  5.455E+02  5.356E+00  4.652E-01  4.460E+01  3.252E-04  1.414E+00  4.342E-03
   92   1    nobuffer  Earth         1.00    100.00    737.62   1110.22   1100.00  5.973E+02  5.454E+02  5.370E+00  4.517E-01  4.461E+01  3.978E-04  1.414E+00  4.600E-03
   93   1    nobuffer  Earth         1.00    100.00    737.62   1110.22   1090.00  5.973E+02  5.454E+02  5.383E+00  4.382E-01  4.463E+01  4.881E-04  1.414E+00  4.878E-03
   94   1    nobuffer  Earth         1.00    100.00    737.62   1110.22   1080.00  5.973E+02  5.454E+02  5.396E+00  4.248E-01  4.464E+01  6.009E-04  1.414E+00  5.178E-03
   95   1    nobuffer  Earth         1.00    100.00    737.62   1110.22   1070.00  5.973E+02  5.454E+02  5.409E+00  4.115E-01  4.465E+01  7.424E-04  1.414E+00  5.501E-03
   96   1    nobuffer  Earth         1.00    100.00    737.62   1110.22   1060.00  5.973E+02  5.454E+02  5.421E+00  3.982E-01  4.467E+01  9.203E-04  1.413E+00  5.851E-03
   97   1    nobuffer  Earth         1.00    100.00    737.62   1110.22   1050.00  5.973E+02  5.454E+02  5.433E+00  3.851E-01  4.468E+01  1.145E-03  1.413E+00  6.229E-03
   98   1    nobuffer  Earth         1.00    100.00    737.62   1110.22   1040.00  5.973E+02  5.454E+02  5.445E+00  3.720E-01  4.469E+01  1.429E-03  1.413E+00  6.639E-03
   99   1    nobuffer  Earth         1.00    100.00    737.62   1110.22   1030.00  5.973E+02  5.454E+02  5.457E+00  3.591E-01  4.471E+01  1.791E-03  1.413E+00  7.083E-03
  100   1    nobuffer  Earth         1.00    100.00    737.62   1110.22   1020.00  5.973E+02  5.454E+02  5.468E+00  3.462E-01  4.472E+01  2.253E-03  1.413E+00  7.565E-03
  101   1    nobuffer  Earth         1.00    100.00    737.62   1110.22   1010.00  5.973E+02  5.453E+02  5.478E+00  3.335E-01  4.473E+01  2.844E-03  1.412E+00  8.088E-03
  102   1    nobuffer  Earth         1.00    100.00    737.62   1110.22   1000.00  5.973E+02  5.453E+02  5.488E+00  3.209E-01  4.474E+01  3.604E-03  1.412E+00  8.656E-03
  103   1    nobuffer  Earth         1.00    100.00    737.62   1110.22    990.00  5.973E+02  5.453E+02  5.496E+00  3.083E-01  4.475E+01  4.584E-03  1.412E+00  9.274E-03
  104   1    nobuffer  Earth         1.00    100.00    737.62   1110.22    980.00  5.973E+02  5.453E+02  5.504E+00  2.959E-01  4.477E+01  5.852E-03  1.411E+00  9.946E-03
  105   1    nobuffer  Earth         1.00    100.00    737.62   1110.22    970.00  5.973E+02  5.453E+02  5.509E+00  2.836E-01  4.478E+01  7.498E-03  1.411E+00  1.068E-02
  106   1    nobuffer  Earth         1.00    100.00    737.62   1110.22    960.00  5.973E+02  5.453E+02  5.513E+00  2.714E-01  4.479E+01  9.637E-03  1.411E+00  1.147E-02
  107   1    nobuffer  Earth         1.00    100.00    737.62   1110.22    950.00  5.973E+02  5.453E+02  5.514E+00  2.593E-01  4.480E+01  1.243E-02  1.410E+00  1.233E-02
  108   1    nobuffer  Earth         1.00    100.00    737.62   1110.22    940.00  5.973E+02  5.453E+02  5.512E+00  2.473E-01  4.481E+01  1.606E-02  1.410E+00  1.327E-02
  109   1    nobuffer  Earth         1.00    100.00    737.62   1110.22    930.00  5.973E+02  5.453E+02  5.505E+00  2.354E-01  4.481E+01  2.081E-02  1.409E+00  1.428E-02
  110   1    nobuffer  Earth         1.00    100.00    737.62   1110.22    920.00  5.973E+02  5.453E+02  5.492E+00  2.235E-01  4.482E+01  2.699E-02  1.409E+00  1.537E-02
  111   1    nobuffer  Earth         1.00    100.00    737.62   1110.22    910.00  5.973E+02  5.453E+02  5.472E+00  2.116E-01  4.483E+01  3.501E-02  1.408E+00  1.654E-02
  112   1    nobuffer  Earth         1.00    100.00    737.62   1110.22    900.00  5.973E+02  5.454E+02  5.443E+00  1.997E-01  4.483E+01  4.537E-02  1.408E+00  1.778E-02
  113   1    nobuffer  Earth         1.00    100.00    737.62   1110.22    890.00  5.973E+02  5.454E+02  5.402E+00  1.878E-01  4.483E+01  5.863E-02  1.407E+00  1.909E-02
  114   1    nobuffer  Earth         1.00    100.00    737.62   1110.22    880.00  5.973E+02  5.455E+02  5.347E+00  1.758E-01  4.483E+01  7.542E-02  1.407E+00  2.045E-02
  115   1    nobuffer  Earth         1.00    100.00    737.62   1110.22    870.00  5.973E+02  5.455E+02  5.275E+00  1.638E-01  4.482E+01  9.638E-02  1.406E+00  2.184E-02
  116   1    nobuffer  Earth         1.00    100.00    737.62   1110.22    860.00  5.973E+02  5.456E+02  5.185E+00  1.518E-01  4.481E+01  1.221E-01  1.405E+00  2.324E-02
  117   1    nobuffer  Earth         1.00    100.00    737.62   1110.22    850.00  5.973E+02  5.457E+02  5.074E+00  1.398E-01  4.480E+01  1.530E-01  1.405E+00  2.462E-02
  118   1    nobuffer  Earth         1.00    100.00    737.62   1110.22    840.00  5.973E+02  5.459E+02  4.941E+00  1.279E-01  4.478E+01  1.894E-01  1.404E+00  2.595E-02
  119   1    nobuffer  Earth         1.00    100.00    737.62   1110.22    830.00  5.973E+02  5.460E+02  4.787E+00  1.161E-01  4.475E+01  2.311E-01  1.404E+00  2.719E-02
  120   1    nobuffer  Earth         1.00    100.00    737.62   1110.22    820.00  5.973E+02  5.462E+02  4.612E+00  1.046E-01  4.473E+01  2.780E-01  1.404E+00  2.833E-02
  121   1    nobuffer  Earth         1.00    100.00    737.62   1110.22    810.00  5.973E+02  5.464E+02  4.418E+00  9.355E-02  4.469E+01  3.295E-01  1.403E+00  2.934E-02
  122   1    nobuffer  Earth         1.00    100.00    737.62   1110.22    800.00  5.973E+02  5.466E+02  4.208E+00  8.299E-02  4.466E+01  3.848E-01  1.403E+00  3.020E-02
  123   1    nobuffer  Earth         1.00    100.00    737.62   1110.22    790.00  5.973E+02  5.468E+02  3.986E+00  7.305E-02  4.462E+01  4.430E-01  1.403E+00  3.091E-02
  124   1    nobuffer  Earth         1.00    100.00    737.62   1110.22    780.00  5.973E+02  5.470E+02  3.755E+00  6.379E-02  4.458E+01  5.034E-01  1.403E+00  3.146E-02
  125   1    nobuffer  Earth         1.00    100.00    737.62   1110.22    770.00  5.973E+02  5.472E+02  3.519E+00  5.527E-02  4.453E+01  5.650E-01  1.403E+00  3.185E-02
  126   1    nobuffer  Earth         1.00    100.00    737.62   1110.22    760.00  5.973E+02  5.474E+02  3.280E+00  4.752E-02  4.449E+01  6.269E-01  1.403E+00  3.209E-02
  127   1    nobuffer  Earth         1.00    100.00    737.62   1110.22    750.00  5.973E+02  5.477E+02  3.042E+00  4.054E-02  4.444E+01  6.884E-01  1.404E+00  3.219E-02
  128   1    nobuffer  Earth         1.00    100.00    737.62   1110.22    740.00  5.973E+02  5.479E+02  2.808E+00  3.432E-02  4.440E+01  7.489E-01  1.404E+00  3.215E-02
  129   1    nobuffer  Earth         1.00    100.00    737.62   1110.22    730.00  5.973E+02  5.481E+02  2.579E+00  2.884E-02  4.435E+01  8.077E-01  1.404E+00  3.198E-02
  130   1    nobuffer  Earth         1.00    100.00    737.62   1110.22    720.00  5.973E+02  5.483E+02  2.358E+00  2.404E-02  4.431E+01  8.645E-01  1.405E+00  3.171E-02
  131   1    nobuffer  Earth         1.00    100.00    737.62   1110.22    710.00  5.973E+02  5.485E+02  2.146E+00  1.989E-02  4.427E+01  9.188E-01  1.405E+00  3.133E-02
  132   1    nobuffer  Earth         1.00    100.00    737.62   1110.22    700.00  5.973E+02  5.487E+02  1.944E+00  1.633E-02  4.423E+01  9.704E-01  1.406E+00  3.085E-02
  133   1    nobuffer  Earth         1.00    100.00    737.62   1110.22    690.00  5.973E+02  5.489E+02  1.753E+00  1.329E-02  4.419E+01  1.019E+00  1.406E+00  3.030E-02
  134   1    nobuffer  Earth         1.00    100.00    737.62   1110.22    680.00  5.973E+02  5.491E+02  1.574E+00  1.074E-02  4.415E+01  1.065E+00  1.407E+00  2.967E-02
  135   1    nobuffer  Earth         1.00    100.00    737.62   1110.22    670.00  5.973E+02  5.492E+02  1.406E+00  8.597E-03  4.412E+01  1.107E+00  1.407E+00  2.898E-02
  136   1    nobuffer  Earth         1.00    100.00    737.62   1110.22    660.00  5.973E+02  5.494E+02  1.251E+00  6.825E-03  4.409E+01  1.147E+00  1.408E+00  2.824E-02
  137   1    nobuffer  Earth         1.00    100.00    737.62   1110.22    650.00  5.973E+02  5.495E+02  1.108E+00  5.370E-03  4.406E+01  1.183E+00  1.408E+00  2.745E-02
