 planet=Earth        Mplanet=  1.00   buffer=nobuffer pCO2=   100.000 pH2O=   500.000 minpH2O=    10.000 pN2=     2.000 pCO=     0.000

                         M_i    N_O   buffer   planet           PCO2     T_q(CH4)  T_q(NH3)             H2O        H2         CO         CO2        CH4        N2         NH3     
 quenched columns     1.00E+23   1   nobuffer  Earth            100.00    775.88   1137.98            1.414E+04  8.960E+01  2.953E+00  2.305E+03  6.625E+00  7.271E+01  4.606E-02
 quenched pressures   1.00E+23   1   nobuffer  Earth            100.00    775.88   1137.98            2.995E+02  1.897E+00  6.253E-02  4.881E+01  1.403E-01  1.539E+00  9.746E-04
 dry pressures        1.00E+23   1   nobuffer  Earth            100.00    775.88   1137.98            0.000E+00  3.688E+00  1.216E-01  9.487E+01  2.727E-01  2.993E+00  1.896E-03

   i   N_O   buffer    planet       Mplanet   PCO2    T_q(CH4)  T_q(NH3)   T[K]    P[bars]      H2O        H2         CO         CO2        CH4        N2         NH3     
    1   1    nobuffer  Earth         1.00    100.00    775.88   1137.98   2010.00  3.520E+02  3.000E+02  1.463E+00  1.056E+00  4.791E+01  4.537E-10  1.539E+00  4.504E-05
    2   1    nobuffer  Earth         1.00    100.00    775.88   1137.98   2000.00  3.520E+02  3.000E+02  1.468E+00  1.051E+00  4.792E+01  4.881E-10  1.539E+00  4.601E-05
    3   1    nobuffer  Earth         1.00    100.00    775.88   1137.98   1990.00  3.520E+02  3.000E+02  1.472E+00  1.046E+00  4.792E+01  5.256E-10  1.539E+00  4.702E-05
    4   1    nobuffer  Earth         1.00    100.00    775.88   1137.98   1980.00  3.520E+02  3.000E+02  1.477E+00  1.042E+00  4.793E+01  5.663E-10  1.539E+00  4.805E-05
    5   1    nobuffer  Earth         1.00    100.00    775.88   1137.98   1970.00  3.520E+02  3.000E+02  1.482E+00  1.036E+00  4.793E+01  6.106E-10  1.539E+00  4.912E-05
    6   1    nobuffer  Earth         1.00    100.00    775.88   1137.98   1960.00  3.520E+02  3.000E+02  1.488E+00  1.031E+00  4.794E+01  6.588E-10  1.539E+00  5.023E-05
    7   1    nobuffer  Earth         1.00    100.00    775.88   1137.98   1950.00  3.520E+02  3.000E+02  1.493E+00  1.026E+00  4.794E+01  7.114E-10  1.539E+00  5.137E-05
    8   1    nobuffer  Earth         1.00    100.00    775.88   1137.98   1940.00  3.520E+02  2.999E+02  1.498E+00  1.021E+00  4.795E+01  7.687E-10  1.539E+00  5.254E-05
    9   1    nobuffer  Earth         1.00    100.00    775.88   1137.98   1930.00  3.520E+02  2.999E+02  1.503E+00  1.016E+00  4.795E+01  8.312E-10  1.539E+00  5.376E-05
   10   1    nobuffer  Earth         1.00    100.00    775.88   1137.98   1920.00  3.520E+02  2.999E+02  1.508E+00  1.011E+00  4.796E+01  8.995E-10  1.539E+00  5.501E-05
   11   1    nobuffer  Earth         1.00    100.00    775.88   1137.98   1910.00  3.520E+02  2.999E+02  1.514E+00  1.005E+00  4.796E+01  9.742E-10  1.539E+00  5.631E-05
   12   1    nobuffer  Earth         1.00    100.00    775.88   1137.98   1900.00  3.520E+02  2.999E+02  1.519E+00  9.999E-01  4.797E+01  1.056E-09  1.539E+00  5.765E-05
   13   1    nobuffer  Earth         1.00    100.00    775.88   1137.98   1890.00  3.520E+02  2.999E+02  1.524E+00  9.944E-01  4.798E+01  1.145E-09  1.539E+00  5.904E-05
   14   1    nobuffer  Earth         1.00    100.00    775.88   1137.98   1880.00  3.520E+02  2.999E+02  1.530E+00  9.889E-01  4.798E+01  1.243E-09  1.539E+00  6.047E-05
   15   1    nobuffer  Earth         1.00    100.00    775.88   1137.98   1870.00  3.520E+02  2.999E+02  1.536E+00  9.834E-01  4.799E+01  1.351E-09  1.539E+00  6.195E-05
   16   1    nobuffer  Earth         1.00    100.00    775.88   1137.98   1860.00  3.520E+02  2.999E+02  1.541E+00  9.778E-01  4.799E+01  1.468E-09  1.539E+00  6.349E-05
   17   1    nobuffer  Earth         1.00    100.00    775.88   1137.98   1850.00  3.520E+02  2.999E+02  1.547E+00  9.721E-01  4.800E+01  1.598E-09  1.539E+00  6.507E-05
   18   1    nobuffer  Earth         1.00    100.00    775.88   1137.98   1840.00  3.520E+02  2.999E+02  1.553E+00  9.664E-01  4.800E+01  1.740E-09  1.539E+00  6.672E-05
   19   1    nobuffer  Earth         1.00    100.00    775.88   1137.98   1830.00  3.520E+02  2.999E+02  1.558E+00  9.606E-01  4.801E+01  1.897E-09  1.539E+00  6.842E-05
   20   1    nobuffer  Earth         1.00    100.00    775.88   1137.98   1820.00  3.520E+02  2.999E+02  1.564E+00  9.547E-01  4.802E+01  2.070E-09  1.539E+00  7.018E-05
   21   1    nobuffer  Earth         1.00    100.00    775.88   1137.98   1810.00  3.520E+02  2.999E+02  1.570E+00  9.488E-01  4.802E+01  2.260E-09  1.539E+00  7.201E-05
   22   1    nobuffer  Earth         1.00    100.00    775.88   1137.98   1800.00  3.520E+02  2.999E+02  1.576E+00  9.429E-01  4.803E+01  2.470E-09  1.539E+00  7.390E-05
   23   1    nobuffer  Earth         1.00    100.00    775.88   1137.98   1790.00  3.520E+02  2.999E+02  1.582E+00  9.368E-01  4.803E+01  2.702E-09  1.539E+00  7.587E-05
   24   1    nobuffer  Earth         1.00    100.00    775.88   1137.98   1780.00  3.520E+02  2.999E+02  1.588E+00  9.307E-01  4.804E+01  2.958E-09  1.539E+00  7.790E-05
   25   1    nobuffer  Earth         1.00    100.00    775.88   1137.98   1770.00  3.520E+02  2.999E+02  1.594E+00  9.246E-01  4.805E+01  3.242E-09  1.539E+00  8.002E-05
   26   1    nobuffer  Earth         1.00    100.00    775.88   1137.98   1760.00  3.520E+02  2.998E+02  1.601E+00  9.184E-01  4.805E+01  3.556E-09  1.539E+00  8.221E-05
   27   1    nobuffer  Earth         1.00    100.00    775.88   1137.98   1750.00  3.520E+02  2.998E+02  1.607E+00  9.121E-01  4.806E+01  3.905E-09  1.539E+00  8.449E-05
   28   1    nobuffer  Earth         1.00    100.00    775.88   1137.98   1740.00  3.520E+02  2.998E+02  1.613E+00  9.058E-01  4.806E+01  4.291E-09  1.539E+00  8.685E-05
   29   1    nobuffer  Earth         1.00    100.00    775.88   1137.98   1730.00  3.520E+02  2.998E+02  1.620E+00  8.993E-01  4.807E+01  4.721E-09  1.539E+00  8.930E-05
   30   1    nobuffer  Earth         1.00    100.00    775.88   1137.98   1720.00  3.520E+02  2.998E+02  1.626E+00  8.929E-01  4.808E+01  5.199E-09  1.539E+00  9.186E-05
   31   1    nobuffer  Earth         1.00    100.00    775.88   1137.98   1710.00  3.520E+02  2.998E+02  1.633E+00  8.863E-01  4.808E+01  5.732E-09  1.539E+00  9.451E-05
   32   1    nobuffer  Earth         1.00    100.00    775.88   1137.98   1700.00  3.520E+02  2.998E+02  1.639E+00  8.797E-01  4.809E+01  6.325E-09  1.539E+00  9.727E-05
   33   1    nobuffer  Earth         1.00    100.00    775.88   1137.98   1690.00  3.520E+02  2.998E+02  1.646E+00  8.731E-01  4.810E+01  6.987E-09  1.539E+00  1.001E-04
   34   1    nobuffer  Earth         1.00    100.00    775.88   1137.98   1680.00  3.520E+02  2.998E+02  1.653E+00  8.663E-01  4.810E+01  7.727E-09  1.539E+00  1.031E-04
   35   1    nobuffer  Earth         1.00    100.00    775.88   1137.98   1670.00  3.520E+02  2.998E+02  1.659E+00  8.595E-01  4.811E+01  8.555E-09  1.539E+00  1.062E-04
   36   1    nobuffer  Earth         1.00    100.00    775.88   1137.98   1660.00  3.520E+02  2.998E+02  1.666E+00  8.526E-01  4.812E+01  9.481E-09  1.539E+00  1.095E-04
   37   1    nobuffer  Earth         1.00    100.00    775.88   1137.98   1650.00  3.520E+02  2.998E+02  1.673E+00  8.457E-01  4.812E+01  1.052E-08  1.539E+00  1.128E-04
   38   1    nobuffer  Earth         1.00    100.00    775.88   1137.98   1640.00  3.520E+02  2.998E+02  1.680E+00  8.387E-01  4.813E+01  1.168E-08  1.539E+00  1.164E-04
   39   1    nobuffer  Earth         1.00    100.00    775.88   1137.98   1630.00  3.520E+02  2.998E+02  1.687E+00  8.316E-01  4.814E+01  1.299E-08  1.539E+00  1.200E-04
   40   1    nobuffer  Earth         1.00    100.00    775.88   1137.98   1620.00  3.520E+02  2.998E+02  1.694E+00  8.244E-01  4.815E+01  1.447E-08  1.539E+00  1.238E-04
   41   1    nobuffer  Earth         1.00    100.00    775.88   1137.98   1610.00  3.520E+02  2.997E+02  1.702E+00  8.172E-01  4.815E+01  1.613E-08  1.539E+00  1.278E-04
   42   1    nobuffer  Earth         1.00    100.00    775.88   1137.98   1600.00  3.520E+02  2.997E+02  1.709E+00  8.099E-01  4.816E+01  1.800E-08  1.539E+00  1.320E-04
   43   1    nobuffer  Earth         1.00    100.00    775.88   1137.98   1590.00  3.520E+02  2.997E+02  1.716E+00  8.025E-01  4.817E+01  2.011E-08  1.539E+00  1.364E-04
   44   1    nobuffer  Earth         1.00    100.00    775.88   1137.98   1580.00  3.520E+02  2.997E+02  1.724E+00  7.951E-01  4.817E+01  2.250E-08  1.539E+00  1.409E-04
   45   1    nobuffer  Earth         1.00    100.00    775.88   1137.98   1570.00  3.520E+02  2.997E+02  1.731E+00  7.876E-01  4.818E+01  2.521E-08  1.539E+00  1.456E-04
   46   1    nobuffer  Earth         1.00    100.00    775.88   1137.98   1560.00  3.520E+02  2.997E+02  1.739E+00  7.800E-01  4.819E+01  2.828E-08  1.539E+00  1.506E-04
   47   1    nobuffer  Earth         1.00    100.00    775.88   1137.98   1550.00  3.520E+02  2.997E+02  1.747E+00  7.723E-01  4.820E+01  3.176E-08  1.539E+00  1.558E-04
   48   1    nobuffer  Earth         1.00    100.00    775.88   1137.98   1540.00  3.520E+02  2.997E+02  1.754E+00  7.646E-01  4.821E+01  3.572E-08  1.539E+00  1.612E-04
   49   1    nobuffer  Earth         1.00    100.00    775.88   1137.98   1530.00  3.520E+02  2.997E+02  1.762E+00  7.568E-01  4.821E+01  4.023E-08  1.539E+00  1.669E-04
   50   1    nobuffer  Earth         1.00    100.00    775.88   1137.98   1520.00  3.520E+02  2.997E+02  1.770E+00  7.489E-01  4.822E+01  4.538E-08  1.539E+00  1.729E-04
   51   1    nobuffer  Earth         1.00    100.00    775.88   1137.98   1510.00  3.520E+02  2.997E+02  1.778E+00  7.410E-01  4.823E+01  5.125E-08  1.539E+00  1.791E-04
   52   1    nobuffer  Earth         1.00    100.00    775.88   1137.98   1500.00  3.520E+02  2.997E+02  1.786E+00  7.329E-01  4.824E+01  5.796E-08  1.539E+00  1.857E-04
   53   1    nobuffer  Earth         1.00    100.00    775.88   1137.98   1490.00  3.520E+02  2.997E+02  1.794E+00  7.248E-01  4.825E+01  6.565E-08  1.539E+00  1.926E-04
   54   1    nobuffer  Earth         1.00    100.00    775.88   1137.98   1480.00  3.520E+02  2.996E+02  1.802E+00  7.167E-01  4.825E+01  7.447E-08  1.539E+00  1.998E-04
   55   1    nobuffer  Earth         1.00    100.00    775.88   1137.98   1470.00  3.520E+02  2.996E+02  1.811E+00  7.084E-01  4.826E+01  8.460E-08  1.539E+00  2.073E-04
   56   1    nobuffer  Earth         1.00    100.00    775.88   1137.98   1460.00  3.520E+02  2.996E+02  1.819E+00  7.001E-01  4.827E+01  9.626E-08  1.539E+00  2.153E-04
   57   1    nobuffer  Earth         1.00    100.00    775.88   1137.98   1450.00  3.520E+02  2.996E+02  1.827E+00  6.917E-01  4.828E+01  1.097E-07  1.539E+00  2.236E-04
   58   1    nobuffer  Earth         1.00    100.00    775.88   1137.98   1440.00  3.520E+02  2.996E+02  1.836E+00  6.832E-01  4.829E+01  1.252E-07  1.539E+00  2.324E-04
   59   1    nobuffer  Earth         1.00    100.00    775.88   1137.98   1430.00  3.520E+02  2.996E+02  1.844E+00  6.747E-01  4.830E+01  1.431E-07  1.539E+00  2.417E-04
   60   1    nobuffer  Earth         1.00    100.00    775.88   1137.98   1420.00  3.520E+02  2.996E+02  1.853E+00  6.661E-01  4.830E+01  1.639E-07  1.539E+00  2.514E-04
   61   1    nobuffer  Earth         1.00    100.00    775.88   1137.98   1410.00  3.520E+02  2.996E+02  1.862E+00  6.574E-01  4.831E+01  1.880E-07  1.539E+00  2.617E-04
   62   1    nobuffer  Earth         1.00    100.00    775.88   1137.98   1400.00  3.520E+02  2.996E+02  1.870E+00  6.487E-01  4.832E+01  2.161E-07  1.539E+00  2.725E-04
   63   1    nobuffer  Earth         1.00    100.00    775.88   1137.98   1390.00  3.520E+02  2.996E+02  1.879E+00  6.398E-01  4.833E+01  2.487E-07  1.539E+00  2.839E-04
   64   1    nobuffer  Earth         1.00    100.00    775.88   1137.98   1380.00  3.520E+02  2.996E+02  1.888E+00  6.310E-01  4.834E+01  2.868E-07  1.539E+00  2.959E-04
   65   1    nobuffer  Earth         1.00    100.00    775.88   1137.98   1370.00  3.520E+02  2.995E+02  1.897E+00  6.220E-01  4.835E+01  3.312E-07  1.539E+00  3.086E-04
   66   1    nobuffer  Earth         1.00    100.00    775.88   1137.98   1360.00  3.520E+02  2.995E+02  1.906E+00  6.130E-01  4.836E+01  3.834E-07  1.539E+00  3.220E-04
   67   1    nobuffer  Earth         1.00    100.00    775.88   1137.98   1350.00  3.520E+02  2.995E+02  1.915E+00  6.039E-01  4.837E+01  4.445E-07  1.539E+00  3.362E-04
   68   1    nobuffer  Earth         1.00    100.00    775.88   1137.98   1340.00  3.520E+02  2.995E+02  1.924E+00  5.947E-01  4.838E+01  5.164E-07  1.539E+00  3.512E-04
   69   1    nobuffer  Earth         1.00    100.00    775.88   1137.98   1330.00  3.520E+02  2.995E+02  1.933E+00  5.855E-01  4.838E+01  6.010E-07  1.539E+00  3.671E-04
   70   1    nobuffer  Earth         1.00    100.00    775.88   1137.98   1320.00  3.520E+02  2.995E+02  1.943E+00  5.762E-01  4.839E+01  7.010E-07  1.539E+00  3.839E-04
   71   1    nobuffer  Earth         1.00    100.00    775.88   1137.98   1310.00  3.520E+02  2.995E+02  1.952E+00  5.669E-01  4.840E+01  8.192E-07  1.539E+00  4.018E-04
   72   1    nobuffer  Earth         1.00    100.00    775.88   1137.98   1300.00  3.520E+02  2.995E+02  1.961E+00  5.574E-01  4.841E+01  9.594E-07  1.539E+00  4.207E-04
   73   1    nobuffer  Earth         1.00    100.00    775.88   1137.98   1290.00  3.520E+02  2.995E+02  1.971E+00  5.480E-01  4.842E+01  1.126E-06  1.539E+00  4.407E-04
   74   1    nobuffer  Earth         1.00    100.00    775.88   1137.98   1280.00  3.520E+02  2.995E+02  1.980E+00  5.385E-01  4.843E+01  1.324E-06  1.539E+00  4.620E-04
   75   1    nobuffer  Earth         1.00    100.00    775.88   1137.98   1270.00  3.520E+02  2.995E+02  1.990E+00  5.289E-01  4.844E+01  1.561E-06  1.539E+00  4.847E-04
   76   1    nobuffer  Earth         1.00    100.00    775.88   1137.98   1260.00  3.520E+02  2.994E+02  2.000E+00  5.193E-01  4.845E+01  1.844E-06  1.539E+00  5.088E-04
   77   1    nobuffer  Earth         1.00    100.00    775.88   1137.98   1250.00  3.520E+02  2.994E+02  2.009E+00  5.096E-01  4.846E+01  2.183E-06  1.539E+00  5.344E-04
   78   1    nobuffer  Earth         1.00    100.00    775.88   1137.98   1240.00  3.520E+02  2.994E+02  2.019E+00  4.998E-01  4.847E+01  2.591E-06  1.539E+00  5.617E-04
   79   1    nobuffer  Earth         1.00    100.00    775.88   1137.98   1230.00  3.520E+02  2.994E+02  2.029E+00  4.901E-01  4.848E+01  3.082E-06  1.539E+00  5.909E-04
   80   1    nobuffer  Earth         1.00    100.00    775.88   1137.98   1220.00  3.520E+02  2.994E+02  2.039E+00  4.803E-01  4.849E+01  3.676E-06  1.539E+00  6.219E-04
   81   1    nobuffer  Earth         1.00    100.00    775.88   1137.98   1210.00  3.520E+02  2.994E+02  2.048E+00  4.704E-01  4.850E+01  4.395E-06  1.539E+00  6.551E-04
   82   1    nobuffer  Earth         1.00    100.00    775.88   1137.98   1200.00  3.520E+02  2.994E+02  2.058E+00  4.605E-01  4.851E+01  5.268E-06  1.539E+00  6.905E-04
   83   1    nobuffer  Earth         1.00    100.00    775.88   1137.98   1190.00  3.520E+02  2.994E+02  2.068E+00  4.506E-01  4.852E+01  6.330E-06  1.539E+00  7.284E-04
   84   1    nobuffer  Earth         1.00    100.00    775.88   1137.98   1180.00  3.520E+02  2.994E+02  2.078E+00  4.407E-01  4.853E+01  7.627E-06  1.539E+00  7.690E-04
   85   1    nobuffer  Earth         1.00    100.00    775.88   1137.98   1170.00  3.520E+02  2.994E+02  2.088E+00  4.307E-01  4.854E+01  9.215E-06  1.539E+00  8.125E-04
   86   1    nobuffer  Earth         1.00    100.00    775.88   1137.98   1160.00  3.520E+02  2.993E+02  2.098E+00  4.207E-01  4.855E+01  1.116E-05  1.539E+00  8.591E-04
   87   1    nobuffer  Earth         1.00    100.00    775.88   1137.98   1150.00  3.520E+02  2.993E+02  2.108E+00  4.107E-01  4.856E+01  1.357E-05  1.539E+00  9.092E-04
   88   1    nobuffer  Earth         1.00    100.00    775.88   1137.98   1140.00  3.520E+02  2.993E+02  2.118E+00  4.006E-01  4.857E+01  1.653E-05  1.539E+00  9.630E-04
   89   1    nobuffer  Earth         1.00    100.00    775.88   1137.98   1130.00  3.520E+02  2.993E+02  2.128E+00  3.906E-01  4.858E+01  2.020E-05  1.539E+00  1.021E-03
   90   1    nobuffer  Earth         1.00    100.00    775.88   1137.98   1120.00  3.520E+02  2.993E+02  2.138E+00  3.806E-01  4.859E+01  2.477E-05  1.539E+00  1.083E-03
   91   1    nobuffer  Earth         1.00    100.00    775.88   1137.98   1110.00  3.520E+02  2.993E+02  2.148E+00  3.705E-01  4.860E+01  3.046E-05  1.538E+00  1.150E-03
   92   1    nobuffer  Earth         1.00    100.00    775.88   1137.98   1100.00  3.520E+02  2.993E+02  2.158E+00  3.605E-01  4.861E+01  3.757E-05  1.538E+00  1.223E-03
   93   1    nobuffer  Earth         1.00    100.00    775.88   1137.98   1090.00  3.520E+02  2.993E+02  2.168E+00  3.505E-01  4.862E+01  4.650E-05  1.538E+00  1.301E-03
   94   1    nobuffer  Earth         1.00    100.00    775.88   1137.98   1080.00  3.520E+02  2.993E+02  2.178E+00  3.405E-01  4.863E+01  5.775E-05  1.538E+00  1.385E-03
   95   1    nobuffer  Earth         1.00    100.00    775.88   1137.98   1070.00  3.520E+02  2.993E+02  2.188E+00  3.305E-01  4.864E+01  7.196E-05  1.538E+00  1.477E-03
   96   1    nobuffer  Earth         1.00    100.00    775.88   1137.98   1060.00  3.520E+02  2.992E+02  2.198E+00  3.205E-01  4.865E+01  8.999E-05  1.538E+00  1.576E-03
   97   1    nobuffer  Earth         1.00    100.00    775.88   1137.98   1050.00  3.520E+02  2.992E+02  2.208E+00  3.106E-01  4.866E+01  1.129E-04  1.538E+00  1.683E-03
   98   1    nobuffer  Earth         1.00    100.00    775.88   1137.98   1040.00  3.520E+02  2.992E+02  2.218E+00  3.007E-01  4.867E+01  1.422E-04  1.538E+00  1.800E-03
   99   1    nobuffer  Earth         1.00    100.00    775.88   1137.98   1030.00  3.520E+02  2.992E+02  2.227E+00  2.909E-01  4.868E+01  1.799E-04  1.538E+00  1.927E-03
  100   1    nobuffer  Earth         1.00    100.00    775.88   1137.98   1020.00  3.520E+02  2.992E+02  2.237E+00  2.811E-01  4.869E+01  2.283E-04  1.538E+00  2.065E-03
  101   1    nobuffer  Earth         1.00    100.00    775.88   1137.98   1010.00  3.520E+02  2.992E+02  2.246E+00  2.714E-01  4.870E+01  2.909E-04  1.538E+00  2.216E-03
  102   1    nobuffer  Earth         1.00    100.00    775.88   1137.98   1000.00  3.520E+02  2.992E+02  2.256E+00  2.617E-01  4.871E+01  3.721E-04  1.538E+00  2.381E-03
  103   1    nobuffer  Earth         1.00    100.00    775.88   1137.98    990.00  3.520E+02  2.992E+02  2.265E+00  2.521E-01  4.872E+01  4.780E-04  1.538E+00  2.560E-03
  104   1    nobuffer  Earth         1.00    100.00    775.88   1137.98    980.00  3.520E+02  2.992E+02  2.274E+00  2.426E-01  4.873E+01  6.167E-04  1.538E+00  2.757E-03
  105   1    nobuffer  Earth         1.00    100.00    775.88   1137.98    970.00  3.520E+02  2.992E+02  2.283E+00  2.331E-01  4.874E+01  7.988E-04  1.538E+00  2.972E-03
  106   1    nobuffer  Earth         1.00    100.00    775.88   1137.98    960.00  3.520E+02  2.992E+02  2.291E+00  2.238E-01  4.875E+01  1.039E-03  1.537E+00  3.208E-03
  107   1    nobuffer  Earth         1.00    100.00    775.88   1137.98    950.00  3.520E+02  2.991E+02  2.299E+00  2.145E-01  4.875E+01  1.358E-03  1.537E+00  3.467E-03
  108   1    nobuffer  Earth         1.00    100.00    775.88   1137.98    940.00  3.520E+02  2.991E+02  2.306E+00  2.053E-01  4.876E+01  1.781E-03  1.537E+00  3.751E-03
  109   1    nobuffer  Earth         1.00    100.00    775.88   1137.98    930.00  3.520E+02  2.991E+02  2.313E+00  1.962E-01  4.877E+01  2.347E-03  1.537E+00  4.063E-03
  110   1    nobuffer  Earth         1.00    100.00    775.88   1137.98    920.00  3.520E+02  2.991E+02  2.319E+00  1.872E-01  4.878E+01  3.105E-03  1.537E+00  4.406E-03
  111   1    nobuffer  Earth         1.00    100.00    775.88   1137.98    910.00  3.520E+02  2.991E+02  2.324E+00  1.783E-01  4.879E+01  4.122E-03  1.537E+00  4.782E-03
  112   1    nobuffer  Earth         1.00    100.00    775.88   1137.98    900.00  3.520E+02  2.991E+02  2.328E+00  1.695E-01  4.880E+01  5.491E-03  1.537E+00  5.195E-03
  113   1    nobuffer  Earth         1.00    100.00    775.88   1137.98    890.00  3.520E+02  2.991E+02  2.329E+00  1.607E-01  4.880E+01  7.333E-03  1.536E+00  5.646E-03
  114   1    nobuffer  Earth         1.00    100.00    775.88   1137.98    880.00  3.520E+02  2.991E+02  2.328E+00  1.520E-01  4.881E+01  9.811E-03  1.536E+00  6.137E-03
  115   1    nobuffer  Earth         1.00    100.00    775.88   1137.98    870.00  3.520E+02  2.991E+02  2.323E+00  1.433E-01  4.882E+01  1.313E-02  1.536E+00  6.670E-03
  116   1    nobuffer  Earth         1.00    100.00    775.88   1137.98    860.00  3.520E+02  2.991E+02  2.314E+00  1.347E-01  4.882E+01  1.756E-02  1.536E+00  7.243E-03
  117   1    nobuffer  Earth         1.00    100.00    775.88   1137.98    850.00  3.520E+02  2.991E+02  2.300E+00  1.260E-01  4.883E+01  2.341E-02  1.535E+00  7.852E-03
  118   1    nobuffer  Earth         1.00    100.00    775.88   1137.98    840.00  3.520E+02  2.992E+02  2.278E+00  1.173E-01  4.883E+01  3.104E-02  1.535E+00  8.490E-03
  119   1    nobuffer  Earth         1.00    100.00    775.88   1137.98    830.00  3.520E+02  2.992E+02  2.248E+00  1.085E-01  4.883E+01  4.082E-02  1.535E+00  9.148E-03
  120   1    nobuffer  Earth         1.00    100.00    775.88   1137.98    820.00  3.520E+02  2.992E+02  2.208E+00  9.980E-02  4.883E+01  5.309E-02  1.535E+00  9.810E-03
  121   1    nobuffer  Earth         1.00    100.00    775.88   1137.98    810.00  3.520E+02  2.993E+02  2.156E+00  9.108E-02  4.883E+01  6.809E-02  1.534E+00  1.046E-02
  122   1    nobuffer  Earth         1.00    100.00    775.88   1137.98    800.00  3.520E+02  2.993E+02  2.094E+00  8.243E-02  4.883E+01  8.595E-02  1.534E+00  1.108E-02
  123   1    nobuffer  Earth         1.00    100.00    775.88   1137.98    790.00  3.520E+02  2.994E+02  2.020E+00  7.396E-02  4.882E+01  1.066E-01  1.534E+00  1.166E-02
  124   1    nobuffer  Earth         1.00    100.00    775.88   1137.98    780.00  3.520E+02  2.995E+02  1.936E+00  6.576E-02  4.881E+01  1.298E-01  1.534E+00  1.217E-02
  125   1    nobuffer  Earth         1.00    100.00    775.88   1137.98    770.00  3.520E+02  2.996E+02  1.842E+00  5.792E-02  4.880E+01  1.552E-01  1.534E+00  1.262E-02
  126   1    nobuffer  Earth         1.00    100.00    775.88   1137.98    760.00  3.520E+02  2.997E+02  1.742E+00  5.055E-02  4.879E+01  1.824E-01  1.534E+00  1.298E-02
  127   1    nobuffer  Earth         1.00    100.00    775.88   1137.98    750.00  3.520E+02  2.998E+02  1.636E+00  4.370E-02  4.877E+01  2.107E-01  1.534E+00  1.326E-02
  128   1    nobuffer  Earth         1.00    100.00    775.88   1137.98    740.00  3.520E+02  2.999E+02  1.526E+00  3.744E-02  4.876E+01  2.397E-01  1.534E+00  1.347E-02
  129   1    nobuffer  Earth         1.00    100.00    775.88   1137.98    730.00  3.520E+02  3.000E+02  1.415E+00  3.179E-02  4.874E+01  2.689E-01  1.535E+00  1.359E-02
  130   1    nobuffer  Earth         1.00    100.00    775.88   1137.98    720.00  3.520E+02  3.001E+02  1.305E+00  2.674E-02  4.873E+01  2.979E-01  1.535E+00  1.365E-02
  131   1    nobuffer  Earth         1.00    100.00    775.88   1137.98    710.00  3.520E+02  3.002E+02  1.196E+00  2.230E-02  4.871E+01  3.262E-01  1.535E+00  1.363E-02
  132   1    nobuffer  Earth         1.00    100.00    775.88   1137.98    700.00  3.520E+02  3.003E+02  1.091E+00  1.843E-02  4.870E+01  3.537E-01  1.535E+00  1.355E-02
  133   1    nobuffer  Earth         1.00    100.00    775.88   1137.98    690.00  3.520E+02  3.003E+02  9.891E-01  1.510E-02  4.868E+01  3.800E-01  1.536E+00  1.342E-02
  134   1    nobuffer  Earth         1.00    100.00    775.88   1137.98    680.00  3.520E+02  3.004E+02  8.922E-01  1.226E-02  4.867E+01  4.051E-01  1.536E+00  1.324E-02
  135   1    nobuffer  Earth         1.00    100.00    775.88   1137.98    670.00  3.520E+02  3.005E+02  8.007E-01  9.865E-03  4.865E+01  4.286E-01  1.536E+00  1.301E-02
  136   1    nobuffer  Earth         1.00    100.00    775.88   1137.98    660.00  3.520E+02  3.006E+02  7.149E-01  7.864E-03  4.864E+01  4.506E-01  1.537E+00  1.275E-02
  137   1    nobuffer  Earth         1.00    100.00    775.88   1137.98    650.00  3.520E+02  3.007E+02  6.351E-01  6.210E-03  4.862E+01  4.711E-01  1.537E+00  1.245E-02
