 planet=Earth        Mplanet=  1.00   buffer=nobuffer pCO2=   100.000 pH2O=   500.000 minpH2O=    10.000 pN2=     2.000 pCO=     0.000

                         M_i    N_O   buffer   planet           PCO2     T_q(CH4)  T_q(NH3)             H2O        H2         CO         CO2        CH4        N2         NH3     
 quenched columns     6.31E+22   1   nobuffer  Earth            100.00    803.03   1157.11            8.485E+03  6.295E+01  4.225E+00  2.308E+03  1.985E+00  7.273E+01  1.925E-02
 quenched pressures   6.31E+22   1   nobuffer  Earth            100.00    803.03   1157.11            1.955E+02  1.451E+00  9.737E-02  5.319E+01  4.574E-02  1.675E+00  4.435E-04
 dry pressures        6.31E+22   1   nobuffer  Earth            100.00    803.03   1157.11            0.000E+00  2.621E+00  1.759E-01  9.609E+01  8.263E-02  3.028E+00  8.016E-04

   i   N_O   buffer    planet       Mplanet   PCO2    T_q(CH4)  T_q(NH3)   T[K]    P[bars]      H2O        H2         CO         CO2        CH4        N2         NH3     
    1   1    nobuffer  Earth         1.00    100.00    803.03   1157.11   2010.00  2.520E+02  1.962E+02  7.841E-01  9.462E-01  5.237E+01  9.571E-11  1.676E+00  1.844E-05
    2   1    nobuffer  Earth         1.00    100.00    803.03   1157.11   2000.00  2.520E+02  1.962E+02  7.875E-01  9.428E-01  5.237E+01  1.034E-10  1.676E+00  1.887E-05
    3   1    nobuffer  Earth         1.00    100.00    803.03   1157.11   1990.00  2.520E+02  1.962E+02  7.910E-01  9.393E-01  5.237E+01  1.118E-10  1.676E+00  1.931E-05
    4   1    nobuffer  Earth         1.00    100.00    803.03   1157.11   1980.00  2.520E+02  1.962E+02  7.945E-01  9.358E-01  5.238E+01  1.210E-10  1.676E+00  1.977E-05
    5   1    nobuffer  Earth         1.00    100.00    803.03   1157.11   1970.00  2.520E+02  1.962E+02  7.980E-01  9.322E-01  5.238E+01  1.310E-10  1.676E+00  2.024E-05
    6   1    nobuffer  Earth         1.00    100.00    803.03   1157.11   1960.00  2.520E+02  1.962E+02  8.016E-01  9.287E-01  5.238E+01  1.420E-10  1.676E+00  2.073E-05
    7   1    nobuffer  Earth         1.00    100.00    803.03   1157.11   1950.00  2.520E+02  1.962E+02  8.053E-01  9.250E-01  5.239E+01  1.539E-10  1.676E+00  2.124E-05
    8   1    nobuffer  Earth         1.00    100.00    803.03   1157.11   1940.00  2.520E+02  1.962E+02  8.089E-01  9.213E-01  5.239E+01  1.670E-10  1.676E+00  2.176E-05
    9   1    nobuffer  Earth         1.00    100.00    803.03   1157.11   1930.00  2.520E+02  1.962E+02  8.127E-01  9.176E-01  5.240E+01  1.815E-10  1.676E+00  2.230E-05
   10   1    nobuffer  Earth         1.00    100.00    803.03   1157.11   1920.00  2.520E+02  1.962E+02  8.165E-01  9.138E-01  5.240E+01  1.972E-10  1.676E+00  2.286E-05
   11   1    nobuffer  Earth         1.00    100.00    803.03   1157.11   1910.00  2.520E+02  1.962E+02  8.203E-01  9.100E-01  5.240E+01  2.146E-10  1.676E+00  2.344E-05
   12   1    nobuffer  Earth         1.00    100.00    803.03   1157.11   1900.00  2.520E+02  1.962E+02  8.241E-01  9.061E-01  5.241E+01  2.336E-10  1.676E+00  2.404E-05
   13   1    nobuffer  Earth         1.00    100.00    803.03   1157.11   1890.00  2.520E+02  1.962E+02  8.281E-01  9.022E-01  5.241E+01  2.546E-10  1.676E+00  2.466E-05
   14   1    nobuffer  Earth         1.00    100.00    803.03   1157.11   1880.00  2.520E+02  1.962E+02  8.320E-01  8.983E-01  5.241E+01  2.776E-10  1.676E+00  2.530E-05
   15   1    nobuffer  Earth         1.00    100.00    803.03   1157.11   1870.00  2.520E+02  1.962E+02  8.360E-01  8.942E-01  5.242E+01  3.031E-10  1.676E+00  2.597E-05
   16   1    nobuffer  Earth         1.00    100.00    803.03   1157.11   1860.00  2.520E+02  1.961E+02  8.401E-01  8.902E-01  5.242E+01  3.311E-10  1.676E+00  2.666E-05
   17   1    nobuffer  Earth         1.00    100.00    803.03   1157.11   1850.00  2.520E+02  1.961E+02  8.442E-01  8.861E-01  5.243E+01  3.621E-10  1.676E+00  2.738E-05
   18   1    nobuffer  Earth         1.00    100.00    803.03   1157.11   1840.00  2.520E+02  1.961E+02  8.484E-01  8.819E-01  5.243E+01  3.962E-10  1.676E+00  2.812E-05
   19   1    nobuffer  Earth         1.00    100.00    803.03   1157.11   1830.00  2.520E+02  1.961E+02  8.526E-01  8.777E-01  5.244E+01  4.341E-10  1.676E+00  2.889E-05
   20   1    nobuffer  Earth         1.00    100.00    803.03   1157.11   1820.00  2.520E+02  1.961E+02  8.569E-01  8.734E-01  5.244E+01  4.759E-10  1.676E+00  2.969E-05
   21   1    nobuffer  Earth         1.00    100.00    803.03   1157.11   1810.00  2.520E+02  1.961E+02  8.612E-01  8.690E-01  5.244E+01  5.223E-10  1.676E+00  3.052E-05
   22   1    nobuffer  Earth         1.00    100.00    803.03   1157.11   1800.00  2.520E+02  1.961E+02  8.656E-01  8.647E-01  5.245E+01  5.738E-10  1.676E+00  3.139E-05
   23   1    nobuffer  Earth         1.00    100.00    803.03   1157.11   1790.00  2.520E+02  1.961E+02  8.701E-01  8.602E-01  5.245E+01  6.309E-10  1.676E+00  3.228E-05
   24   1    nobuffer  Earth         1.00    100.00    803.03   1157.11   1780.00  2.520E+02  1.961E+02  8.746E-01  8.557E-01  5.246E+01  6.944E-10  1.676E+00  3.322E-05
   25   1    nobuffer  Earth         1.00    100.00    803.03   1157.11   1770.00  2.520E+02  1.961E+02  8.791E-01  8.512E-01  5.246E+01  7.650E-10  1.676E+00  3.418E-05
   26   1    nobuffer  Earth         1.00    100.00    803.03   1157.11   1760.00  2.520E+02  1.961E+02  8.837E-01  8.465E-01  5.247E+01  8.437E-10  1.676E+00  3.519E-05
   27   1    nobuffer  Earth         1.00    100.00    803.03   1157.11   1750.00  2.520E+02  1.961E+02  8.884E-01  8.419E-01  5.247E+01  9.314E-10  1.676E+00  3.624E-05
   28   1    nobuffer  Earth         1.00    100.00    803.03   1157.11   1740.00  2.520E+02  1.961E+02  8.931E-01  8.371E-01  5.248E+01  1.029E-09  1.676E+00  3.733E-05
   29   1    nobuffer  Earth         1.00    100.00    803.03   1157.11   1730.00  2.520E+02  1.961E+02  8.979E-01  8.323E-01  5.248E+01  1.139E-09  1.676E+00  3.847E-05
   30   1    nobuffer  Earth         1.00    100.00    803.03   1157.11   1720.00  2.520E+02  1.961E+02  9.028E-01  8.275E-01  5.249E+01  1.261E-09  1.676E+00  3.965E-05
   31   1    nobuffer  Earth         1.00    100.00    803.03   1157.11   1710.00  2.520E+02  1.961E+02  9.077E-01  8.226E-01  5.249E+01  1.398E-09  1.676E+00  4.088E-05
   32   1    nobuffer  Earth         1.00    100.00    803.03   1157.11   1700.00  2.520E+02  1.961E+02  9.127E-01  8.176E-01  5.250E+01  1.552E-09  1.676E+00  4.217E-05
   33   1    nobuffer  Earth         1.00    100.00    803.03   1157.11   1690.00  2.520E+02  1.961E+02  9.178E-01  8.125E-01  5.250E+01  1.724E-09  1.676E+00  4.351E-05
   34   1    nobuffer  Earth         1.00    100.00    803.03   1157.11   1680.00  2.520E+02  1.961E+02  9.229E-01  8.074E-01  5.251E+01  1.918E-09  1.676E+00  4.490E-05
   35   1    nobuffer  Earth         1.00    100.00    803.03   1157.11   1670.00  2.520E+02  1.961E+02  9.281E-01  8.022E-01  5.251E+01  2.136E-09  1.676E+00  4.636E-05
   36   1    nobuffer  Earth         1.00    100.00    803.03   1157.11   1660.00  2.520E+02  1.961E+02  9.333E-01  7.970E-01  5.252E+01  2.381E-09  1.676E+00  4.788E-05
   37   1    nobuffer  Earth         1.00    100.00    803.03   1157.11   1650.00  2.520E+02  1.961E+02  9.386E-01  7.917E-01  5.252E+01  2.658E-09  1.676E+00  4.947E-05
   38   1    nobuffer  Earth         1.00    100.00    803.03   1157.11   1640.00  2.520E+02  1.960E+02  9.440E-01  7.863E-01  5.253E+01  2.971E-09  1.676E+00  5.113E-05
   39   1    nobuffer  Earth         1.00    100.00    803.03   1157.11   1630.00  2.520E+02  1.960E+02  9.495E-01  7.808E-01  5.253E+01  3.324E-09  1.676E+00  5.286E-05
   40   1    nobuffer  Earth         1.00    100.00    803.03   1157.11   1620.00  2.520E+02  1.960E+02  9.550E-01  7.753E-01  5.254E+01  3.724E-09  1.676E+00  5.468E-05
   41   1    nobuffer  Earth         1.00    100.00    803.03   1157.11   1610.00  2.520E+02  1.960E+02  9.606E-01  7.697E-01  5.254E+01  4.178E-09  1.676E+00  5.657E-05
   42   1    nobuffer  Earth         1.00    100.00    803.03   1157.11   1600.00  2.520E+02  1.960E+02  9.663E-01  7.640E-01  5.255E+01  4.693E-09  1.676E+00  5.856E-05
   43   1    nobuffer  Earth         1.00    100.00    803.03   1157.11   1590.00  2.520E+02  1.960E+02  9.720E-01  7.583E-01  5.255E+01  5.278E-09  1.676E+00  6.063E-05
   44   1    nobuffer  Earth         1.00    100.00    803.03   1157.11   1580.00  2.520E+02  1.960E+02  9.779E-01  7.524E-01  5.256E+01  5.944E-09  1.676E+00  6.281E-05
   45   1    nobuffer  Earth         1.00    100.00    803.03   1157.11   1570.00  2.520E+02  1.960E+02  9.837E-01  7.465E-01  5.257E+01  6.703E-09  1.676E+00  6.509E-05
   46   1    nobuffer  Earth         1.00    100.00    803.03   1157.11   1560.00  2.520E+02  1.960E+02  9.897E-01  7.406E-01  5.257E+01  7.570E-09  1.676E+00  6.748E-05
   47   1    nobuffer  Earth         1.00    100.00    803.03   1157.11   1550.00  2.520E+02  1.960E+02  9.958E-01  7.345E-01  5.258E+01  8.560E-09  1.676E+00  6.998E-05
   48   1    nobuffer  Earth         1.00    100.00    803.03   1157.11   1540.00  2.520E+02  1.960E+02  1.002E+00  7.284E-01  5.258E+01  9.694E-09  1.676E+00  7.261E-05
   49   1    nobuffer  Earth         1.00    100.00    803.03   1157.11   1530.00  2.520E+02  1.960E+02  1.008E+00  7.222E-01  5.259E+01  1.099E-08  1.676E+00  7.537E-05
   50   1    nobuffer  Earth         1.00    100.00    803.03   1157.11   1520.00  2.520E+02  1.960E+02  1.014E+00  7.159E-01  5.260E+01  1.248E-08  1.676E+00  7.826E-05
   51   1    nobuffer  Earth         1.00    100.00    803.03   1157.11   1510.00  2.520E+02  1.960E+02  1.021E+00  7.095E-01  5.260E+01  1.420E-08  1.676E+00  8.131E-05
   52   1    nobuffer  Earth         1.00    100.00    803.03   1157.11   1500.00  2.520E+02  1.960E+02  1.027E+00  7.031E-01  5.261E+01  1.618E-08  1.676E+00  8.451E-05
   53   1    nobuffer  Earth         1.00    100.00    803.03   1157.11   1490.00  2.520E+02  1.960E+02  1.034E+00  6.965E-01  5.262E+01  1.845E-08  1.676E+00  8.787E-05
   54   1    nobuffer  Earth         1.00    100.00    803.03   1157.11   1480.00  2.520E+02  1.959E+02  1.040E+00  6.899E-01  5.262E+01  2.109E-08  1.675E+00  9.142E-05
   55   1    nobuffer  Earth         1.00    100.00    803.03   1157.11   1470.00  2.520E+02  1.959E+02  1.047E+00  6.832E-01  5.263E+01  2.413E-08  1.675E+00  9.515E-05
   56   1    nobuffer  Earth         1.00    100.00    803.03   1157.11   1460.00  2.520E+02  1.959E+02  1.054E+00  6.764E-01  5.264E+01  2.767E-08  1.675E+00  9.907E-05
   57   1    nobuffer  Earth         1.00    100.00    803.03   1157.11   1450.00  2.520E+02  1.959E+02  1.061E+00  6.696E-01  5.264E+01  3.177E-08  1.675E+00  1.032E-04
   58   1    nobuffer  Earth         1.00    100.00    803.03   1157.11   1440.00  2.520E+02  1.959E+02  1.068E+00  6.626E-01  5.265E+01  3.653E-08  1.675E+00  1.076E-04
   59   1    nobuffer  Earth         1.00    100.00    803.03   1157.11   1430.00  2.520E+02  1.959E+02  1.075E+00  6.556E-01  5.266E+01  4.209E-08  1.675E+00  1.122E-04
   60   1    nobuffer  Earth         1.00    100.00    803.03   1157.11   1420.00  2.520E+02  1.959E+02  1.082E+00  6.485E-01  5.266E+01  4.858E-08  1.675E+00  1.170E-04
   61   1    nobuffer  Earth         1.00    100.00    803.03   1157.11   1410.00  2.520E+02  1.959E+02  1.089E+00  6.412E-01  5.267E+01  5.616E-08  1.675E+00  1.222E-04
   62   1    nobuffer  Earth         1.00    100.00    803.03   1157.11   1400.00  2.520E+02  1.959E+02  1.096E+00  6.339E-01  5.268E+01  6.504E-08  1.675E+00  1.276E-04
   63   1    nobuffer  Earth         1.00    100.00    803.03   1157.11   1390.00  2.520E+02  1.959E+02  1.104E+00  6.266E-01  5.269E+01  7.547E-08  1.675E+00  1.334E-04
   64   1    nobuffer  Earth         1.00    100.00    803.03   1157.11   1380.00  2.520E+02  1.959E+02  1.111E+00  6.191E-01  5.269E+01  8.773E-08  1.675E+00  1.394E-04
   65   1    nobuffer  Earth         1.00    100.00    803.03   1157.11   1370.00  2.520E+02  1.959E+02  1.119E+00  6.115E-01  5.270E+01  1.022E-07  1.675E+00  1.459E-04
   66   1    nobuffer  Earth         1.00    100.00    803.03   1157.11   1360.00  2.520E+02  1.959E+02  1.126E+00  6.039E-01  5.271E+01  1.192E-07  1.675E+00  1.527E-04
   67   1    nobuffer  Earth         1.00    100.00    803.03   1157.11   1350.00  2.520E+02  1.959E+02  1.134E+00  5.961E-01  5.272E+01  1.394E-07  1.675E+00  1.599E-04
   68   1    nobuffer  Earth         1.00    100.00    803.03   1157.11   1340.00  2.520E+02  1.958E+02  1.142E+00  5.883E-01  5.272E+01  1.633E-07  1.675E+00  1.676E-04
   69   1    nobuffer  Earth         1.00    100.00    803.03   1157.11   1330.00  2.520E+02  1.958E+02  1.150E+00  5.804E-01  5.273E+01  1.917E-07  1.675E+00  1.757E-04
   70   1    nobuffer  Earth         1.00    100.00    803.03   1157.11   1320.00  2.520E+02  1.958E+02  1.158E+00  5.724E-01  5.274E+01  2.255E-07  1.675E+00  1.843E-04
   71   1    nobuffer  Earth         1.00    100.00    803.03   1157.11   1310.00  2.520E+02  1.958E+02  1.166E+00  5.643E-01  5.275E+01  2.658E-07  1.675E+00  1.935E-04
   72   1    nobuffer  Earth         1.00    100.00    803.03   1157.11   1300.00  2.520E+02  1.958E+02  1.174E+00  5.561E-01  5.276E+01  3.140E-07  1.675E+00  2.033E-04
   73   1    nobuffer  Earth         1.00    100.00    803.03   1157.11   1290.00  2.520E+02  1.958E+02  1.182E+00  5.479E-01  5.276E+01  3.717E-07  1.675E+00  2.137E-04
   74   1    nobuffer  Earth         1.00    100.00    803.03   1157.11   1280.00  2.520E+02  1.958E+02  1.191E+00  5.395E-01  5.277E+01  4.411E-07  1.675E+00  2.248E-04
   75   1    nobuffer  Earth         1.00    100.00    803.03   1157.11   1270.00  2.520E+02  1.958E+02  1.199E+00  5.311E-01  5.278E+01  5.245E-07  1.675E+00  2.366E-04
   76   1    nobuffer  Earth         1.00    100.00    803.03   1157.11   1260.00  2.520E+02  1.958E+02  1.208E+00  5.226E-01  5.279E+01  6.252E-07  1.675E+00  2.492E-04
   77   1    nobuffer  Earth         1.00    100.00    803.03   1157.11   1250.00  2.520E+02  1.958E+02  1.216E+00  5.140E-01  5.280E+01  7.470E-07  1.675E+00  2.626E-04
   78   1    nobuffer  Earth         1.00    100.00    803.03   1157.11   1240.00  2.520E+02  1.958E+02  1.225E+00  5.053E-01  5.281E+01  8.947E-07  1.675E+00  2.770E-04
   79   1    nobuffer  Earth         1.00    100.00    803.03   1157.11   1230.00  2.520E+02  1.958E+02  1.234E+00  4.966E-01  5.282E+01  1.074E-06  1.675E+00  2.923E-04
   80   1    nobuffer  Earth         1.00    100.00    803.03   1157.11   1220.00  2.520E+02  1.957E+02  1.243E+00  4.878E-01  5.283E+01  1.293E-06  1.675E+00  3.088E-04
   81   1    nobuffer  Earth         1.00    100.00    803.03   1157.11   1210.00  2.520E+02  1.957E+02  1.251E+00  4.788E-01  5.283E+01  1.560E-06  1.675E+00  3.264E-04
   82   1    nobuffer  Earth         1.00    100.00    803.03   1157.11   1200.00  2.520E+02  1.957E+02  1.260E+00  4.699E-01  5.284E+01  1.887E-06  1.675E+00  3.453E-04
   83   1    nobuffer  Earth         1.00    100.00    803.03   1157.11   1190.00  2.520E+02  1.957E+02  1.269E+00  4.608E-01  5.285E+01  2.290E-06  1.675E+00  3.655E-04
   84   1    nobuffer  Earth         1.00    100.00    803.03   1157.11   1180.00  2.520E+02  1.957E+02  1.279E+00  4.517E-01  5.286E+01  2.785E-06  1.675E+00  3.872E-04
   85   1    nobuffer  Earth         1.00    100.00    803.03   1157.11   1170.00  2.520E+02  1.957E+02  1.288E+00  4.425E-01  5.287E+01  3.397E-06  1.675E+00  4.106E-04
   86   1    nobuffer  Earth         1.00    100.00    803.03   1157.11   1160.00  2.520E+02  1.957E+02  1.297E+00  4.333E-01  5.288E+01  4.155E-06  1.675E+00  4.357E-04
   87   1    nobuffer  Earth         1.00    100.00    803.03   1157.11   1150.00  2.520E+02  1.957E+02  1.306E+00  4.240E-01  5.289E+01  5.096E-06  1.675E+00  4.627E-04
   88   1    nobuffer  Earth         1.00    100.00    803.03   1157.11   1140.00  2.520E+02  1.957E+02  1.316E+00  4.146E-01  5.290E+01  6.270E-06  1.675E+00  4.919E-04
   89   1    nobuffer  Earth         1.00    100.00    803.03   1157.11   1130.00  2.520E+02  1.957E+02  1.325E+00  4.052E-01  5.291E+01  7.737E-06  1.675E+00  5.233E-04
   90   1    nobuffer  Earth         1.00    100.00    803.03   1157.11   1120.00  2.520E+02  1.957E+02  1.335E+00  3.957E-01  5.292E+01  9.577E-06  1.675E+00  5.573E-04
   91   1    nobuffer  Earth         1.00    100.00    803.03   1157.11   1110.00  2.520E+02  1.956E+02  1.344E+00  3.862E-01  5.293E+01  1.189E-05  1.675E+00  5.939E-04
   92   1    nobuffer  Earth         1.00    100.00    803.03   1157.11   1100.00  2.520E+02  1.956E+02  1.354E+00  3.767E-01  5.294E+01  1.481E-05  1.675E+00  6.336E-04
   93   1    nobuffer  Earth         1.00    100.00    803.03   1157.11   1090.00  2.520E+02  1.956E+02  1.363E+00  3.671E-01  5.295E+01  1.851E-05  1.675E+00  6.766E-04
   94   1    nobuffer  Earth         1.00    100.00    803.03   1157.11   1080.00  2.520E+02  1.956E+02  1.373E+00  3.575E-01  5.296E+01  2.322E-05  1.675E+00  7.232E-04
   95   1    nobuffer  Earth         1.00    100.00    803.03   1157.11   1070.00  2.520E+02  1.956E+02  1.382E+00  3.478E-01  5.296E+01  2.921E-05  1.675E+00  7.738E-04
   96   1    nobuffer  Earth         1.00    100.00    803.03   1157.11   1060.00  2.520E+02  1.956E+02  1.392E+00  3.382E-01  5.297E+01  3.689E-05  1.675E+00  8.288E-04
   97   1    nobuffer  Earth         1.00    100.00    803.03   1157.11   1050.00  2.520E+02  1.956E+02  1.402E+00  3.285E-01  5.298E+01  4.675E-05  1.675E+00  8.886E-04
   98   1    nobuffer  Earth         1.00    100.00    803.03   1157.11   1040.00  2.520E+02  1.956E+02  1.411E+00  3.188E-01  5.299E+01  5.946E-05  1.675E+00  9.537E-04
   99   1    nobuffer  Earth         1.00    100.00    803.03   1157.11   1030.00  2.520E+02  1.956E+02  1.421E+00  3.091E-01  5.300E+01  7.591E-05  1.675E+00  1.025E-03
  100   1    nobuffer  Earth         1.00    100.00    803.03   1157.11   1020.00  2.520E+02  1.956E+02  1.430E+00  2.995E-01  5.301E+01  9.729E-05  1.675E+00  1.102E-03
  101   1    nobuffer  Earth         1.00    100.00    803.03   1157.11   1010.00  2.520E+02  1.955E+02  1.440E+00  2.898E-01  5.302E+01  1.252E-04  1.675E+00  1.187E-03
  102   1    nobuffer  Earth         1.00    100.00    803.03   1157.11   1000.00  2.520E+02  1.955E+02  1.449E+00  2.801E-01  5.303E+01  1.617E-04  1.675E+00  1.280E-03
  103   1    nobuffer  Earth         1.00    100.00    803.03   1157.11    990.00  2.520E+02  1.955E+02  1.459E+00  2.705E-01  5.304E+01  2.098E-04  1.675E+00  1.381E-03
  104   1    nobuffer  Earth         1.00    100.00    803.03   1157.11    980.00  2.520E+02  1.955E+02  1.468E+00  2.609E-01  5.305E+01  2.732E-04  1.675E+00  1.493E-03
  105   1    nobuffer  Earth         1.00    100.00    803.03   1157.11    970.00  2.520E+02  1.955E+02  1.477E+00  2.514E-01  5.306E+01  3.574E-04  1.675E+00  1.615E-03
  106   1    nobuffer  Earth         1.00    100.00    803.03   1157.11    960.00  2.520E+02  1.955E+02  1.487E+00  2.419E-01  5.307E+01  4.696E-04  1.675E+00  1.750E-03
  107   1    nobuffer  Earth         1.00    100.00    803.03   1157.11    950.00  2.520E+02  1.955E+02  1.495E+00  2.325E-01  5.308E+01  6.196E-04  1.675E+00  1.898E-03
  108   1    nobuffer  Earth         1.00    100.00    803.03   1157.11    940.00  2.520E+02  1.955E+02  1.504E+00  2.231E-01  5.309E+01  8.210E-04  1.675E+00  2.061E-03
  109   1    nobuffer  Earth         1.00    100.00    803.03   1157.11    930.00  2.520E+02  1.955E+02  1.512E+00  2.137E-01  5.310E+01  1.093E-03  1.674E+00  2.241E-03
  110   1    nobuffer  Earth         1.00    100.00    803.03   1157.11    920.00  2.520E+02  1.955E+02  1.520E+00  2.044E-01  5.311E+01  1.460E-03  1.674E+00  2.440E-03
  111   1    nobuffer  Earth         1.00    100.00    803.03   1157.11    910.00  2.520E+02  1.955E+02  1.527E+00  1.952E-01  5.312E+01  1.959E-03  1.674E+00  2.659E-03
  112   1    nobuffer  Earth         1.00    100.00    803.03   1157.11    900.00  2.520E+02  1.955E+02  1.534E+00  1.861E-01  5.313E+01  2.639E-03  1.674E+00  2.900E-03
  113   1    nobuffer  Earth         1.00    100.00    803.03   1157.11    890.00  2.520E+02  1.954E+02  1.539E+00  1.770E-01  5.313E+01  3.566E-03  1.674E+00  3.166E-03
  114   1    nobuffer  Earth         1.00    100.00    803.03   1157.11    880.00  2.520E+02  1.954E+02  1.543E+00  1.679E-01  5.314E+01  4.831E-03  1.674E+00  3.458E-03
  115   1    nobuffer  Earth         1.00    100.00    803.03   1157.11    870.00  2.520E+02  1.954E+02  1.545E+00  1.589E-01  5.315E+01  6.556E-03  1.674E+00  3.777E-03
  116   1    nobuffer  Earth         1.00    100.00    803.03   1157.11    860.00  2.520E+02  1.954E+02  1.545E+00  1.498E-01  5.316E+01  8.898E-03  1.674E+00  4.125E-03
  117   1    nobuffer  Earth         1.00    100.00    803.03   1157.11    850.00  2.520E+02  1.954E+02  1.541E+00  1.407E-01  5.317E+01  1.206E-02  1.673E+00  4.499E-03
  118   1    nobuffer  Earth         1.00    100.00    803.03   1157.11    840.00  2.520E+02  1.954E+02  1.534E+00  1.316E-01  5.317E+01  1.628E-02  1.673E+00  4.898E-03
  119   1    nobuffer  Earth         1.00    100.00    803.03   1157.11    830.00  2.520E+02  1.955E+02  1.521E+00  1.224E-01  5.318E+01  2.183E-02  1.673E+00  5.316E-03
  120   1    nobuffer  Earth         1.00    100.00    803.03   1157.11    820.00  2.520E+02  1.955E+02  1.502E+00  1.132E-01  5.318E+01  2.900E-02  1.673E+00  5.746E-03
  121   1    nobuffer  Earth         1.00    100.00    803.03   1157.11    810.00  2.520E+02  1.955E+02  1.475E+00  1.039E-01  5.319E+01  3.803E-02  1.673E+00  6.178E-03
  122   1    nobuffer  Earth         1.00    100.00    803.03   1157.11    800.00  2.520E+02  1.955E+02  1.440E+00  9.455E-02  5.319E+01  4.909E-02  1.673E+00  6.600E-03
  123   1    nobuffer  Earth         1.00    100.00    803.03   1157.11    790.00  2.520E+02  1.956E+02  1.397E+00  8.531E-02  5.319E+01  6.224E-02  1.673E+00  7.000E-03
  124   1    nobuffer  Earth         1.00    100.00    803.03   1157.11    780.00  2.520E+02  1.956E+02  1.345E+00  7.626E-02  5.319E+01  7.740E-02  1.673E+00  7.366E-03
  125   1    nobuffer  Earth         1.00    100.00    803.03   1157.11    770.00  2.520E+02  1.957E+02  1.287E+00  6.751E-02  5.319E+01  9.435E-02  1.673E+00  7.689E-03
  126   1    nobuffer  Earth         1.00    100.00    803.03   1157.11    760.00  2.520E+02  1.957E+02  1.222E+00  5.918E-02  5.319E+01  1.128E-01  1.673E+00  7.962E-03
  127   1    nobuffer  Earth         1.00    100.00    803.03   1157.11    750.00  2.520E+02  1.958E+02  1.151E+00  5.137E-02  5.319E+01  1.323E-01  1.673E+00  8.183E-03
  128   1    nobuffer  Earth         1.00    100.00    803.03   1157.11    740.00  2.520E+02  1.958E+02  1.078E+00  4.416E-02  5.318E+01  1.525E-01  1.673E+00  8.349E-03
  129   1    nobuffer  Earth         1.00    100.00    803.03   1157.11    730.00  2.520E+02  1.959E+02  1.003E+00  3.761E-02  5.318E+01  1.731E-01  1.674E+00  8.463E-03
  130   1    nobuffer  Earth         1.00    100.00    803.03   1157.11    720.00  2.520E+02  1.960E+02  9.266E-01  3.172E-02  5.317E+01  1.937E-01  1.674E+00  8.526E-03
  131   1    nobuffer  Earth         1.00    100.00    803.03   1157.11    710.00  2.520E+02  1.960E+02  8.512E-01  2.651E-02  5.316E+01  2.139E-01  1.674E+00  8.543E-03
  132   1    nobuffer  Earth         1.00    100.00    803.03   1157.11    700.00  2.520E+02  1.961E+02  7.774E-01  2.196E-02  5.316E+01  2.335E-01  1.674E+00  8.516E-03
  133   1    nobuffer  Earth         1.00    100.00    803.03   1157.11    690.00  2.520E+02  1.962E+02  7.060E-01  1.802E-02  5.315E+01  2.524E-01  1.675E+00  8.451E-03
  134   1    nobuffer  Earth         1.00    100.00    803.03   1157.11    680.00  2.520E+02  1.962E+02  6.376E-01  1.465E-02  5.314E+01  2.704E-01  1.675E+00  8.351E-03
  135   1    nobuffer  Earth         1.00    100.00    803.03   1157.11    670.00  2.520E+02  1.963E+02  5.728E-01  1.180E-02  5.314E+01  2.874E-01  1.675E+00  8.221E-03
  136   1    nobuffer  Earth         1.00    100.00    803.03   1157.11    660.00  2.520E+02  1.963E+02  5.119E-01  9.417E-03  5.313E+01  3.033E-01  1.676E+00  8.064E-03
  137   1    nobuffer  Earth         1.00    100.00    803.03   1157.11    650.00  2.520E+02  1.964E+02  4.551E-01  7.442E-03  5.312E+01  3.180E-01  1.676E+00  7.885E-03
