 planet=Earth        Mplanet=  1.00   buffer=nobuffer pCO2=   100.000 pH2O=   500.000 minpH2O=    10.000 pN2=     2.000 pCO=     0.000

                         M_i    N_O   buffer   planet           PCO2     T_q(CH4)  T_q(NH3)             H2O        H2         CO         CO2        CH4        N2         NH3     
 quenched columns     3.98E+22   1   nobuffer  Earth            100.00    829.06   1175.13            4.917E+03  3.993E+01  5.513E+00  2.308E+03  4.879E-01  7.273E+01  7.484E-03
 quenched pressures   3.98E+22   1   nobuffer  Earth            100.00    829.06   1175.13            1.265E+02  1.027E+00  1.418E-01  5.937E+01  1.255E-02  1.870E+00  1.925E-04
 dry pressures        3.98E+22   1   nobuffer  Earth            100.00    829.06   1175.13            0.000E+00  1.678E+00  2.316E-01  9.699E+01  2.050E-02  3.056E+00  3.144E-04

   i   N_O   buffer    planet       Mplanet   PCO2    T_q(CH4)  T_q(NH3)   T[K]    P[bars]      H2O        H2         CO         CO2        CH4        N2         NH3     
    1   1    nobuffer  Earth         1.00    100.00    829.06   1175.13   2010.00  1.889E+02  1.271E+02  3.947E-01  8.241E-01  5.869E+01  1.642E-11  1.871E+00  6.961E-06
    2   1    nobuffer  Earth         1.00    100.00    829.06   1175.13   2000.00  1.889E+02  1.271E+02  3.969E-01  8.219E-01  5.870E+01  1.781E-11  1.871E+00  7.134E-06
    3   1    nobuffer  Earth         1.00    100.00    829.06   1175.13   1990.00  1.889E+02  1.271E+02  3.990E-01  8.198E-01  5.870E+01  1.934E-11  1.871E+00  7.313E-06
    4   1    nobuffer  Earth         1.00    100.00    829.06   1175.13   1980.00  1.889E+02  1.271E+02  4.012E-01  8.176E-01  5.870E+01  2.102E-11  1.871E+00  7.498E-06
    5   1    nobuffer  Earth         1.00    100.00    829.06   1175.13   1970.00  1.889E+02  1.271E+02  4.035E-01  8.153E-01  5.870E+01  2.284E-11  1.871E+00  7.690E-06
    6   1    nobuffer  Earth         1.00    100.00    829.06   1175.13   1960.00  1.889E+02  1.271E+02  4.057E-01  8.131E-01  5.870E+01  2.487E-11  1.871E+00  7.888E-06
    7   1    nobuffer  Earth         1.00    100.00    829.06   1175.13   1950.00  1.889E+02  1.271E+02  4.080E-01  8.108E-01  5.871E+01  2.710E-11  1.871E+00  8.094E-06
    8   1    nobuffer  Earth         1.00    100.00    829.06   1175.13   1940.00  1.889E+02  1.271E+02  4.104E-01  8.084E-01  5.871E+01  2.955E-11  1.871E+00  8.307E-06
    9   1    nobuffer  Earth         1.00    100.00    829.06   1175.13   1930.00  1.889E+02  1.271E+02  4.127E-01  8.061E-01  5.871E+01  3.223E-11  1.871E+00  8.528E-06
   10   1    nobuffer  Earth         1.00    100.00    829.06   1175.13   1920.00  1.889E+02  1.271E+02  4.151E-01  8.037E-01  5.871E+01  3.520E-11  1.871E+00  8.758E-06
   11   1    nobuffer  Earth         1.00    100.00    829.06   1175.13   1910.00  1.889E+02  1.271E+02  4.176E-01  8.012E-01  5.872E+01  3.846E-11  1.871E+00  8.995E-06
   12   1    nobuffer  Earth         1.00    100.00    829.06   1175.13   1900.00  1.889E+02  1.271E+02  4.201E-01  7.987E-01  5.872E+01  4.209E-11  1.871E+00  9.242E-06
   13   1    nobuffer  Earth         1.00    100.00    829.06   1175.13   1890.00  1.889E+02  1.271E+02  4.226E-01  7.962E-01  5.872E+01  4.609E-11  1.871E+00  9.498E-06
   14   1    nobuffer  Earth         1.00    100.00    829.06   1175.13   1880.00  1.889E+02  1.271E+02  4.251E-01  7.937E-01  5.872E+01  5.051E-11  1.871E+00  9.764E-06
   15   1    nobuffer  Earth         1.00    100.00    829.06   1175.13   1870.00  1.889E+02  1.271E+02  4.277E-01  7.911E-01  5.873E+01  5.541E-11  1.871E+00  1.004E-05
   16   1    nobuffer  Earth         1.00    100.00    829.06   1175.13   1860.00  1.889E+02  1.271E+02  4.303E-01  7.885E-01  5.873E+01  6.085E-11  1.871E+00  1.033E-05
   17   1    nobuffer  Earth         1.00    100.00    829.06   1175.13   1850.00  1.889E+02  1.271E+02  4.330E-01  7.858E-01  5.873E+01  6.686E-11  1.871E+00  1.062E-05
   18   1    nobuffer  Earth         1.00    100.00    829.06   1175.13   1840.00  1.889E+02  1.271E+02  4.357E-01  7.831E-01  5.873E+01  7.357E-11  1.871E+00  1.093E-05
   19   1    nobuffer  Earth         1.00    100.00    829.06   1175.13   1830.00  1.889E+02  1.271E+02  4.384E-01  7.804E-01  5.874E+01  8.101E-11  1.871E+00  1.126E-05
   20   1    nobuffer  Earth         1.00    100.00    829.06   1175.13   1820.00  1.889E+02  1.271E+02  4.412E-01  7.776E-01  5.874E+01  8.930E-11  1.871E+00  1.159E-05
   21   1    nobuffer  Earth         1.00    100.00    829.06   1175.13   1810.00  1.889E+02  1.271E+02  4.441E-01  7.747E-01  5.874E+01  9.854E-11  1.871E+00  1.194E-05
   22   1    nobuffer  Earth         1.00    100.00    829.06   1175.13   1800.00  1.889E+02  1.271E+02  4.469E-01  7.719E-01  5.875E+01  1.088E-10  1.871E+00  1.230E-05
   23   1    nobuffer  Earth         1.00    100.00    829.06   1175.13   1790.00  1.889E+02  1.271E+02  4.499E-01  7.689E-01  5.875E+01  1.203E-10  1.871E+00  1.268E-05
   24   1    nobuffer  Earth         1.00    100.00    829.06   1175.13   1780.00  1.889E+02  1.271E+02  4.528E-01  7.660E-01  5.875E+01  1.332E-10  1.871E+00  1.308E-05
   25   1    nobuffer  Earth         1.00    100.00    829.06   1175.13   1770.00  1.889E+02  1.271E+02  4.558E-01  7.630E-01  5.876E+01  1.476E-10  1.871E+00  1.349E-05
   26   1    nobuffer  Earth         1.00    100.00    829.06   1175.13   1760.00  1.889E+02  1.270E+02  4.589E-01  7.599E-01  5.876E+01  1.637E-10  1.871E+00  1.391E-05
   27   1    nobuffer  Earth         1.00    100.00    829.06   1175.13   1750.00  1.889E+02  1.270E+02  4.620E-01  7.568E-01  5.876E+01  1.818E-10  1.871E+00  1.436E-05
   28   1    nobuffer  Earth         1.00    100.00    829.06   1175.13   1740.00  1.889E+02  1.270E+02  4.652E-01  7.536E-01  5.876E+01  2.020E-10  1.871E+00  1.483E-05
   29   1    nobuffer  Earth         1.00    100.00    829.06   1175.13   1730.00  1.889E+02  1.270E+02  4.684E-01  7.504E-01  5.877E+01  2.249E-10  1.871E+00  1.531E-05
   30   1    nobuffer  Earth         1.00    100.00    829.06   1175.13   1720.00  1.889E+02  1.270E+02  4.716E-01  7.472E-01  5.877E+01  2.506E-10  1.871E+00  1.582E-05
   31   1    nobuffer  Earth         1.00    100.00    829.06   1175.13   1710.00  1.889E+02  1.270E+02  4.750E-01  7.439E-01  5.877E+01  2.795E-10  1.871E+00  1.635E-05
   32   1    nobuffer  Earth         1.00    100.00    829.06   1175.13   1700.00  1.889E+02  1.270E+02  4.783E-01  7.405E-01  5.878E+01  3.122E-10  1.871E+00  1.690E-05
   33   1    nobuffer  Earth         1.00    100.00    829.06   1175.13   1690.00  1.889E+02  1.270E+02  4.817E-01  7.371E-01  5.878E+01  3.491E-10  1.871E+00  1.748E-05
   34   1    nobuffer  Earth         1.00    100.00    829.06   1175.13   1680.00  1.889E+02  1.270E+02  4.852E-01  7.336E-01  5.878E+01  3.908E-10  1.871E+00  1.809E-05
   35   1    nobuffer  Earth         1.00    100.00    829.06   1175.13   1670.00  1.889E+02  1.270E+02  4.887E-01  7.301E-01  5.879E+01  4.381E-10  1.871E+00  1.872E-05
   36   1    nobuffer  Earth         1.00    100.00    829.06   1175.13   1660.00  1.889E+02  1.270E+02  4.923E-01  7.265E-01  5.879E+01  4.918E-10  1.871E+00  1.938E-05
   37   1    nobuffer  Earth         1.00    100.00    829.06   1175.13   1650.00  1.889E+02  1.270E+02  4.960E-01  7.228E-01  5.880E+01  5.527E-10  1.871E+00  2.008E-05
   38   1    nobuffer  Earth         1.00    100.00    829.06   1175.13   1640.00  1.889E+02  1.270E+02  4.997E-01  7.191E-01  5.880E+01  6.219E-10  1.871E+00  2.080E-05
   39   1    nobuffer  Earth         1.00    100.00    829.06   1175.13   1630.00  1.889E+02  1.270E+02  5.035E-01  7.153E-01  5.880E+01  7.008E-10  1.871E+00  2.157E-05
   40   1    nobuffer  Earth         1.00    100.00    829.06   1175.13   1620.00  1.889E+02  1.270E+02  5.073E-01  7.115E-01  5.881E+01  7.907E-10  1.871E+00  2.237E-05
   41   1    nobuffer  Earth         1.00    100.00    829.06   1175.13   1610.00  1.889E+02  1.270E+02  5.112E-01  7.076E-01  5.881E+01  8.934E-10  1.871E+00  2.320E-05
   42   1    nobuffer  Earth         1.00    100.00    829.06   1175.13   1600.00  1.889E+02  1.270E+02  5.151E-01  7.037E-01  5.881E+01  1.011E-09  1.871E+00  2.408E-05
   43   1    nobuffer  Earth         1.00    100.00    829.06   1175.13   1590.00  1.889E+02  1.270E+02  5.192E-01  6.996E-01  5.882E+01  1.145E-09  1.871E+00  2.501E-05
   44   1    nobuffer  Earth         1.00    100.00    829.06   1175.13   1580.00  1.889E+02  1.270E+02  5.233E-01  6.955E-01  5.882E+01  1.300E-09  1.871E+00  2.598E-05
   45   1    nobuffer  Earth         1.00    100.00    829.06   1175.13   1570.00  1.889E+02  1.270E+02  5.274E-01  6.914E-01  5.883E+01  1.477E-09  1.871E+00  2.700E-05
   46   1    nobuffer  Earth         1.00    100.00    829.06   1175.13   1560.00  1.889E+02  1.270E+02  5.317E-01  6.871E-01  5.883E+01  1.680E-09  1.871E+00  2.807E-05
   47   1    nobuffer  Earth         1.00    100.00    829.06   1175.13   1550.00  1.889E+02  1.270E+02  5.360E-01  6.828E-01  5.884E+01  1.915E-09  1.871E+00  2.920E-05
   48   1    nobuffer  Earth         1.00    100.00    829.06   1175.13   1540.00  1.889E+02  1.270E+02  5.403E-01  6.785E-01  5.884E+01  2.186E-09  1.871E+00  3.038E-05
   49   1    nobuffer  Earth         1.00    100.00    829.06   1175.13   1530.00  1.889E+02  1.270E+02  5.448E-01  6.740E-01  5.884E+01  2.499E-09  1.871E+00  3.163E-05
   50   1    nobuffer  Earth         1.00    100.00    829.06   1175.13   1520.00  1.889E+02  1.270E+02  5.493E-01  6.695E-01  5.885E+01  2.862E-09  1.871E+00  3.295E-05
   51   1    nobuffer  Earth         1.00    100.00    829.06   1175.13   1510.00  1.889E+02  1.270E+02  5.539E-01  6.649E-01  5.885E+01  3.282E-09  1.871E+00  3.434E-05
   52   1    nobuffer  Earth         1.00    100.00    829.06   1175.13   1500.00  1.889E+02  1.270E+02  5.586E-01  6.602E-01  5.886E+01  3.770E-09  1.871E+00  3.581E-05
   53   1    nobuffer  Earth         1.00    100.00    829.06   1175.13   1490.00  1.889E+02  1.269E+02  5.633E-01  6.555E-01  5.886E+01  4.338E-09  1.871E+00  3.735E-05
   54   1    nobuffer  Earth         1.00    100.00    829.06   1175.13   1480.00  1.889E+02  1.269E+02  5.682E-01  6.506E-01  5.887E+01  5.000E-09  1.871E+00  3.898E-05
   55   1    nobuffer  Earth         1.00    100.00    829.06   1175.13   1470.00  1.889E+02  1.269E+02  5.731E-01  6.457E-01  5.887E+01  5.773E-09  1.871E+00  4.071E-05
   56   1    nobuffer  Earth         1.00    100.00    829.06   1175.13   1460.00  1.889E+02  1.269E+02  5.781E-01  6.407E-01  5.888E+01  6.677E-09  1.871E+00  4.253E-05
   57   1    nobuffer  Earth         1.00    100.00    829.06   1175.13   1450.00  1.889E+02  1.269E+02  5.832E-01  6.356E-01  5.888E+01  7.736E-09  1.871E+00  4.446E-05
   58   1    nobuffer  Earth         1.00    100.00    829.06   1175.13   1440.00  1.889E+02  1.269E+02  5.884E-01  6.304E-01  5.889E+01  8.980E-09  1.871E+00  4.650E-05
   59   1    nobuffer  Earth         1.00    100.00    829.06   1175.13   1430.00  1.889E+02  1.269E+02  5.936E-01  6.252E-01  5.889E+01  1.044E-08  1.871E+00  4.866E-05
   60   1    nobuffer  Earth         1.00    100.00    829.06   1175.13   1420.00  1.889E+02  1.269E+02  5.990E-01  6.198E-01  5.890E+01  1.217E-08  1.871E+00  5.095E-05
   61   1    nobuffer  Earth         1.00    100.00    829.06   1175.13   1410.00  1.889E+02  1.269E+02  6.044E-01  6.144E-01  5.890E+01  1.420E-08  1.871E+00  5.338E-05
   62   1    nobuffer  Earth         1.00    100.00    829.06   1175.13   1400.00  1.889E+02  1.269E+02  6.100E-01  6.088E-01  5.891E+01  1.661E-08  1.871E+00  5.595E-05
   63   1    nobuffer  Earth         1.00    100.00    829.06   1175.13   1390.00  1.889E+02  1.269E+02  6.156E-01  6.032E-01  5.891E+01  1.946E-08  1.871E+00  5.869E-05
   64   1    nobuffer  Earth         1.00    100.00    829.06   1175.13   1380.00  1.889E+02  1.269E+02  6.213E-01  5.975E-01  5.892E+01  2.285E-08  1.871E+00  6.159E-05
   65   1    nobuffer  Earth         1.00    100.00    829.06   1175.13   1370.00  1.889E+02  1.269E+02  6.271E-01  5.917E-01  5.893E+01  2.688E-08  1.871E+00  6.468E-05
   66   1    nobuffer  Earth         1.00    100.00    829.06   1175.13   1360.00  1.889E+02  1.269E+02  6.330E-01  5.858E-01  5.893E+01  3.169E-08  1.871E+00  6.796E-05
   67   1    nobuffer  Earth         1.00    100.00    829.06   1175.13   1350.00  1.889E+02  1.269E+02  6.391E-01  5.798E-01  5.894E+01  3.744E-08  1.871E+00  7.146E-05
   68   1    nobuffer  Earth         1.00    100.00    829.06   1175.13   1340.00  1.889E+02  1.269E+02  6.452E-01  5.736E-01  5.894E+01  4.432E-08  1.871E+00  7.518E-05
   69   1    nobuffer  Earth         1.00    100.00    829.06   1175.13   1330.00  1.889E+02  1.269E+02  6.514E-01  5.674E-01  5.895E+01  5.259E-08  1.871E+00  7.915E-05
   70   1    nobuffer  Earth         1.00    100.00    829.06   1175.13   1320.00  1.889E+02  1.269E+02  6.577E-01  5.611E-01  5.896E+01  6.254E-08  1.871E+00  8.338E-05
   71   1    nobuffer  Earth         1.00    100.00    829.06   1175.13   1310.00  1.889E+02  1.268E+02  6.641E-01  5.547E-01  5.896E+01  7.453E-08  1.871E+00  8.790E-05
   72   1    nobuffer  Earth         1.00    100.00    829.06   1175.13   1300.00  1.889E+02  1.268E+02  6.706E-01  5.482E-01  5.897E+01  8.903E-08  1.871E+00  9.272E-05
   73   1    nobuffer  Earth         1.00    100.00    829.06   1175.13   1290.00  1.889E+02  1.268E+02  6.773E-01  5.415E-01  5.898E+01  1.066E-07  1.871E+00  9.788E-05
   74   1    nobuffer  Earth         1.00    100.00    829.06   1175.13   1280.00  1.889E+02  1.268E+02  6.840E-01  5.348E-01  5.898E+01  1.279E-07  1.871E+00  1.034E-04
   75   1    nobuffer  Earth         1.00    100.00    829.06   1175.13   1270.00  1.889E+02  1.268E+02  6.908E-01  5.280E-01  5.899E+01  1.539E-07  1.871E+00  1.093E-04
   76   1    nobuffer  Earth         1.00    100.00    829.06   1175.13   1260.00  1.889E+02  1.268E+02  6.978E-01  5.210E-01  5.900E+01  1.856E-07  1.871E+00  1.156E-04
   77   1    nobuffer  Earth         1.00    100.00    829.06   1175.13   1250.00  1.889E+02  1.268E+02  7.049E-01  5.139E-01  5.900E+01  2.244E-07  1.871E+00  1.224E-04
   78   1    nobuffer  Earth         1.00    100.00    829.06   1175.13   1240.00  1.889E+02  1.268E+02  7.120E-01  5.068E-01  5.901E+01  2.721E-07  1.870E+00  1.297E-04
   79   1    nobuffer  Earth         1.00    100.00    829.06   1175.13   1230.00  1.889E+02  1.268E+02  7.193E-01  4.995E-01  5.902E+01  3.306E-07  1.870E+00  1.375E-04
   80   1    nobuffer  Earth         1.00    100.00    829.06   1175.13   1220.00  1.889E+02  1.268E+02  7.267E-01  4.921E-01  5.903E+01  4.029E-07  1.870E+00  1.459E-04
   81   1    nobuffer  Earth         1.00    100.00    829.06   1175.13   1210.00  1.889E+02  1.268E+02  7.342E-01  4.846E-01  5.903E+01  4.922E-07  1.870E+00  1.550E-04
   82   1    nobuffer  Earth         1.00    100.00    829.06   1175.13   1200.00  1.889E+02  1.268E+02  7.418E-01  4.770E-01  5.904E+01  6.031E-07  1.870E+00  1.647E-04
   83   1    nobuffer  Earth         1.00    100.00    829.06   1175.13   1190.00  1.889E+02  1.268E+02  7.495E-01  4.693E-01  5.905E+01  7.409E-07  1.870E+00  1.752E-04
   84   1    nobuffer  Earth         1.00    100.00    829.06   1175.13   1180.00  1.889E+02  1.268E+02  7.573E-01  4.615E-01  5.906E+01  9.129E-07  1.870E+00  1.865E-04
   85   1    nobuffer  Earth         1.00    100.00    829.06   1175.13   1170.00  1.889E+02  1.267E+02  7.652E-01  4.536E-01  5.906E+01  1.128E-06  1.870E+00  1.987E-04
   86   1    nobuffer  Earth         1.00    100.00    829.06   1175.13   1160.00  1.889E+02  1.267E+02  7.732E-01  4.456E-01  5.907E+01  1.398E-06  1.870E+00  2.119E-04
   87   1    nobuffer  Earth         1.00    100.00    829.06   1175.13   1150.00  1.889E+02  1.267E+02  7.814E-01  4.374E-01  5.908E+01  1.738E-06  1.870E+00  2.262E-04
   88   1    nobuffer  Earth         1.00    100.00    829.06   1175.13   1140.00  1.889E+02  1.267E+02  7.896E-01  4.292E-01  5.909E+01  2.167E-06  1.870E+00  2.416E-04
   89   1    nobuffer  Earth         1.00    100.00    829.06   1175.13   1130.00  1.889E+02  1.267E+02  7.979E-01  4.208E-01  5.910E+01  2.710E-06  1.870E+00  2.584E-04
   90   1    nobuffer  Earth         1.00    100.00    829.06   1175.13   1120.00  1.889E+02  1.267E+02  8.064E-01  4.124E-01  5.911E+01  3.400E-06  1.870E+00  2.766E-04
   91   1    nobuffer  Earth         1.00    100.00    829.06   1175.13   1110.00  1.889E+02  1.267E+02  8.149E-01  4.039E-01  5.911E+01  4.281E-06  1.870E+00  2.963E-04
   92   1    nobuffer  Earth         1.00    100.00    829.06   1175.13   1100.00  1.889E+02  1.267E+02  8.235E-01  3.952E-01  5.912E+01  5.406E-06  1.870E+00  3.177E-04
   93   1    nobuffer  Earth         1.00    100.00    829.06   1175.13   1090.00  1.889E+02  1.267E+02  8.322E-01  3.865E-01  5.913E+01  6.852E-06  1.870E+00  3.411E-04
   94   1    nobuffer  Earth         1.00    100.00    829.06   1175.13   1080.00  1.889E+02  1.267E+02  8.410E-01  3.777E-01  5.914E+01  8.713E-06  1.870E+00  3.665E-04
   95   1    nobuffer  Earth         1.00    100.00    829.06   1175.13   1070.00  1.889E+02  1.267E+02  8.499E-01  3.688E-01  5.915E+01  1.112E-05  1.870E+00  3.942E-04
   96   1    nobuffer  Earth         1.00    100.00    829.06   1175.13   1060.00  1.889E+02  1.266E+02  8.589E-01  3.599E-01  5.916E+01  1.424E-05  1.870E+00  4.244E-04
   97   1    nobuffer  Earth         1.00    100.00    829.06   1175.13   1050.00  1.889E+02  1.266E+02  8.679E-01  3.508E-01  5.917E+01  1.831E-05  1.870E+00  4.575E-04
   98   1    nobuffer  Earth         1.00    100.00    829.06   1175.13   1040.00  1.889E+02  1.266E+02  8.770E-01  3.417E-01  5.918E+01  2.362E-05  1.870E+00  4.937E-04
   99   1    nobuffer  Earth         1.00    100.00    829.06   1175.13   1030.00  1.889E+02  1.266E+02  8.862E-01  3.325E-01  5.919E+01  3.060E-05  1.870E+00  5.333E-04
  100   1    nobuffer  Earth         1.00    100.00    829.06   1175.13   1020.00  1.889E+02  1.266E+02  8.954E-01  3.233E-01  5.919E+01  3.979E-05  1.870E+00  5.768E-04
  101   1    nobuffer  Earth         1.00    100.00    829.06   1175.13   1010.00  1.889E+02  1.266E+02  9.046E-01  3.140E-01  5.920E+01  5.194E-05  1.870E+00  6.245E-04
  102   1    nobuffer  Earth         1.00    100.00    829.06   1175.13   1000.00  1.889E+02  1.266E+02  9.139E-01  3.046E-01  5.921E+01  6.808E-05  1.870E+00  6.770E-04
  103   1    nobuffer  Earth         1.00    100.00    829.06   1175.13    990.00  1.889E+02  1.266E+02  9.232E-01  2.952E-01  5.922E+01  8.961E-05  1.870E+00  7.348E-04
  104   1    nobuffer  Earth         1.00    100.00    829.06   1175.13    980.00  1.889E+02  1.266E+02  9.325E-01  2.858E-01  5.923E+01  1.184E-04  1.870E+00  7.984E-04
  105   1    nobuffer  Earth         1.00    100.00    829.06   1175.13    970.00  1.889E+02  1.266E+02  9.418E-01  2.764E-01  5.924E+01  1.572E-04  1.870E+00  8.687E-04
  106   1    nobuffer  Earth         1.00    100.00    829.06   1175.13    960.00  1.889E+02  1.266E+02  9.510E-01  2.669E-01  5.925E+01  2.096E-04  1.870E+00  9.463E-04
  107   1    nobuffer  Earth         1.00    100.00    829.06   1175.13    950.00  1.889E+02  1.265E+02  9.602E-01  2.574E-01  5.926E+01  2.807E-04  1.870E+00  1.032E-03
  108   1    nobuffer  Earth         1.00    100.00    829.06   1175.13    940.00  1.889E+02  1.265E+02  9.693E-01  2.480E-01  5.927E+01  3.775E-04  1.870E+00  1.127E-03
  109   1    nobuffer  Earth         1.00    100.00    829.06   1175.13    930.00  1.889E+02  1.265E+02  9.783E-01  2.385E-01  5.928E+01  5.100E-04  1.870E+00  1.232E-03
  110   1    nobuffer  Earth         1.00    100.00    829.06   1175.13    920.00  1.889E+02  1.265E+02  9.871E-01  2.290E-01  5.929E+01  6.919E-04  1.870E+00  1.349E-03
  111   1    nobuffer  Earth         1.00    100.00    829.06   1175.13    910.00  1.889E+02  1.265E+02  9.955E-01  2.195E-01  5.930E+01  9.428E-04  1.870E+00  1.479E-03
  112   1    nobuffer  Earth         1.00    100.00    829.06   1175.13    900.00  1.889E+02  1.265E+02  1.004E+00  2.100E-01  5.931E+01  1.290E-03  1.870E+00  1.623E-03
  113   1    nobuffer  Earth         1.00    100.00    829.06   1175.13    890.00  1.889E+02  1.265E+02  1.011E+00  2.006E-01  5.932E+01  1.771E-03  1.870E+00  1.782E-03
  114   1    nobuffer  Earth         1.00    100.00    829.06   1175.13    880.00  1.889E+02  1.265E+02  1.018E+00  1.911E-01  5.933E+01  2.439E-03  1.870E+00  1.958E-03
  115   1    nobuffer  Earth         1.00    100.00    829.06   1175.13    870.00  1.889E+02  1.265E+02  1.024E+00  1.815E-01  5.934E+01  3.367E-03  1.870E+00  2.153E-03
  116   1    nobuffer  Earth         1.00    100.00    829.06   1175.13    860.00  1.889E+02  1.265E+02  1.028E+00  1.720E-01  5.934E+01  4.654E-03  1.869E+00  2.367E-03
  117   1    nobuffer  Earth         1.00    100.00    829.06   1175.13    850.00  1.889E+02  1.265E+02  1.031E+00  1.624E-01  5.935E+01  6.429E-03  1.869E+00  2.600E-03
  118   1    nobuffer  Earth         1.00    100.00    829.06   1175.13    840.00  1.889E+02  1.265E+02  1.031E+00  1.526E-01  5.936E+01  8.857E-03  1.869E+00  2.852E-03
  119   1    nobuffer  Earth         1.00    100.00    829.06   1175.13    830.00  1.889E+02  1.265E+02  1.028E+00  1.427E-01  5.937E+01  1.214E-02  1.869E+00  3.121E-03
  120   1    nobuffer  Earth         1.00    100.00    829.06   1175.13    820.00  1.889E+02  1.265E+02  1.020E+00  1.327E-01  5.938E+01  1.649E-02  1.869E+00  3.402E-03
  121   1    nobuffer  Earth         1.00    100.00    829.06   1175.13    810.00  1.889E+02  1.265E+02  1.008E+00  1.225E-01  5.939E+01  2.214E-02  1.869E+00  3.690E-03
  122   1    nobuffer  Earth         1.00    100.00    829.06   1175.13    800.00  1.889E+02  1.265E+02  9.900E-01  1.122E-01  5.940E+01  2.925E-02  1.869E+00  3.977E-03
  123   1    nobuffer  Earth         1.00    100.00    829.06   1175.13    790.00  1.889E+02  1.265E+02  9.657E-01  1.018E-01  5.940E+01  3.794E-02  1.869E+00  4.253E-03
  124   1    nobuffer  Earth         1.00    100.00    829.06   1175.13    780.00  1.889E+02  1.265E+02  9.351E-01  9.150E-02  5.941E+01  4.820E-02  1.869E+00  4.511E-03
  125   1    nobuffer  Earth         1.00    100.00    829.06   1175.13    770.00  1.889E+02  1.266E+02  8.986E-01  8.141E-02  5.941E+01  5.990E-02  1.869E+00  4.743E-03
  126   1    nobuffer  Earth         1.00    100.00    829.06   1175.13    760.00  1.889E+02  1.266E+02  8.567E-01  7.168E-02  5.942E+01  7.284E-02  1.870E+00  4.944E-03
  127   1    nobuffer  Earth         1.00    100.00    829.06   1175.13    750.00  1.889E+02  1.266E+02  8.105E-01  6.246E-02  5.942E+01  8.673E-02  1.870E+00  5.108E-03
  128   1    nobuffer  Earth         1.00    100.00    829.06   1175.13    740.00  1.889E+02  1.267E+02  7.612E-01  5.387E-02  5.943E+01  1.013E-01  1.870E+00  5.237E-03
  129   1    nobuffer  Earth         1.00    100.00    829.06   1175.13    730.00  1.889E+02  1.267E+02  7.098E-01  4.600E-02  5.943E+01  1.161E-01  1.870E+00  5.329E-03
  130   1    nobuffer  Earth         1.00    100.00    829.06   1175.13    720.00  1.889E+02  1.268E+02  6.574E-01  3.889E-02  5.943E+01  1.311E-01  1.870E+00  5.386E-03
  131   1    nobuffer  Earth         1.00    100.00    829.06   1175.13    710.00  1.889E+02  1.268E+02  6.049E-01  3.257E-02  5.943E+01  1.458E-01  1.871E+00  5.411E-03
  132   1    nobuffer  Earth         1.00    100.00    829.06   1175.13    700.00  1.889E+02  1.269E+02  5.533E-01  2.701E-02  5.943E+01  1.601E-01  1.871E+00  5.405E-03
  133   1    nobuffer  Earth         1.00    100.00    829.06   1175.13    690.00  1.889E+02  1.269E+02  5.031E-01  2.219E-02  5.943E+01  1.739E-01  1.871E+00  5.373E-03
  134   1    nobuffer  Earth         1.00    100.00    829.06   1175.13    680.00  1.889E+02  1.269E+02  4.548E-01  1.806E-02  5.943E+01  1.871E-01  1.872E+00  5.318E-03
  135   1    nobuffer  Earth         1.00    100.00    829.06   1175.13    670.00  1.889E+02  1.270E+02  4.089E-01  1.457E-02  5.943E+01  1.995E-01  1.872E+00  5.241E-03
  136   1    nobuffer  Earth         1.00    100.00    829.06   1175.13    660.00  1.889E+02  1.270E+02  3.657E-01  1.163E-02  5.943E+01  2.111E-01  1.872E+00  5.146E-03
  137   1    nobuffer  Earth         1.00    100.00    829.06   1175.13    650.00  1.889E+02  1.270E+02  3.252E-01  9.199E-03  5.943E+01  2.218E-01  1.872E+00  5.035E-03
