 planet=Earth        Mplanet=  1.00   buffer=nobuffer pCO2=   100.000 pH2O=   500.000 minpH2O=    10.000 pN2=     2.000 pCO=     0.000

                         M_i    N_O   buffer   planet           PCO2     T_q(CH4)  T_q(NH3)             H2O        H2         CO         CO2        CH4        N2         NH3     
 quenched columns     1.00E+22   1   nobuffer  Earth            100.00    891.08   1218.49            5.619E+02  3.816E+00  6.670E+00  2.308E+03  1.451E-03  7.274E+01  1.114E-04
 quenched pressures   1.00E+22   1   nobuffer  Earth            100.00    891.08   1218.49            2.128E+01  1.445E-01  2.526E-01  8.740E+01  5.495E-05  2.755E+00  4.220E-06
 dry pressures        1.00E+22   1   nobuffer  Earth            100.00    891.08   1218.49            0.000E+00  1.626E-01  2.843E-01  9.836E+01  6.184E-05  3.100E+00  4.749E-06

   i   N_O   buffer    planet       Mplanet   PCO2    T_q(CH4)  T_q(NH3)   T[K]    P[bars]      H2O        H2         CO         CO2        CH4        N2         NH3     
    1   1    nobuffer  Earth         1.00    100.00    891.08   1218.49   2010.00  1.118E+02  2.141E+01  2.045E-02  3.769E-01  8.728E+01  3.036E-14  2.755E+00  1.061E-07
    2   1    nobuffer  Earth         1.00    100.00    891.08   1218.49   2000.00  1.118E+02  2.141E+01  2.061E-02  3.767E-01  8.728E+01  1.518E-14  2.755E+00  1.091E-07
    3   1    nobuffer  Earth         1.00    100.00    891.08   1218.49   1990.00  1.118E+02  2.141E+01  2.077E-02  3.766E-01  8.728E+01  1.518E-14  2.755E+00  1.122E-07
    4   1    nobuffer  Earth         1.00    100.00    891.08   1218.49   1980.00  1.118E+02  2.141E+01  2.093E-02  3.764E-01  8.728E+01  1.518E-14  2.755E+00  1.155E-07
    5   1    nobuffer  Earth         1.00    100.00    891.08   1218.49   1970.00  1.118E+02  2.141E+01  2.110E-02  3.762E-01  8.728E+01  1.518E-14  2.755E+00  1.188E-07
    6   1    nobuffer  Earth         1.00    100.00    891.08   1218.49   1960.00  1.118E+02  2.141E+01  2.127E-02  3.761E-01  8.728E+01  1.518E-14  2.755E+00  1.224E-07
    7   1    nobuffer  Earth         1.00    100.00    891.08   1218.49   1950.00  1.118E+02  2.141E+01  2.144E-02  3.759E-01  8.728E+01  1.518E-14  2.755E+00  1.260E-07
    8   1    nobuffer  Earth         1.00    100.00    891.08   1218.49   1940.00  1.118E+02  2.140E+01  2.162E-02  3.757E-01  8.728E+01  1.518E-14  2.755E+00  1.298E-07
    9   1    nobuffer  Earth         1.00    100.00    891.08   1218.49   1930.00  1.118E+02  2.140E+01  2.180E-02  3.755E-01  8.728E+01  1.518E-14  2.755E+00  1.338E-07
   10   1    nobuffer  Earth         1.00    100.00    891.08   1218.49   1920.00  1.118E+02  2.140E+01  2.198E-02  3.754E-01  8.728E+01  1.518E-14  2.755E+00  1.379E-07
   11   1    nobuffer  Earth         1.00    100.00    891.08   1218.49   1910.00  1.118E+02  2.140E+01  2.216E-02  3.752E-01  8.728E+01  1.518E-14  2.755E+00  1.422E-07
   12   1    nobuffer  Earth         1.00    100.00    891.08   1218.49   1900.00  1.118E+02  2.140E+01  2.235E-02  3.750E-01  8.728E+01  1.518E-14  2.755E+00  1.467E-07
   13   1    nobuffer  Earth         1.00    100.00    891.08   1218.49   1890.00  1.118E+02  2.140E+01  2.255E-02  3.748E-01  8.728E+01  3.036E-14  2.755E+00  1.513E-07
   14   1    nobuffer  Earth         1.00    100.00    891.08   1218.49   1880.00  1.118E+02  2.140E+01  2.275E-02  3.746E-01  8.728E+01  3.036E-14  2.755E+00  1.562E-07
   15   1    nobuffer  Earth         1.00    100.00    891.08   1218.49   1870.00  1.118E+02  2.140E+01  2.295E-02  3.744E-01  8.728E+01  3.036E-14  2.755E+00  1.613E-07
   16   1    nobuffer  Earth         1.00    100.00    891.08   1218.49   1860.00  1.118E+02  2.140E+01  2.315E-02  3.742E-01  8.728E+01  6.071E-14  2.755E+00  1.666E-07
   17   1    nobuffer  Earth         1.00    100.00    891.08   1218.49   1850.00  1.118E+02  2.140E+01  2.337E-02  3.740E-01  8.728E+01  4.553E-14  2.755E+00  1.721E-07
   18   1    nobuffer  Earth         1.00    100.00    891.08   1218.49   1840.00  1.118E+02  2.140E+01  2.358E-02  3.738E-01  8.728E+01  4.553E-14  2.755E+00  1.779E-07
   19   1    nobuffer  Earth         1.00    100.00    891.08   1218.49   1830.00  1.118E+02  2.140E+01  2.380E-02  3.735E-01  8.728E+01  4.553E-14  2.755E+00  1.840E-07
   20   1    nobuffer  Earth         1.00    100.00    891.08   1218.49   1820.00  1.118E+02  2.140E+01  2.402E-02  3.733E-01  8.728E+01  7.589E-14  2.755E+00  1.903E-07
   21   1    nobuffer  Earth         1.00    100.00    891.08   1218.49   1810.00  1.118E+02  2.140E+01  2.425E-02  3.731E-01  8.728E+01  6.071E-14  2.755E+00  1.970E-07
   22   1    nobuffer  Earth         1.00    100.00    891.08   1218.49   1800.00  1.118E+02  2.140E+01  2.449E-02  3.729E-01  8.728E+01  9.107E-14  2.755E+00  2.039E-07
   23   1    nobuffer  Earth         1.00    100.00    891.08   1218.49   1790.00  1.118E+02  2.140E+01  2.473E-02  3.726E-01  8.728E+01  9.107E-14  2.755E+00  2.112E-07
   24   1    nobuffer  Earth         1.00    100.00    891.08   1218.49   1780.00  1.118E+02  2.140E+01  2.497E-02  3.724E-01  8.728E+01  1.062E-13  2.755E+00  2.188E-07
   25   1    nobuffer  Earth         1.00    100.00    891.08   1218.49   1770.00  1.118E+02  2.140E+01  2.522E-02  3.721E-01  8.728E+01  1.062E-13  2.755E+00  2.268E-07
   26   1    nobuffer  Earth         1.00    100.00    891.08   1218.49   1760.00  1.118E+02  2.140E+01  2.548E-02  3.719E-01  8.728E+01  1.062E-13  2.755E+00  2.352E-07
   27   1    nobuffer  Earth         1.00    100.00    891.08   1218.49   1750.00  1.118E+02  2.140E+01  2.574E-02  3.716E-01  8.728E+01  1.518E-13  2.755E+00  2.440E-07
   28   1    nobuffer  Earth         1.00    100.00    891.08   1218.49   1740.00  1.118E+02  2.140E+01  2.600E-02  3.713E-01  8.728E+01  1.518E-13  2.755E+00  2.533E-07
   29   1    nobuffer  Earth         1.00    100.00    891.08   1218.49   1730.00  1.118E+02  2.140E+01  2.628E-02  3.711E-01  8.728E+01  1.518E-13  2.755E+00  2.630E-07
   30   1    nobuffer  Earth         1.00    100.00    891.08   1218.49   1720.00  1.118E+02  2.140E+01  2.656E-02  3.708E-01  8.728E+01  1.821E-13  2.755E+00  2.732E-07
   31   1    nobuffer  Earth         1.00    100.00    891.08   1218.49   1710.00  1.118E+02  2.140E+01  2.684E-02  3.705E-01  8.728E+01  2.277E-13  2.755E+00  2.839E-07
   32   1    nobuffer  Earth         1.00    100.00    891.08   1218.49   1700.00  1.118E+02  2.140E+01  2.714E-02  3.702E-01  8.728E+01  2.277E-13  2.755E+00  2.952E-07
   33   1    nobuffer  Earth         1.00    100.00    891.08   1218.49   1690.00  1.118E+02  2.140E+01  2.744E-02  3.699E-01  8.728E+01  2.884E-13  2.755E+00  3.071E-07
   34   1    nobuffer  Earth         1.00    100.00    891.08   1218.49   1680.00  1.118E+02  2.140E+01  2.775E-02  3.696E-01  8.728E+01  3.187E-13  2.755E+00  3.197E-07
   35   1    nobuffer  Earth         1.00    100.00    891.08   1218.49   1670.00  1.118E+02  2.140E+01  2.806E-02  3.693E-01  8.728E+01  3.643E-13  2.755E+00  3.329E-07
   36   1    nobuffer  Earth         1.00    100.00    891.08   1218.49   1660.00  1.118E+02  2.140E+01  2.838E-02  3.690E-01  8.728E+01  4.250E-13  2.755E+00  3.468E-07
   37   1    nobuffer  Earth         1.00    100.00    891.08   1218.49   1650.00  1.118E+02  2.140E+01  2.871E-02  3.686E-01  8.729E+01  4.705E-13  2.755E+00  3.615E-07
   38   1    nobuffer  Earth         1.00    100.00    891.08   1218.49   1640.00  1.118E+02  2.140E+01  2.905E-02  3.683E-01  8.729E+01  5.464E-13  2.755E+00  3.770E-07
   39   1    nobuffer  Earth         1.00    100.00    891.08   1218.49   1630.00  1.118E+02  2.140E+01  2.940E-02  3.679E-01  8.729E+01  6.223E-13  2.755E+00  3.934E-07
   40   1    nobuffer  Earth         1.00    100.00    891.08   1218.49   1620.00  1.118E+02  2.140E+01  2.976E-02  3.676E-01  8.729E+01  7.134E-13  2.755E+00  4.107E-07
   41   1    nobuffer  Earth         1.00    100.00    891.08   1218.49   1610.00  1.118E+02  2.140E+01  3.012E-02  3.672E-01  8.729E+01  8.348E-13  2.755E+00  4.290E-07
   42   1    nobuffer  Earth         1.00    100.00    891.08   1218.49   1600.00  1.118E+02  2.140E+01  3.050E-02  3.668E-01  8.729E+01  9.410E-13  2.755E+00  4.484E-07
   43   1    nobuffer  Earth         1.00    100.00    891.08   1218.49   1590.00  1.118E+02  2.140E+01  3.088E-02  3.665E-01  8.729E+01  1.108E-12  2.755E+00  4.690E-07
   44   1    nobuffer  Earth         1.00    100.00    891.08   1218.49   1580.00  1.118E+02  2.140E+01  3.128E-02  3.661E-01  8.729E+01  1.260E-12  2.755E+00  4.907E-07
   45   1    nobuffer  Earth         1.00    100.00    891.08   1218.49   1570.00  1.118E+02  2.139E+01  3.169E-02  3.657E-01  8.729E+01  1.472E-12  2.755E+00  5.138E-07
   46   1    nobuffer  Earth         1.00    100.00    891.08   1218.49   1560.00  1.118E+02  2.139E+01  3.210E-02  3.652E-01  8.729E+01  1.700E-12  2.755E+00  5.383E-07
   47   1    nobuffer  Earth         1.00    100.00    891.08   1218.49   1550.00  1.118E+02  2.139E+01  3.253E-02  3.648E-01  8.729E+01  1.958E-12  2.755E+00  5.643E-07
   48   1    nobuffer  Earth         1.00    100.00    891.08   1218.49   1540.00  1.118E+02  2.139E+01  3.297E-02  3.644E-01  8.729E+01  2.307E-12  2.755E+00  5.919E-07
   49   1    nobuffer  Earth         1.00    100.00    891.08   1218.49   1530.00  1.118E+02  2.139E+01  3.342E-02  3.639E-01  8.729E+01  2.702E-12  2.755E+00  6.213E-07
   50   1    nobuffer  Earth         1.00    100.00    891.08   1218.49   1520.00  1.118E+02  2.139E+01  3.389E-02  3.635E-01  8.729E+01  3.172E-12  2.755E+00  6.526E-07
   51   1    nobuffer  Earth         1.00    100.00    891.08   1218.49   1510.00  1.118E+02  2.139E+01  3.436E-02  3.630E-01  8.729E+01  3.703E-12  2.755E+00  6.859E-07
   52   1    nobuffer  Earth         1.00    100.00    891.08   1218.49   1500.00  1.118E+02  2.139E+01  3.486E-02  3.625E-01  8.729E+01  4.371E-12  2.755E+00  7.214E-07
   53   1    nobuffer  Earth         1.00    100.00    891.08   1218.49   1490.00  1.118E+02  2.139E+01  3.536E-02  3.620E-01  8.729E+01  5.130E-12  2.755E+00  7.592E-07
   54   1    nobuffer  Earth         1.00    100.00    891.08   1218.49   1480.00  1.118E+02  2.139E+01  3.588E-02  3.615E-01  8.729E+01  6.056E-12  2.755E+00  7.996E-07
   55   1    nobuffer  Earth         1.00    100.00    891.08   1218.49   1470.00  1.118E+02  2.139E+01  3.642E-02  3.609E-01  8.729E+01  7.179E-12  2.755E+00  8.428E-07
   56   1    nobuffer  Earth         1.00    100.00    891.08   1218.49   1460.00  1.118E+02  2.139E+01  3.697E-02  3.604E-01  8.729E+01  8.515E-12  2.755E+00  8.890E-07
   57   1    nobuffer  Earth         1.00    100.00    891.08   1218.49   1450.00  1.118E+02  2.139E+01  3.754E-02  3.598E-01  8.729E+01  1.012E-11  2.755E+00  9.383E-07
   58   1    nobuffer  Earth         1.00    100.00    891.08   1218.49   1440.00  1.118E+02  2.139E+01  3.812E-02  3.592E-01  8.729E+01  1.208E-11  2.755E+00  9.912E-07
   59   1    nobuffer  Earth         1.00    100.00    891.08   1218.49   1430.00  1.118E+02  2.139E+01  3.873E-02  3.586E-01  8.730E+01  1.440E-11  2.755E+00  1.048E-06
   60   1    nobuffer  Earth         1.00    100.00    891.08   1218.49   1420.00  1.118E+02  2.139E+01  3.935E-02  3.580E-01  8.730E+01  1.726E-11  2.755E+00  1.109E-06
   61   1    nobuffer  Earth         1.00    100.00    891.08   1218.49   1410.00  1.118E+02  2.139E+01  3.999E-02  3.574E-01  8.730E+01  2.073E-11  2.755E+00  1.174E-06
   62   1    nobuffer  Earth         1.00    100.00    891.08   1218.49   1400.00  1.118E+02  2.139E+01  4.065E-02  3.567E-01  8.730E+01  2.497E-11  2.755E+00  1.244E-06
   63   1    nobuffer  Earth         1.00    100.00    891.08   1218.49   1390.00  1.118E+02  2.139E+01  4.133E-02  3.560E-01  8.730E+01  3.013E-11  2.755E+00  1.320E-06
   64   1    nobuffer  Earth         1.00    100.00    891.08   1218.49   1380.00  1.118E+02  2.138E+01  4.204E-02  3.553E-01  8.730E+01  3.647E-11  2.755E+00  1.401E-06
   65   1    nobuffer  Earth         1.00    100.00    891.08   1218.49   1370.00  1.118E+02  2.138E+01  4.276E-02  3.546E-01  8.730E+01  4.426E-11  2.755E+00  1.489E-06
   66   1    nobuffer  Earth         1.00    100.00    891.08   1218.49   1360.00  1.118E+02  2.138E+01  4.352E-02  3.538E-01  8.730E+01  5.391E-11  2.755E+00  1.583E-06
   67   1    nobuffer  Earth         1.00    100.00    891.08   1218.49   1350.00  1.118E+02  2.138E+01  4.429E-02  3.530E-01  8.730E+01  6.580E-11  2.755E+00  1.685E-06
   68   1    nobuffer  Earth         1.00    100.00    891.08   1218.49   1340.00  1.118E+02  2.138E+01  4.509E-02  3.522E-01  8.730E+01  8.056E-11  2.755E+00  1.796E-06
   69   1    nobuffer  Earth         1.00    100.00    891.08   1218.49   1330.00  1.118E+02  2.138E+01  4.592E-02  3.514E-01  8.730E+01  9.893E-11  2.755E+00  1.915E-06
   70   1    nobuffer  Earth         1.00    100.00    891.08   1218.49   1320.00  1.118E+02  2.138E+01  4.678E-02  3.506E-01  8.730E+01  1.219E-10  2.755E+00  2.044E-06
   71   1    nobuffer  Earth         1.00    100.00    891.08   1218.49   1310.00  1.118E+02  2.138E+01  4.767E-02  3.497E-01  8.730E+01  1.506E-10  2.755E+00  2.185E-06
   72   1    nobuffer  Earth         1.00    100.00    891.08   1218.49   1300.00  1.118E+02  2.138E+01  4.859E-02  3.488E-01  8.731E+01  1.867E-10  2.755E+00  2.337E-06
   73   1    nobuffer  Earth         1.00    100.00    891.08   1218.49   1290.00  1.118E+02  2.138E+01  4.954E-02  3.478E-01  8.731E+01  2.322E-10  2.755E+00  2.502E-06
   74   1    nobuffer  Earth         1.00    100.00    891.08   1218.49   1280.00  1.118E+02  2.138E+01  5.052E-02  3.468E-01  8.731E+01  2.898E-10  2.755E+00  2.683E-06
   75   1    nobuffer  Earth         1.00    100.00    891.08   1218.49   1270.00  1.118E+02  2.137E+01  5.154E-02  3.458E-01  8.731E+01  3.629E-10  2.755E+00  2.879E-06
   76   1    nobuffer  Earth         1.00    100.00    891.08   1218.49   1260.00  1.118E+02  2.137E+01  5.260E-02  3.447E-01  8.731E+01  4.560E-10  2.755E+00  3.093E-06
   77   1    nobuffer  Earth         1.00    100.00    891.08   1218.49   1250.00  1.118E+02  2.137E+01  5.369E-02  3.436E-01  8.731E+01  5.750E-10  2.755E+00  3.327E-06
   78   1    nobuffer  Earth         1.00    100.00    891.08   1218.49   1240.00  1.118E+02  2.137E+01  5.483E-02  3.425E-01  8.731E+01  7.278E-10  2.755E+00  3.582E-06
   79   1    nobuffer  Earth         1.00    100.00    891.08   1218.49   1230.00  1.118E+02  2.137E+01  5.601E-02  3.413E-01  8.731E+01  9.246E-10  2.755E+00  3.862E-06
   80   1    nobuffer  Earth         1.00    100.00    891.08   1218.49   1220.00  1.118E+02  2.137E+01  5.723E-02  3.401E-01  8.731E+01  1.179E-09  2.755E+00  4.169E-06
   81   1    nobuffer  Earth         1.00    100.00    891.08   1218.49   1210.00  1.118E+02  2.137E+01  5.850E-02  3.388E-01  8.731E+01  1.510E-09  2.755E+00  4.505E-06
   82   1    nobuffer  Earth         1.00    100.00    891.08   1218.49   1200.00  1.118E+02  2.137E+01  5.982E-02  3.375E-01  8.732E+01  1.940E-09  2.755E+00  4.876E-06
   83   1    nobuffer  Earth         1.00    100.00    891.08   1218.49   1190.00  1.118E+02  2.137E+01  6.119E-02  3.361E-01  8.732E+01  2.504E-09  2.755E+00  5.283E-06
   84   1    nobuffer  Earth         1.00    100.00    891.08   1218.49   1180.00  1.118E+02  2.136E+01  6.262E-02  3.347E-01  8.732E+01  3.245E-09  2.755E+00  5.732E-06
   85   1    nobuffer  Earth         1.00    100.00    891.08   1218.49   1170.00  1.118E+02  2.136E+01  6.410E-02  3.332E-01  8.732E+01  4.223E-09  2.755E+00  6.227E-06
   86   1    nobuffer  Earth         1.00    100.00    891.08   1218.49   1160.00  1.118E+02  2.136E+01  6.564E-02  3.317E-01  8.732E+01  5.519E-09  2.755E+00  6.775E-06
   87   1    nobuffer  Earth         1.00    100.00    891.08   1218.49   1150.00  1.118E+02  2.136E+01  6.725E-02  3.301E-01  8.732E+01  7.246E-09  2.755E+00  7.381E-06
   88   1    nobuffer  Earth         1.00    100.00    891.08   1218.49   1140.00  1.118E+02  2.136E+01  6.891E-02  3.284E-01  8.733E+01  9.556E-09  2.755E+00  8.053E-06
   89   1    nobuffer  Earth         1.00    100.00    891.08   1218.49   1130.00  1.118E+02  2.136E+01  7.065E-02  3.267E-01  8.733E+01  1.266E-08  2.755E+00  8.800E-06
   90   1    nobuffer  Earth         1.00    100.00    891.08   1218.49   1120.00  1.118E+02  2.135E+01  7.246E-02  3.249E-01  8.733E+01  1.685E-08  2.755E+00  9.629E-06
   91   1    nobuffer  Earth         1.00    100.00    891.08   1218.49   1110.00  1.118E+02  2.135E+01  7.435E-02  3.230E-01  8.733E+01  2.254E-08  2.755E+00  1.055E-05
   92   1    nobuffer  Earth         1.00    100.00    891.08   1218.49   1100.00  1.118E+02  2.135E+01  7.632E-02  3.210E-01  8.733E+01  3.030E-08  2.755E+00  1.159E-05
   93   1    nobuffer  Earth         1.00    100.00    891.08   1218.49   1090.00  1.118E+02  2.135E+01  7.837E-02  3.190E-01  8.733E+01  4.093E-08  2.755E+00  1.274E-05
   94   1    nobuffer  Earth         1.00    100.00    891.08   1218.49   1080.00  1.118E+02  2.135E+01  8.050E-02  3.168E-01  8.734E+01  5.558E-08  2.755E+00  1.403E-05
   95   1    nobuffer  Earth         1.00    100.00    891.08   1218.49   1070.00  1.118E+02  2.134E+01  8.273E-02  3.146E-01  8.734E+01  7.587E-08  2.755E+00  1.547E-05
   96   1    nobuffer  Earth         1.00    100.00    891.08   1218.49   1060.00  1.118E+02  2.134E+01  8.506E-02  3.123E-01  8.734E+01  1.041E-07  2.755E+00  1.710E-05
   97   1    nobuffer  Earth         1.00    100.00    891.08   1218.49   1050.00  1.118E+02  2.134E+01  8.749E-02  3.098E-01  8.734E+01  1.437E-07  2.755E+00  1.893E-05
   98   1    nobuffer  Earth         1.00    100.00    891.08   1218.49   1040.00  1.118E+02  2.134E+01  9.003E-02  3.073E-01  8.735E+01  1.993E-07  2.755E+00  2.099E-05
   99   1    nobuffer  Earth         1.00    100.00    891.08   1218.49   1030.00  1.118E+02  2.133E+01  9.268E-02  3.047E-01  8.735E+01  2.782E-07  2.755E+00  2.332E-05
  100   1    nobuffer  Earth         1.00    100.00    891.08   1218.49   1020.00  1.118E+02  2.133E+01  9.545E-02  3.019E-01  8.735E+01  3.904E-07  2.755E+00  2.595E-05
  101   1    nobuffer  Earth         1.00    100.00    891.08   1218.49   1010.00  1.118E+02  2.133E+01  9.834E-02  2.990E-01  8.735E+01  5.513E-07  2.755E+00  2.893E-05
  102   1    nobuffer  Earth         1.00    100.00    891.08   1218.49   1000.00  1.118E+02  2.133E+01  1.014E-01  2.960E-01  8.736E+01  7.831E-07  2.755E+00  3.232E-05
  103   1    nobuffer  Earth         1.00    100.00    891.08   1218.49    990.00  1.118E+02  2.132E+01  1.045E-01  2.928E-01  8.736E+01  1.119E-06  2.755E+00  3.618E-05
  104   1    nobuffer  Earth         1.00    100.00    891.08   1218.49    980.00  1.118E+02  2.132E+01  1.078E-01  2.895E-01  8.736E+01  1.610E-06  2.755E+00  4.058E-05
  105   1    nobuffer  Earth         1.00    100.00    891.08   1218.49    970.00  1.118E+02  2.132E+01  1.113E-01  2.861E-01  8.737E+01  2.330E-06  2.755E+00  4.561E-05
  106   1    nobuffer  Earth         1.00    100.00    891.08   1218.49    960.00  1.118E+02  2.131E+01  1.149E-01  2.824E-01  8.737E+01  3.394E-06  2.755E+00  5.136E-05
  107   1    nobuffer  Earth         1.00    100.00    891.08   1218.49    950.00  1.118E+02  2.131E+01  1.187E-01  2.787E-01  8.738E+01  4.976E-06  2.755E+00  5.795E-05
  108   1    nobuffer  Earth         1.00    100.00    891.08   1218.49    940.00  1.118E+02  2.130E+01  1.226E-01  2.747E-01  8.738E+01  7.346E-06  2.755E+00  6.554E-05
  109   1    nobuffer  Earth         1.00    100.00    891.08   1218.49    930.00  1.118E+02  2.130E+01  1.267E-01  2.706E-01  8.738E+01  1.092E-05  2.755E+00  7.427E-05
  110   1    nobuffer  Earth         1.00    100.00    891.08   1218.49    920.00  1.118E+02  2.130E+01  1.310E-01  2.663E-01  8.739E+01  1.634E-05  2.755E+00  8.434E-05
  111   1    nobuffer  Earth         1.00    100.00    891.08   1218.49    910.00  1.118E+02  2.129E+01  1.355E-01  2.617E-01  8.739E+01  2.462E-05  2.755E+00  9.599E-05
  112   1    nobuffer  Earth         1.00    100.00    891.08   1218.49    900.00  1.118E+02  2.129E+01  1.402E-01  2.570E-01  8.740E+01  3.735E-05  2.755E+00  1.095E-04
  113   1    nobuffer  Earth         1.00    100.00    891.08   1218.49    890.00  1.118E+02  2.128E+01  1.450E-01  2.521E-01  8.740E+01  5.707E-05  2.755E+00  1.251E-04
  114   1    nobuffer  Earth         1.00    100.00    891.08   1218.49    880.00  1.118E+02  2.128E+01  1.501E-01  2.469E-01  8.741E+01  8.780E-05  2.755E+00  1.433E-04
  115   1    nobuffer  Earth         1.00    100.00    891.08   1218.49    870.00  1.118E+02  2.127E+01  1.553E-01  2.415E-01  8.741E+01  1.360E-04  2.755E+00  1.645E-04
  116   1    nobuffer  Earth         1.00    100.00    891.08   1218.49    860.00  1.118E+02  2.127E+01  1.608E-01  2.357E-01  8.742E+01  2.119E-04  2.755E+00  1.892E-04
  117   1    nobuffer  Earth         1.00    100.00    891.08   1218.49    850.00  1.118E+02  2.126E+01  1.663E-01  2.297E-01  8.742E+01  3.323E-04  2.755E+00  2.179E-04
  118   1    nobuffer  Earth         1.00    100.00    891.08   1218.49    840.00  1.118E+02  2.125E+01  1.720E-01  2.233E-01  8.743E+01  5.233E-04  2.755E+00  2.512E-04
  119   1    nobuffer  Earth         1.00    100.00    891.08   1218.49    830.00  1.118E+02  2.125E+01  1.776E-01  2.164E-01  8.744E+01  8.268E-04  2.755E+00  2.899E-04
  120   1    nobuffer  Earth         1.00    100.00    891.08   1218.49    820.00  1.118E+02  2.124E+01  1.831E-01  2.090E-01  8.745E+01  1.307E-03  2.755E+00  3.344E-04
  121   1    nobuffer  Earth         1.00    100.00    891.08   1218.49    810.00  1.118E+02  2.123E+01  1.883E-01  2.009E-01  8.745E+01  2.059E-03  2.755E+00  3.850E-04
  122   1    nobuffer  Earth         1.00    100.00    891.08   1218.49    800.00  1.118E+02  2.123E+01  1.927E-01  1.918E-01  8.746E+01  3.214E-03  2.755E+00  4.416E-04
  123   1    nobuffer  Earth         1.00    100.00    891.08   1218.49    790.00  1.118E+02  2.122E+01  1.960E-01  1.816E-01  8.748E+01  4.935E-03  2.755E+00  5.029E-04
  124   1    nobuffer  Earth         1.00    100.00    891.08   1218.49    780.00  1.118E+02  2.122E+01  1.977E-01  1.701E-01  8.749E+01  7.388E-03  2.755E+00  5.671E-04
  125   1    nobuffer  Earth         1.00    100.00    891.08   1218.49    770.00  1.118E+02  2.121E+01  1.973E-01  1.573E-01  8.750E+01  1.070E-02  2.755E+00  6.312E-04
  126   1    nobuffer  Earth         1.00    100.00    891.08   1218.49    760.00  1.118E+02  2.121E+01  1.946E-01  1.433E-01  8.752E+01  1.490E-02  2.755E+00  6.918E-04
  127   1    nobuffer  Earth         1.00    100.00    891.08   1218.49    750.00  1.118E+02  2.120E+01  1.894E-01  1.285E-01  8.754E+01  1.989E-02  2.755E+00  7.460E-04
  128   1    nobuffer  Earth         1.00    100.00    891.08   1218.49    740.00  1.118E+02  2.120E+01  1.820E-01  1.135E-01  8.755E+01  2.550E-02  2.756E+00  7.917E-04
  129   1    nobuffer  Earth         1.00    100.00    891.08   1218.49    730.00  1.118E+02  2.120E+01  1.728E-01  9.878E-02  8.757E+01  3.149E-02  2.756E+00  8.279E-04
  130   1    nobuffer  Earth         1.00    100.00    891.08   1218.49    720.00  1.118E+02  2.120E+01  1.624E-01  8.475E-02  8.759E+01  3.763E-02  2.756E+00  8.547E-04
  131   1    nobuffer  Earth         1.00    100.00    891.08   1218.49    710.00  1.118E+02  2.120E+01  1.510E-01  7.176E-02  8.761E+01  4.372E-02  2.757E+00  8.725E-04
  132   1    nobuffer  Earth         1.00    100.00    891.08   1218.49    700.00  1.118E+02  2.121E+01  1.392E-01  6.002E-02  8.762E+01  4.961E-02  2.757E+00  8.821E-04
  133   1    nobuffer  Earth         1.00    100.00    891.08   1218.49    690.00  1.118E+02  2.121E+01  1.273E-01  4.962E-02  8.764E+01  5.520E-02  2.757E+00  8.846E-04
  134   1    nobuffer  Earth         1.00    100.00    891.08   1218.49    680.00  1.118E+02  2.121E+01  1.156E-01  4.057E-02  8.765E+01  6.040E-02  2.757E+00  8.809E-04
  135   1    nobuffer  Earth         1.00    100.00    891.08   1218.49    670.00  1.118E+02  2.122E+01  1.042E-01  3.282E-02  8.766E+01  6.519E-02  2.758E+00  8.720E-04
  136   1    nobuffer  Earth         1.00    100.00    891.08   1218.49    660.00  1.118E+02  2.122E+01  9.340E-02  2.626E-02  8.767E+01  6.954E-02  2.758E+00  8.588E-04
  137   1    nobuffer  Earth         1.00    100.00    891.08   1218.49    650.00  1.118E+02  2.122E+01  8.318E-02  2.080E-02  8.767E+01  7.347E-02  2.758E+00  8.419E-04
