 planet=Earth        Mplanet=  1.00   buffer=nobuffer pCO2=   100.000 pH2O=   500.000 minpH2O=    10.000 pN2=     2.000 pCO=     0.000

                         M_i    N_O   buffer   planet           PCO2     T_q(CH4)  T_q(NH3)             H2O        H2         CO         CO2        CH4        N2         NH3     
 quenched columns     1.58E+22   1   nobuffer  Earth            100.00    874.01   1205.92            1.249E+03  1.097E+01  7.829E+00  2.307E+03  1.840E-02  7.274E+01  6.465E-04
 quenched pressures   1.58E+22   1   nobuffer  Earth            100.00    874.01   1205.92            4.247E+01  3.727E-01  2.661E-01  7.840E+01  6.255E-04  2.472E+00  2.198E-05
 dry pressures        1.58E+22   1   nobuffer  Earth            100.00    874.01   1205.92            0.000E+00  4.659E-01  3.327E-01  9.801E+01  7.820E-04  3.091E+00  2.747E-05

   i   N_O   buffer    planet       Mplanet   PCO2    T_q(CH4)  T_q(NH3)   T[K]    P[bars]      H2O        H2         CO         CO2        CH4        N2         NH3     
    1   1    nobuffer  Earth         1.00    100.00    874.01   1205.92   2010.00  1.240E+02  4.277E+01  6.929E-02  5.720E-01  7.810E+01  2.009E-13  2.472E+00  5.886E-07
    2   1    nobuffer  Earth         1.00    100.00    874.01   1205.92   2000.00  1.240E+02  4.277E+01  6.979E-02  5.715E-01  7.810E+01  1.855E-13  2.472E+00  6.048E-07
    3   1    nobuffer  Earth         1.00    100.00    874.01   1205.92   1990.00  1.240E+02  4.277E+01  7.030E-02  5.710E-01  7.810E+01  2.164E-13  2.472E+00  6.217E-07
    4   1    nobuffer  Earth         1.00    100.00    874.01   1205.92   1980.00  1.240E+02  4.277E+01  7.082E-02  5.705E-01  7.810E+01  2.473E-13  2.472E+00  6.392E-07
    5   1    nobuffer  Earth         1.00    100.00    874.01   1205.92   1970.00  1.240E+02  4.277E+01  7.134E-02  5.700E-01  7.810E+01  2.628E-13  2.472E+00  6.574E-07
    6   1    nobuffer  Earth         1.00    100.00    874.01   1205.92   1960.00  1.240E+02  4.277E+01  7.188E-02  5.694E-01  7.810E+01  2.937E-13  2.472E+00  6.762E-07
    7   1    nobuffer  Earth         1.00    100.00    874.01   1205.92   1950.00  1.240E+02  4.277E+01  7.243E-02  5.689E-01  7.810E+01  3.246E-13  2.472E+00  6.959E-07
    8   1    nobuffer  Earth         1.00    100.00    874.01   1205.92   1940.00  1.240E+02  4.277E+01  7.298E-02  5.683E-01  7.810E+01  3.555E-13  2.472E+00  7.163E-07
    9   1    nobuffer  Earth         1.00    100.00    874.01   1205.92   1930.00  1.240E+02  4.277E+01  7.355E-02  5.678E-01  7.810E+01  4.019E-13  2.472E+00  7.375E-07
   10   1    nobuffer  Earth         1.00    100.00    874.01   1205.92   1920.00  1.240E+02  4.277E+01  7.412E-02  5.672E-01  7.810E+01  3.864E-13  2.472E+00  7.596E-07
   11   1    nobuffer  Earth         1.00    100.00    874.01   1205.92   1910.00  1.240E+02  4.277E+01  7.471E-02  5.666E-01  7.810E+01  4.637E-13  2.472E+00  7.827E-07
   12   1    nobuffer  Earth         1.00    100.00    874.01   1205.92   1900.00  1.240E+02  4.277E+01  7.531E-02  5.660E-01  7.810E+01  5.101E-13  2.472E+00  8.066E-07
   13   1    nobuffer  Earth         1.00    100.00    874.01   1205.92   1890.00  1.240E+02  4.277E+01  7.592E-02  5.654E-01  7.810E+01  5.565E-13  2.472E+00  8.316E-07
   14   1    nobuffer  Earth         1.00    100.00    874.01   1205.92   1880.00  1.240E+02  4.277E+01  7.654E-02  5.648E-01  7.810E+01  6.183E-13  2.472E+00  8.576E-07
   15   1    nobuffer  Earth         1.00    100.00    874.01   1205.92   1870.00  1.240E+02  4.277E+01  7.718E-02  5.642E-01  7.810E+01  6.956E-13  2.472E+00  8.848E-07
   16   1    nobuffer  Earth         1.00    100.00    874.01   1205.92   1860.00  1.240E+02  4.277E+01  7.782E-02  5.635E-01  7.810E+01  7.729E-13  2.472E+00  9.131E-07
   17   1    nobuffer  Earth         1.00    100.00    874.01   1205.92   1850.00  1.240E+02  4.276E+01  7.848E-02  5.628E-01  7.810E+01  8.501E-13  2.472E+00  9.426E-07
   18   1    nobuffer  Earth         1.00    100.00    874.01   1205.92   1840.00  1.240E+02  4.276E+01  7.915E-02  5.622E-01  7.811E+01  9.274E-13  2.472E+00  9.735E-07
   19   1    nobuffer  Earth         1.00    100.00    874.01   1205.92   1830.00  1.240E+02  4.276E+01  7.984E-02  5.615E-01  7.811E+01  1.051E-12  2.472E+00  1.006E-06
   20   1    nobuffer  Earth         1.00    100.00    874.01   1205.92   1820.00  1.240E+02  4.276E+01  8.054E-02  5.608E-01  7.811E+01  1.144E-12  2.472E+00  1.039E-06
   21   1    nobuffer  Earth         1.00    100.00    874.01   1205.92   1810.00  1.240E+02  4.276E+01  8.125E-02  5.601E-01  7.811E+01  1.283E-12  2.472E+00  1.074E-06
   22   1    nobuffer  Earth         1.00    100.00    874.01   1205.92   1800.00  1.240E+02  4.276E+01  8.198E-02  5.593E-01  7.811E+01  1.453E-12  2.472E+00  1.111E-06
   23   1    nobuffer  Earth         1.00    100.00    874.01   1205.92   1790.00  1.240E+02  4.276E+01  8.272E-02  5.586E-01  7.811E+01  1.623E-12  2.472E+00  1.150E-06
   24   1    nobuffer  Earth         1.00    100.00    874.01   1205.92   1780.00  1.240E+02  4.276E+01  8.348E-02  5.578E-01  7.811E+01  1.793E-12  2.472E+00  1.190E-06
   25   1    nobuffer  Earth         1.00    100.00    874.01   1205.92   1770.00  1.240E+02  4.276E+01  8.426E-02  5.571E-01  7.811E+01  2.040E-12  2.472E+00  1.232E-06
   26   1    nobuffer  Earth         1.00    100.00    874.01   1205.92   1760.00  1.240E+02  4.276E+01  8.505E-02  5.563E-01  7.811E+01  2.241E-12  2.472E+00  1.276E-06
   27   1    nobuffer  Earth         1.00    100.00    874.01   1205.92   1750.00  1.240E+02  4.276E+01  8.585E-02  5.555E-01  7.811E+01  2.535E-12  2.472E+00  1.323E-06
   28   1    nobuffer  Earth         1.00    100.00    874.01   1205.92   1740.00  1.240E+02  4.276E+01  8.668E-02  5.547E-01  7.811E+01  2.844E-12  2.472E+00  1.371E-06
   29   1    nobuffer  Earth         1.00    100.00    874.01   1205.92   1730.00  1.240E+02  4.276E+01  8.752E-02  5.538E-01  7.811E+01  3.200E-12  2.472E+00  1.422E-06
   30   1    nobuffer  Earth         1.00    100.00    874.01   1205.92   1720.00  1.240E+02  4.275E+01  8.838E-02  5.529E-01  7.811E+01  3.648E-12  2.472E+00  1.475E-06
   31   1    nobuffer  Earth         1.00    100.00    874.01   1205.92   1710.00  1.240E+02  4.275E+01  8.926E-02  5.521E-01  7.812E+01  4.096E-12  2.472E+00  1.531E-06
   32   1    nobuffer  Earth         1.00    100.00    874.01   1205.92   1700.00  1.240E+02  4.275E+01  9.016E-02  5.512E-01  7.812E+01  4.622E-12  2.472E+00  1.590E-06
   33   1    nobuffer  Earth         1.00    100.00    874.01   1205.92   1690.00  1.240E+02  4.275E+01  9.108E-02  5.503E-01  7.812E+01  5.240E-12  2.472E+00  1.652E-06
   34   1    nobuffer  Earth         1.00    100.00    874.01   1205.92   1680.00  1.240E+02  4.275E+01  9.202E-02  5.493E-01  7.812E+01  5.920E-12  2.472E+00  1.717E-06
   35   1    nobuffer  Earth         1.00    100.00    874.01   1205.92   1670.00  1.240E+02  4.275E+01  9.298E-02  5.484E-01  7.812E+01  6.739E-12  2.472E+00  1.786E-06
   36   1    nobuffer  Earth         1.00    100.00    874.01   1205.92   1660.00  1.240E+02  4.275E+01  9.396E-02  5.474E-01  7.812E+01  7.651E-12  2.472E+00  1.858E-06
   37   1    nobuffer  Earth         1.00    100.00    874.01   1205.92   1650.00  1.240E+02  4.275E+01  9.496E-02  5.464E-01  7.812E+01  8.702E-12  2.472E+00  1.934E-06
   38   1    nobuffer  Earth         1.00    100.00    874.01   1205.92   1640.00  1.240E+02  4.275E+01  9.599E-02  5.453E-01  7.812E+01  9.924E-12  2.472E+00  2.014E-06
   39   1    nobuffer  Earth         1.00    100.00    874.01   1205.92   1630.00  1.240E+02  4.275E+01  9.704E-02  5.443E-01  7.812E+01  1.133E-11  2.472E+00  2.098E-06
   40   1    nobuffer  Earth         1.00    100.00    874.01   1205.92   1620.00  1.240E+02  4.274E+01  9.812E-02  5.432E-01  7.812E+01  1.298E-11  2.472E+00  2.187E-06
   41   1    nobuffer  Earth         1.00    100.00    874.01   1205.92   1610.00  1.240E+02  4.274E+01  9.922E-02  5.421E-01  7.813E+01  1.485E-11  2.472E+00  2.281E-06
   42   1    nobuffer  Earth         1.00    100.00    874.01   1205.92   1600.00  1.240E+02  4.274E+01  1.003E-01  5.410E-01  7.813E+01  1.706E-11  2.472E+00  2.380E-06
   43   1    nobuffer  Earth         1.00    100.00    874.01   1205.92   1590.00  1.240E+02  4.274E+01  1.015E-01  5.398E-01  7.813E+01  1.962E-11  2.472E+00  2.485E-06
   44   1    nobuffer  Earth         1.00    100.00    874.01   1205.92   1580.00  1.240E+02  4.274E+01  1.027E-01  5.386E-01  7.813E+01  2.258E-11  2.472E+00  2.596E-06
   45   1    nobuffer  Earth         1.00    100.00    874.01   1205.92   1570.00  1.240E+02  4.274E+01  1.039E-01  5.374E-01  7.813E+01  2.609E-11  2.472E+00  2.714E-06
   46   1    nobuffer  Earth         1.00    100.00    874.01   1205.92   1560.00  1.240E+02  4.274E+01  1.051E-01  5.362E-01  7.813E+01  3.013E-11  2.472E+00  2.838E-06
   47   1    nobuffer  Earth         1.00    100.00    874.01   1205.92   1550.00  1.240E+02  4.274E+01  1.064E-01  5.349E-01  7.813E+01  3.490E-11  2.472E+00  2.970E-06
   48   1    nobuffer  Earth         1.00    100.00    874.01   1205.92   1540.00  1.240E+02  4.274E+01  1.077E-01  5.336E-01  7.813E+01  4.047E-11  2.472E+00  3.109E-06
   49   1    nobuffer  Earth         1.00    100.00    874.01   1205.92   1530.00  1.240E+02  4.273E+01  1.091E-01  5.323E-01  7.814E+01  4.704E-11  2.472E+00  3.257E-06
   50   1    nobuffer  Earth         1.00    100.00    874.01   1205.92   1520.00  1.240E+02  4.273E+01  1.104E-01  5.309E-01  7.814E+01  5.478E-11  2.472E+00  3.414E-06
   51   1    nobuffer  Earth         1.00    100.00    874.01   1205.92   1510.00  1.240E+02  4.273E+01  1.118E-01  5.295E-01  7.814E+01  6.390E-11  2.472E+00  3.581E-06
   52   1    nobuffer  Earth         1.00    100.00    874.01   1205.92   1500.00  1.240E+02  4.273E+01  1.133E-01  5.281E-01  7.814E+01  7.470E-11  2.472E+00  3.759E-06
   53   1    nobuffer  Earth         1.00    100.00    874.01   1205.92   1490.00  1.240E+02  4.273E+01  1.147E-01  5.266E-01  7.814E+01  8.752E-11  2.472E+00  3.948E-06
   54   1    nobuffer  Earth         1.00    100.00    874.01   1205.92   1480.00  1.240E+02  4.273E+01  1.163E-01  5.251E-01  7.814E+01  1.027E-10  2.472E+00  4.149E-06
   55   1    nobuffer  Earth         1.00    100.00    874.01   1205.92   1470.00  1.240E+02  4.273E+01  1.178E-01  5.235E-01  7.814E+01  1.208E-10  2.472E+00  4.363E-06
   56   1    nobuffer  Earth         1.00    100.00    874.01   1205.92   1460.00  1.240E+02  4.272E+01  1.194E-01  5.219E-01  7.815E+01  1.424E-10  2.472E+00  4.591E-06
   57   1    nobuffer  Earth         1.00    100.00    874.01   1205.92   1450.00  1.240E+02  4.272E+01  1.211E-01  5.203E-01  7.815E+01  1.683E-10  2.472E+00  4.834E-06
   58   1    nobuffer  Earth         1.00    100.00    874.01   1205.92   1440.00  1.240E+02  4.272E+01  1.227E-01  5.186E-01  7.815E+01  1.993E-10  2.472E+00  5.094E-06
   59   1    nobuffer  Earth         1.00    100.00    874.01   1205.92   1430.00  1.240E+02  4.272E+01  1.245E-01  5.168E-01  7.815E+01  2.365E-10  2.472E+00  5.372E-06
   60   1    nobuffer  Earth         1.00    100.00    874.01   1205.92   1420.00  1.240E+02  4.272E+01  1.263E-01  5.151E-01  7.815E+01  2.813E-10  2.472E+00  5.669E-06
   61   1    nobuffer  Earth         1.00    100.00    874.01   1205.92   1410.00  1.240E+02  4.271E+01  1.281E-01  5.132E-01  7.815E+01  3.354E-10  2.472E+00  5.987E-06
   62   1    nobuffer  Earth         1.00    100.00    874.01   1205.92   1400.00  1.240E+02  4.271E+01  1.300E-01  5.114E-01  7.816E+01  4.009E-10  2.472E+00  6.327E-06
   63   1    nobuffer  Earth         1.00    100.00    874.01   1205.92   1390.00  1.240E+02  4.271E+01  1.319E-01  5.094E-01  7.816E+01  4.803E-10  2.472E+00  6.692E-06
   64   1    nobuffer  Earth         1.00    100.00    874.01   1205.92   1380.00  1.240E+02  4.271E+01  1.339E-01  5.074E-01  7.816E+01  5.769E-10  2.472E+00  7.084E-06
   65   1    nobuffer  Earth         1.00    100.00    874.01   1205.92   1370.00  1.240E+02  4.271E+01  1.359E-01  5.054E-01  7.816E+01  6.946E-10  2.472E+00  7.504E-06
   66   1    nobuffer  Earth         1.00    100.00    874.01   1205.92   1360.00  1.240E+02  4.270E+01  1.380E-01  5.033E-01  7.816E+01  8.386E-10  2.472E+00  7.956E-06
   67   1    nobuffer  Earth         1.00    100.00    874.01   1205.92   1350.00  1.240E+02  4.270E+01  1.402E-01  5.011E-01  7.817E+01  1.015E-09  2.472E+00  8.441E-06
   68   1    nobuffer  Earth         1.00    100.00    874.01   1205.92   1340.00  1.240E+02  4.270E+01  1.424E-01  4.989E-01  7.817E+01  1.232E-09  2.472E+00  8.965E-06
   69   1    nobuffer  Earth         1.00    100.00    874.01   1205.92   1330.00  1.240E+02  4.270E+01  1.447E-01  4.966E-01  7.817E+01  1.499E-09  2.472E+00  9.528E-06
   70   1    nobuffer  Earth         1.00    100.00    874.01   1205.92   1320.00  1.240E+02  4.270E+01  1.471E-01  4.943E-01  7.817E+01  1.830E-09  2.472E+00  1.014E-05
   71   1    nobuffer  Earth         1.00    100.00    874.01   1205.92   1310.00  1.240E+02  4.269E+01  1.495E-01  4.918E-01  7.818E+01  2.240E-09  2.472E+00  1.079E-05
   72   1    nobuffer  Earth         1.00    100.00    874.01   1205.92   1300.00  1.240E+02  4.269E+01  1.520E-01  4.893E-01  7.818E+01  2.749E-09  2.472E+00  1.150E-05
   73   1    nobuffer  Earth         1.00    100.00    874.01   1205.92   1290.00  1.240E+02  4.269E+01  1.546E-01  4.868E-01  7.818E+01  3.384E-09  2.472E+00  1.227E-05
   74   1    nobuffer  Earth         1.00    100.00    874.01   1205.92   1280.00  1.240E+02  4.269E+01  1.572E-01  4.841E-01  7.818E+01  4.179E-09  2.472E+00  1.310E-05
   75   1    nobuffer  Earth         1.00    100.00    874.01   1205.92   1270.00  1.240E+02  4.268E+01  1.600E-01  4.814E-01  7.819E+01  5.175E-09  2.472E+00  1.400E-05
   76   1    nobuffer  Earth         1.00    100.00    874.01   1205.92   1260.00  1.240E+02  4.268E+01  1.628E-01  4.786E-01  7.819E+01  6.430E-09  2.472E+00  1.498E-05
   77   1    nobuffer  Earth         1.00    100.00    874.01   1205.92   1250.00  1.240E+02  4.268E+01  1.657E-01  4.757E-01  7.819E+01  8.015E-09  2.472E+00  1.604E-05
   78   1    nobuffer  Earth         1.00    100.00    874.01   1205.92   1240.00  1.240E+02  4.267E+01  1.687E-01  4.727E-01  7.819E+01  1.002E-08  2.472E+00  1.719E-05
   79   1    nobuffer  Earth         1.00    100.00    874.01   1205.92   1230.00  1.240E+02  4.267E+01  1.718E-01  4.696E-01  7.820E+01  1.257E-08  2.472E+00  1.845E-05
   80   1    nobuffer  Earth         1.00    100.00    874.01   1205.92   1220.00  1.240E+02  4.267E+01  1.749E-01  4.664E-01  7.820E+01  1.583E-08  2.472E+00  1.982E-05
   81   1    nobuffer  Earth         1.00    100.00    874.01   1205.92   1210.00  1.240E+02  4.266E+01  1.782E-01  4.631E-01  7.820E+01  1.999E-08  2.472E+00  2.131E-05
   82   1    nobuffer  Earth         1.00    100.00    874.01   1205.92   1200.00  1.240E+02  4.266E+01  1.816E-01  4.597E-01  7.821E+01  2.535E-08  2.472E+00  2.294E-05
   83   1    nobuffer  Earth         1.00    100.00    874.01   1205.92   1190.00  1.240E+02  4.266E+01  1.851E-01  4.562E-01  7.821E+01  3.224E-08  2.472E+00  2.472E-05
   84   1    nobuffer  Earth         1.00    100.00    874.01   1205.92   1180.00  1.240E+02  4.265E+01  1.887E-01  4.526E-01  7.821E+01  4.117E-08  2.472E+00  2.667E-05
   85   1    nobuffer  Earth         1.00    100.00    874.01   1205.92   1170.00  1.240E+02  4.265E+01  1.924E-01  4.489E-01  7.822E+01  5.276E-08  2.472E+00  2.881E-05
   86   1    nobuffer  Earth         1.00    100.00    874.01   1205.92   1160.00  1.240E+02  4.265E+01  1.963E-01  4.451E-01  7.822E+01  6.787E-08  2.472E+00  3.116E-05
   87   1    nobuffer  Earth         1.00    100.00    874.01   1205.92   1150.00  1.240E+02  4.264E+01  2.002E-01  4.411E-01  7.823E+01  8.764E-08  2.472E+00  3.374E-05
   88   1    nobuffer  Earth         1.00    100.00    874.01   1205.92   1140.00  1.240E+02  4.264E+01  2.043E-01  4.370E-01  7.823E+01  1.136E-07  2.472E+00  3.657E-05
   89   1    nobuffer  Earth         1.00    100.00    874.01   1205.92   1130.00  1.240E+02  4.263E+01  2.086E-01  4.328E-01  7.823E+01  1.479E-07  2.472E+00  3.970E-05
   90   1    nobuffer  Earth         1.00    100.00    874.01   1205.92   1120.00  1.240E+02  4.263E+01  2.129E-01  4.284E-01  7.824E+01  1.933E-07  2.472E+00  4.314E-05
   91   1    nobuffer  Earth         1.00    100.00    874.01   1205.92   1110.00  1.240E+02  4.263E+01  2.174E-01  4.239E-01  7.824E+01  2.536E-07  2.472E+00  4.694E-05
   92   1    nobuffer  Earth         1.00    100.00    874.01   1205.92   1100.00  1.240E+02  4.262E+01  2.221E-01  4.193E-01  7.825E+01  3.342E-07  2.472E+00  5.115E-05
   93   1    nobuffer  Earth         1.00    100.00    874.01   1205.92   1090.00  1.240E+02  4.262E+01  2.269E-01  4.145E-01  7.825E+01  4.423E-07  2.472E+00  5.581E-05
   94   1    nobuffer  Earth         1.00    100.00    874.01   1205.92   1080.00  1.240E+02  4.261E+01  2.318E-01  4.095E-01  7.826E+01  5.880E-07  2.472E+00  6.097E-05
   95   1    nobuffer  Earth         1.00    100.00    874.01   1205.92   1070.00  1.240E+02  4.261E+01  2.369E-01  4.044E-01  7.826E+01  7.851E-07  2.472E+00  6.670E-05
   96   1    nobuffer  Earth         1.00    100.00    874.01   1205.92   1060.00  1.240E+02  4.260E+01  2.422E-01  3.991E-01  7.827E+01  1.053E-06  2.472E+00  7.307E-05
   97   1    nobuffer  Earth         1.00    100.00    874.01   1205.92   1050.00  1.240E+02  4.260E+01  2.476E-01  3.937E-01  7.827E+01  1.419E-06  2.472E+00  8.017E-05
   98   1    nobuffer  Earth         1.00    100.00    874.01   1205.92   1040.00  1.240E+02  4.259E+01  2.533E-01  3.881E-01  7.828E+01  1.921E-06  2.472E+00  8.808E-05
   99   1    nobuffer  Earth         1.00    100.00    874.01   1205.92   1030.00  1.240E+02  4.258E+01  2.590E-01  3.823E-01  7.829E+01  2.613E-06  2.472E+00  9.691E-05
  100   1    nobuffer  Earth         1.00    100.00    874.01   1205.92   1020.00  1.240E+02  4.258E+01  2.650E-01  3.763E-01  7.829E+01  3.571E-06  2.472E+00  1.068E-04
  101   1    nobuffer  Earth         1.00    100.00    874.01   1205.92   1010.00  1.240E+02  4.257E+01  2.712E-01  3.701E-01  7.830E+01  4.904E-06  2.472E+00  1.178E-04
  102   1    nobuffer  Earth         1.00    100.00    874.01   1205.92   1000.00  1.240E+02  4.257E+01  2.775E-01  3.638E-01  7.830E+01  6.770E-06  2.472E+00  1.302E-04
  103   1    nobuffer  Earth         1.00    100.00    874.01   1205.92    990.00  1.240E+02  4.256E+01  2.840E-01  3.573E-01  7.831E+01  9.392E-06  2.472E+00  1.442E-04
  104   1    nobuffer  Earth         1.00    100.00    874.01   1205.92    980.00  1.240E+02  4.255E+01  2.908E-01  3.505E-01  7.832E+01  1.310E-05  2.472E+00  1.598E-04
  105   1    nobuffer  Earth         1.00    100.00    874.01   1205.92    970.00  1.240E+02  4.255E+01  2.977E-01  3.436E-01  7.832E+01  1.836E-05  2.472E+00  1.775E-04
  106   1    nobuffer  Earth         1.00    100.00    874.01   1205.92    960.00  1.240E+02  4.254E+01  3.048E-01  3.364E-01  7.833E+01  2.587E-05  2.472E+00  1.974E-04
  107   1    nobuffer  Earth         1.00    100.00    874.01   1205.92    950.00  1.240E+02  4.253E+01  3.121E-01  3.291E-01  7.834E+01  3.665E-05  2.472E+00  2.199E-04
  108   1    nobuffer  Earth         1.00    100.00    874.01   1205.92    940.00  1.240E+02  4.252E+01  3.196E-01  3.216E-01  7.835E+01  5.220E-05  2.472E+00  2.453E-04
  109   1    nobuffer  Earth         1.00    100.00    874.01   1205.92    930.00  1.240E+02  4.252E+01  3.272E-01  3.138E-01  7.835E+01  7.475E-05  2.472E+00  2.742E-04
  110   1    nobuffer  Earth         1.00    100.00    874.01   1205.92    920.00  1.240E+02  4.251E+01  3.351E-01  3.058E-01  7.836E+01  1.076E-04  2.472E+00  3.069E-04
  111   1    nobuffer  Earth         1.00    100.00    874.01   1205.92    910.00  1.240E+02  4.250E+01  3.431E-01  2.976E-01  7.837E+01  1.557E-04  2.472E+00  3.440E-04
  112   1    nobuffer  Earth         1.00    100.00    874.01   1205.92    900.00  1.240E+02  4.249E+01  3.512E-01  2.892E-01  7.838E+01  2.266E-04  2.472E+00  3.863E-04
  113   1    nobuffer  Earth         1.00    100.00    874.01   1205.92    890.00  1.240E+02  4.248E+01  3.595E-01  2.805E-01  7.839E+01  3.314E-04  2.472E+00  4.343E-04
  114   1    nobuffer  Earth         1.00    100.00    874.01   1205.92    880.00  1.240E+02  4.247E+01  3.678E-01  2.716E-01  7.840E+01  4.868E-04  2.472E+00  4.889E-04
  115   1    nobuffer  Earth         1.00    100.00    874.01   1205.92    870.00  1.240E+02  4.247E+01  3.760E-01  2.624E-01  7.841E+01  7.182E-04  2.472E+00  5.511E-04
  116   1    nobuffer  Earth         1.00    100.00    874.01   1205.92    860.00  1.240E+02  4.246E+01  3.842E-01  2.529E-01  7.841E+01  1.063E-03  2.472E+00  6.215E-04
  117   1    nobuffer  Earth         1.00    100.00    874.01   1205.92    850.00  1.240E+02  4.245E+01  3.920E-01  2.431E-01  7.842E+01  1.577E-03  2.472E+00  7.012E-04
  118   1    nobuffer  Earth         1.00    100.00    874.01   1205.92    840.00  1.240E+02  4.244E+01  3.993E-01  2.327E-01  7.844E+01  2.338E-03  2.472E+00  7.906E-04
  119   1    nobuffer  Earth         1.00    100.00    874.01   1205.92    830.00  1.240E+02  4.243E+01  4.056E-01  2.219E-01  7.845E+01  3.458E-03  2.472E+00  8.901E-04
  120   1    nobuffer  Earth         1.00    100.00    874.01   1205.92    820.00  1.240E+02  4.243E+01  4.107E-01  2.104E-01  7.846E+01  5.082E-03  2.472E+00  9.991E-04
  121   1    nobuffer  Earth         1.00    100.00    874.01   1205.92    810.00  1.240E+02  4.242E+01  4.138E-01  1.981E-01  7.847E+01  7.381E-03  2.472E+00  1.116E-03
  122   1    nobuffer  Earth         1.00    100.00    874.01   1205.92    800.00  1.240E+02  4.241E+01  4.143E-01  1.850E-01  7.849E+01  1.054E-02  2.472E+00  1.238E-03
  123   1    nobuffer  Earth         1.00    100.00    874.01   1205.92    790.00  1.240E+02  4.241E+01  4.116E-01  1.710E-01  7.850E+01  1.472E-02  2.472E+00  1.361E-03
  124   1    nobuffer  Earth         1.00    100.00    874.01   1205.92    780.00  1.240E+02  4.241E+01  4.052E-01  1.564E-01  7.852E+01  1.999E-02  2.472E+00  1.480E-03
  125   1    nobuffer  Earth         1.00    100.00    874.01   1205.92    770.00  1.240E+02  4.241E+01  3.950E-01  1.412E-01  7.853E+01  2.635E-02  2.473E+00  1.590E-03
  126   1    nobuffer  Earth         1.00    100.00    874.01   1205.92    760.00  1.240E+02  4.242E+01  3.812E-01  1.259E-01  7.855E+01  3.364E-02  2.473E+00  1.688E-03
  127   1    nobuffer  Earth         1.00    100.00    874.01   1205.92    750.00  1.240E+02  4.242E+01  3.643E-01  1.108E-01  7.857E+01  4.168E-02  2.473E+00  1.770E-03
  128   1    nobuffer  Earth         1.00    100.00    874.01   1205.92    740.00  1.240E+02  4.243E+01  3.447E-01  9.631E-02  7.858E+01  5.021E-02  2.473E+00  1.836E-03
  129   1    nobuffer  Earth         1.00    100.00    874.01   1205.92    730.00  1.240E+02  4.244E+01  3.233E-01  8.274E-02  7.860E+01  5.897E-02  2.474E+00  1.884E-03
  130   1    nobuffer  Earth         1.00    100.00    874.01   1205.92    720.00  1.240E+02  4.245E+01  3.008E-01  7.029E-02  7.862E+01  6.774E-02  2.474E+00  1.917E-03
  131   1    nobuffer  Earth         1.00    100.00    874.01   1205.92    710.00  1.240E+02  4.247E+01  2.777E-01  5.906E-02  7.863E+01  7.635E-02  2.474E+00  1.935E-03
  132   1    nobuffer  Earth         1.00    100.00    874.01   1205.92    700.00  1.240E+02  4.248E+01  2.545E-01  4.910E-02  7.864E+01  8.464E-02  2.475E+00  1.940E-03
  133   1    nobuffer  Earth         1.00    100.00    874.01   1205.92    690.00  1.240E+02  4.249E+01  2.318E-01  4.042E-02  7.865E+01  9.252E-02  2.475E+00  1.933E-03
  134   1    nobuffer  Earth         1.00    100.00    874.01   1205.92    680.00  1.240E+02  4.250E+01  2.098E-01  3.293E-02  7.866E+01  9.992E-02  2.475E+00  1.915E-03
  135   1    nobuffer  Earth         1.00    100.00    874.01   1205.92    670.00  1.240E+02  4.251E+01  1.887E-01  2.657E-02  7.867E+01  1.068E-01  2.476E+00  1.889E-03
  136   1    nobuffer  Earth         1.00    100.00    874.01   1205.92    660.00  1.240E+02  4.253E+01  1.688E-01  2.123E-02  7.868E+01  1.131E-01  2.476E+00  1.856E-03
  137   1    nobuffer  Earth         1.00    100.00    874.01   1205.92    650.00  1.240E+02  4.254E+01  1.501E-01  1.679E-02  7.868E+01  1.189E-01  2.476E+00  1.816E-03
