 planet=Earth        Mplanet=  1.00   buffer=nobuffer pCO2=   100.000 pH2O=   500.000 minpH2O=    10.000 pN2=     2.000 pCO=     0.000

                         M_i    N_O   buffer   planet           PCO2     T_q(CH4)  T_q(NH3)             H2O        H2         CO         CO2        CH4        N2         NH3     
 quenched columns     1.58E+24   1   nobuffer  Earth            100.00    739.48   1111.23            2.721E+04  2.677E+02  2.820E+00  1.907E+03  4.041E+02  7.118E+01  3.120E+00
 quenched pressures   1.58E+24   1   nobuffer  Earth            100.00    739.48   1111.23            5.215E+02  5.130E+00  5.404E-02  3.656E+01  7.744E+00  1.330E+00  5.831E-02
 dry pressures        1.58E+24   1   nobuffer  Earth            100.00    739.48   1111.23            0.000E+00  9.208E+00  9.700E-02  6.562E+01  1.390E+01  2.449E+00  1.073E-01

   i   N_O   buffer    planet       Mplanet   PCO2    T_q(CH4)  T_q(NH3)   T[K]    P[bars]      H2O        H2         CO         CO2        CH4        N2         NH3     
    1   1    nobuffer  Earth         1.00    100.00    739.48   1111.23   2010.00  5.724E+02  5.010E+02  2.680E+01  8.409E+00  3.478E+01  1.330E-05  1.356E+00  3.314E-03
    2   1    nobuffer  Earth         1.00    100.00    739.48   1111.23   2000.00  5.724E+02  5.010E+02  2.684E+01  8.366E+00  3.482E+01  1.423E-05  1.356E+00  3.377E-03
    3   1    nobuffer  Earth         1.00    100.00    739.48   1111.23   1990.00  5.724E+02  5.009E+02  2.688E+01  8.323E+00  3.486E+01  1.523E-05  1.356E+00  3.442E-03
    4   1    nobuffer  Earth         1.00    100.00    739.48   1111.23   1980.00  5.724E+02  5.009E+02  2.693E+01  8.279E+00  3.491E+01  1.632E-05  1.355E+00  3.509E-03
    5   1    nobuffer  Earth         1.00    100.00    739.48   1111.23   1970.00  5.724E+02  5.008E+02  2.697E+01  8.235E+00  3.495E+01  1.750E-05  1.355E+00  3.577E-03
    6   1    nobuffer  Earth         1.00    100.00    739.48   1111.23   1960.00  5.724E+02  5.008E+02  2.702E+01  8.190E+00  3.499E+01  1.877E-05  1.355E+00  3.648E-03
    7   1    nobuffer  Earth         1.00    100.00    739.48   1111.23   1950.00  5.724E+02  5.008E+02  2.706E+01  8.145E+00  3.504E+01  2.015E-05  1.355E+00  3.721E-03
    8   1    nobuffer  Earth         1.00    100.00    739.48   1111.23   1940.00  5.724E+02  5.007E+02  2.711E+01  8.100E+00  3.508E+01  2.165E-05  1.355E+00  3.796E-03
    9   1    nobuffer  Earth         1.00    100.00    739.48   1111.23   1930.00  5.724E+02  5.007E+02  2.715E+01  8.054E+00  3.513E+01  2.327E-05  1.355E+00  3.873E-03
   10   1    nobuffer  Earth         1.00    100.00    739.48   1111.23   1920.00  5.724E+02  5.006E+02  2.720E+01  8.008E+00  3.518E+01  2.504E-05  1.355E+00  3.953E-03
   11   1    nobuffer  Earth         1.00    100.00    739.48   1111.23   1910.00  5.724E+02  5.006E+02  2.724E+01  7.962E+00  3.522E+01  2.696E-05  1.355E+00  4.035E-03
   12   1    nobuffer  Earth         1.00    100.00    739.48   1111.23   1900.00  5.724E+02  5.005E+02  2.729E+01  7.915E+00  3.527E+01  2.904E-05  1.355E+00  4.120E-03
   13   1    nobuffer  Earth         1.00    100.00    739.48   1111.23   1890.00  5.724E+02  5.005E+02  2.734E+01  7.867E+00  3.532E+01  3.131E-05  1.355E+00  4.207E-03
   14   1    nobuffer  Earth         1.00    100.00    739.48   1111.23   1880.00  5.724E+02  5.004E+02  2.739E+01  7.820E+00  3.537E+01  3.379E-05  1.355E+00  4.297E-03
   15   1    nobuffer  Earth         1.00    100.00    739.48   1111.23   1870.00  5.724E+02  5.004E+02  2.743E+01  7.771E+00  3.541E+01  3.648E-05  1.355E+00  4.390E-03
   16   1    nobuffer  Earth         1.00    100.00    739.48   1111.23   1860.00  5.724E+02  5.003E+02  2.748E+01  7.723E+00  3.546E+01  3.943E-05  1.355E+00  4.486E-03
   17   1    nobuffer  Earth         1.00    100.00    739.48   1111.23   1850.00  5.724E+02  5.003E+02  2.753E+01  7.674E+00  3.551E+01  4.264E-05  1.355E+00  4.585E-03
   18   1    nobuffer  Earth         1.00    100.00    739.48   1111.23   1840.00  5.724E+02  5.002E+02  2.758E+01  7.624E+00  3.556E+01  4.615E-05  1.355E+00  4.687E-03
   19   1    nobuffer  Earth         1.00    100.00    739.48   1111.23   1830.00  5.724E+02  5.002E+02  2.763E+01  7.574E+00  3.561E+01  5.000E-05  1.355E+00  4.793E-03
   20   1    nobuffer  Earth         1.00    100.00    739.48   1111.23   1820.00  5.724E+02  5.001E+02  2.768E+01  7.524E+00  3.566E+01  5.420E-05  1.355E+00  4.902E-03
   21   1    nobuffer  Earth         1.00    100.00    739.48   1111.23   1810.00  5.724E+02  5.001E+02  2.773E+01  7.473E+00  3.571E+01  5.882E-05  1.355E+00  5.015E-03
   22   1    nobuffer  Earth         1.00    100.00    739.48   1111.23   1800.00  5.724E+02  5.000E+02  2.778E+01  7.422E+00  3.576E+01  6.387E-05  1.355E+00  5.132E-03
   23   1    nobuffer  Earth         1.00    100.00    739.48   1111.23   1790.00  5.724E+02  5.000E+02  2.783E+01  7.371E+00  3.581E+01  6.943E-05  1.355E+00  5.253E-03
   24   1    nobuffer  Earth         1.00    100.00    739.48   1111.23   1780.00  5.724E+02  4.999E+02  2.789E+01  7.319E+00  3.587E+01  7.553E-05  1.355E+00  5.378E-03
   25   1    nobuffer  Earth         1.00    100.00    739.48   1111.23   1770.00  5.724E+02  4.999E+02  2.794E+01  7.266E+00  3.592E+01  8.224E-05  1.354E+00  5.507E-03
   26   1    nobuffer  Earth         1.00    100.00    739.48   1111.23   1760.00  5.724E+02  4.998E+02  2.799E+01  7.213E+00  3.597E+01  8.963E-05  1.354E+00  5.641E-03
   27   1    nobuffer  Earth         1.00    100.00    739.48   1111.23   1750.00  5.724E+02  4.998E+02  2.805E+01  7.160E+00  3.602E+01  9.778E-05  1.354E+00  5.779E-03
   28   1    nobuffer  Earth         1.00    100.00    739.48   1111.23   1740.00  5.724E+02  4.997E+02  2.810E+01  7.106E+00  3.608E+01  1.068E-04  1.354E+00  5.923E-03
   29   1    nobuffer  Earth         1.00    100.00    739.48   1111.23   1730.00  5.724E+02  4.997E+02  2.815E+01  7.052E+00  3.613E+01  1.167E-04  1.354E+00  6.072E-03
   30   1    nobuffer  Earth         1.00    100.00    739.48   1111.23   1720.00  5.724E+02  4.996E+02  2.821E+01  6.997E+00  3.619E+01  1.277E-04  1.354E+00  6.226E-03
   31   1    nobuffer  Earth         1.00    100.00    739.48   1111.23   1710.00  5.724E+02  4.996E+02  2.826E+01  6.941E+00  3.624E+01  1.398E-04  1.354E+00  6.386E-03
   32   1    nobuffer  Earth         1.00    100.00    739.48   1111.23   1700.00  5.724E+02  4.995E+02  2.832E+01  6.886E+00  3.630E+01  1.532E-04  1.354E+00  6.551E-03
   33   1    nobuffer  Earth         1.00    100.00    739.48   1111.23   1690.00  5.724E+02  4.994E+02  2.838E+01  6.830E+00  3.636E+01  1.681E-04  1.354E+00  6.724E-03
   34   1    nobuffer  Earth         1.00    100.00    739.48   1111.23   1680.00  5.724E+02  4.994E+02  2.843E+01  6.773E+00  3.641E+01  1.847E-04  1.354E+00  6.902E-03
   35   1    nobuffer  Earth         1.00    100.00    739.48   1111.23   1670.00  5.724E+02  4.993E+02  2.849E+01  6.716E+00  3.647E+01  2.031E-04  1.354E+00  7.088E-03
   36   1    nobuffer  Earth         1.00    100.00    739.48   1111.23   1660.00  5.724E+02  4.993E+02  2.855E+01  6.658E+00  3.653E+01  2.235E-04  1.354E+00  7.280E-03
   37   1    nobuffer  Earth         1.00    100.00    739.48   1111.23   1650.00  5.724E+02  4.992E+02  2.861E+01  6.600E+00  3.658E+01  2.463E-04  1.353E+00  7.480E-03
   38   1    nobuffer  Earth         1.00    100.00    739.48   1111.23   1640.00  5.724E+02  4.992E+02  2.866E+01  6.541E+00  3.664E+01  2.717E-04  1.353E+00  7.688E-03
   39   1    nobuffer  Earth         1.00    100.00    739.48   1111.23   1630.00  5.724E+02  4.991E+02  2.872E+01  6.482E+00  3.670E+01  3.001E-04  1.353E+00  7.905E-03
   40   1    nobuffer  Earth         1.00    100.00    739.48   1111.23   1620.00  5.724E+02  4.990E+02  2.878E+01  6.423E+00  3.676E+01  3.318E-04  1.353E+00  8.130E-03
   41   1    nobuffer  Earth         1.00    100.00    739.48   1111.23   1610.00  5.724E+02  4.990E+02  2.884E+01  6.362E+00  3.682E+01  3.672E-04  1.353E+00  8.364E-03
   42   1    nobuffer  Earth         1.00    100.00    739.48   1111.23   1600.00  5.724E+02  4.989E+02  2.890E+01  6.302E+00  3.688E+01  4.070E-04  1.353E+00  8.608E-03
   43   1    nobuffer  Earth         1.00    100.00    739.48   1111.23   1590.00  5.724E+02  4.989E+02  2.896E+01  6.241E+00  3.694E+01  4.516E-04  1.353E+00  8.861E-03
   44   1    nobuffer  Earth         1.00    100.00    739.48   1111.23   1580.00  5.724E+02  4.988E+02  2.902E+01  6.179E+00  3.701E+01  5.016E-04  1.353E+00  9.126E-03
   45   1    nobuffer  Earth         1.00    100.00    739.48   1111.23   1570.00  5.724E+02  4.987E+02  2.909E+01  6.117E+00  3.707E+01  5.580E-04  1.353E+00  9.402E-03
   46   1    nobuffer  Earth         1.00    100.00    739.48   1111.23   1560.00  5.724E+02  4.987E+02  2.915E+01  6.055E+00  3.713E+01  6.214E-04  1.352E+00  9.689E-03
   47   1    nobuffer  Earth         1.00    100.00    739.48   1111.23   1550.00  5.724E+02  4.986E+02  2.921E+01  5.991E+00  3.719E+01  6.929E-04  1.352E+00  9.989E-03
   48   1    nobuffer  Earth         1.00    100.00    739.48   1111.23   1540.00  5.724E+02  4.985E+02  2.928E+01  5.928E+00  3.726E+01  7.737E-04  1.352E+00  1.030E-02
   49   1    nobuffer  Earth         1.00    100.00    739.48   1111.23   1530.00  5.724E+02  4.985E+02  2.934E+01  5.864E+00  3.732E+01  8.650E-04  1.352E+00  1.063E-02
   50   1    nobuffer  Earth         1.00    100.00    739.48   1111.23   1520.00  5.724E+02  4.984E+02  2.940E+01  5.799E+00  3.738E+01  9.684E-04  1.352E+00  1.097E-02
   51   1    nobuffer  Earth         1.00    100.00    739.48   1111.23   1510.00  5.724E+02  4.983E+02  2.947E+01  5.734E+00  3.745E+01  1.086E-03  1.352E+00  1.133E-02
   52   1    nobuffer  Earth         1.00    100.00    739.48   1111.23   1500.00  5.724E+02  4.983E+02  2.953E+01  5.669E+00  3.752E+01  1.219E-03  1.351E+00  1.170E-02
   53   1    nobuffer  Earth         1.00    100.00    739.48   1111.23   1490.00  5.724E+02  4.982E+02  2.960E+01  5.602E+00  3.758E+01  1.370E-03  1.351E+00  1.209E-02
   54   1    nobuffer  Earth         1.00    100.00    739.48   1111.23   1480.00  5.724E+02  4.982E+02  2.966E+01  5.536E+00  3.765E+01  1.543E-03  1.351E+00  1.250E-02
   55   1    nobuffer  Earth         1.00    100.00    739.48   1111.23   1470.00  5.724E+02  4.981E+02  2.973E+01  5.469E+00  3.771E+01  1.740E-03  1.351E+00  1.293E-02
   56   1    nobuffer  Earth         1.00    100.00    739.48   1111.23   1460.00  5.724E+02  4.980E+02  2.980E+01  5.401E+00  3.778E+01  1.965E-03  1.351E+00  1.337E-02
   57   1    nobuffer  Earth         1.00    100.00    739.48   1111.23   1450.00  5.724E+02  4.980E+02  2.986E+01  5.333E+00  3.785E+01  2.222E-03  1.350E+00  1.384E-02
   58   1    nobuffer  Earth         1.00    100.00    739.48   1111.23   1440.00  5.724E+02  4.979E+02  2.993E+01  5.265E+00  3.792E+01  2.517E-03  1.350E+00  1.433E-02
   59   1    nobuffer  Earth         1.00    100.00    739.48   1111.23   1430.00  5.724E+02  4.978E+02  3.000E+01  5.195E+00  3.799E+01  2.855E-03  1.350E+00  1.485E-02
   60   1    nobuffer  Earth         1.00    100.00    739.48   1111.23   1420.00  5.724E+02  4.977E+02  3.007E+01  5.126E+00  3.806E+01  3.245E-03  1.350E+00  1.539E-02
   61   1    nobuffer  Earth         1.00    100.00    739.48   1111.23   1410.00  5.724E+02  4.977E+02  3.014E+01  5.056E+00  3.813E+01  3.693E-03  1.349E+00  1.596E-02
   62   1    nobuffer  Earth         1.00    100.00    739.48   1111.23   1400.00  5.724E+02  4.976E+02  3.020E+01  4.985E+00  3.820E+01  4.211E-03  1.349E+00  1.656E-02
   63   1    nobuffer  Earth         1.00    100.00    739.48   1111.23   1390.00  5.724E+02  4.975E+02  3.027E+01  4.914E+00  3.827E+01  4.809E-03  1.349E+00  1.719E-02
   64   1    nobuffer  Earth         1.00    100.00    739.48   1111.23   1380.00  5.724E+02  4.975E+02  3.034E+01  4.843E+00  3.834E+01  5.501E-03  1.348E+00  1.785E-02
   65   1    nobuffer  Earth         1.00    100.00    739.48   1111.23   1370.00  5.724E+02  4.974E+02  3.041E+01  4.771E+00  3.841E+01  6.304E-03  1.348E+00  1.854E-02
   66   1    nobuffer  Earth         1.00    100.00    739.48   1111.23   1360.00  5.724E+02  4.973E+02  3.048E+01  4.698E+00  3.848E+01  7.238E-03  1.348E+00  1.927E-02
   67   1    nobuffer  Earth         1.00    100.00    739.48   1111.23   1350.00  5.724E+02  4.973E+02  3.055E+01  4.625E+00  3.855E+01  8.324E-03  1.347E+00  2.004E-02
   68   1    nobuffer  Earth         1.00    100.00    739.48   1111.23   1340.00  5.724E+02  4.972E+02  3.062E+01  4.552E+00  3.863E+01  9.591E-03  1.347E+00  2.086E-02
   69   1    nobuffer  Earth         1.00    100.00    739.48   1111.23   1330.00  5.724E+02  4.971E+02  3.069E+01  4.478E+00  3.870E+01  1.107E-02  1.346E+00  2.171E-02
   70   1    nobuffer  Earth         1.00    100.00    739.48   1111.23   1320.00  5.724E+02  4.971E+02  3.075E+01  4.403E+00  3.877E+01  1.280E-02  1.346E+00  2.262E-02
   71   1    nobuffer  Earth         1.00    100.00    739.48   1111.23   1310.00  5.724E+02  4.970E+02  3.082E+01  4.328E+00  3.884E+01  1.484E-02  1.346E+00  2.357E-02
   72   1    nobuffer  Earth         1.00    100.00    739.48   1111.23   1300.00  5.724E+02  4.969E+02  3.089E+01  4.253E+00  3.892E+01  1.722E-02  1.345E+00  2.458E-02
   73   1    nobuffer  Earth         1.00    100.00    739.48   1111.23   1290.00  5.724E+02  4.969E+02  3.095E+01  4.177E+00  3.899E+01  2.003E-02  1.345E+00  2.564E-02
   74   1    nobuffer  Earth         1.00    100.00    739.48   1111.23   1280.00  5.724E+02  4.968E+02  3.102E+01  4.100E+00  3.907E+01  2.334E-02  1.344E+00  2.676E-02
   75   1    nobuffer  Earth         1.00    100.00    739.48   1111.23   1270.00  5.724E+02  4.967E+02  3.108E+01  4.023E+00  3.914E+01  2.726E-02  1.343E+00  2.795E-02
   76   1    nobuffer  Earth         1.00    100.00    739.48   1111.23   1260.00  5.724E+02  4.967E+02  3.114E+01  3.945E+00  3.921E+01  3.189E-02  1.343E+00  2.920E-02
   77   1    nobuffer  Earth         1.00    100.00    739.48   1111.23   1250.00  5.724E+02  4.966E+02  3.119E+01  3.867E+00  3.929E+01  3.738E-02  1.342E+00  3.053E-02
   78   1    nobuffer  Earth         1.00    100.00    739.48   1111.23   1240.00  5.724E+02  4.966E+02  3.125E+01  3.788E+00  3.936E+01  4.389E-02  1.341E+00  3.193E-02
   79   1    nobuffer  Earth         1.00    100.00    739.48   1111.23   1230.00  5.724E+02  4.965E+02  3.130E+01  3.708E+00  3.943E+01  5.163E-02  1.341E+00  3.342E-02
   80   1    nobuffer  Earth         1.00    100.00    739.48   1111.23   1220.00  5.724E+02  4.965E+02  3.134E+01  3.628E+00  3.951E+01  6.085E-02  1.340E+00  3.499E-02
   81   1    nobuffer  Earth         1.00    100.00    739.48   1111.23   1210.00  5.724E+02  4.964E+02  3.138E+01  3.547E+00  3.958E+01  7.184E-02  1.339E+00  3.664E-02
   82   1    nobuffer  Earth         1.00    100.00    739.48   1111.23   1200.00  5.724E+02  4.964E+02  3.141E+01  3.464E+00  3.965E+01  8.494E-02  1.338E+00  3.839E-02
   83   1    nobuffer  Earth         1.00    100.00    739.48   1111.23   1190.00  5.724E+02  4.964E+02  3.143E+01  3.381E+00  3.972E+01  1.006E-01  1.338E+00  4.024E-02
   84   1    nobuffer  Earth         1.00    100.00    739.48   1111.23   1180.00  5.724E+02  4.964E+02  3.145E+01  3.297E+00  3.979E+01  1.192E-01  1.337E+00  4.219E-02
   85   1    nobuffer  Earth         1.00    100.00    739.48   1111.23   1170.00  5.724E+02  4.964E+02  3.145E+01  3.212E+00  3.985E+01  1.415E-01  1.336E+00  4.424E-02
   86   1    nobuffer  Earth         1.00    100.00    739.48   1111.23   1160.00  5.724E+02  4.964E+02  3.143E+01  3.125E+00  3.992E+01  1.681E-01  1.335E+00  4.639E-02
   87   1    nobuffer  Earth         1.00    100.00    739.48   1111.23   1150.00  5.724E+02  4.964E+02  3.140E+01  3.036E+00  3.998E+01  1.997E-01  1.334E+00  4.865E-02
   88   1    nobuffer  Earth         1.00    100.00    739.48   1111.23   1140.00  5.724E+02  4.964E+02  3.134E+01  2.946E+00  4.004E+01  2.374E-01  1.333E+00  5.101E-02
   89   1    nobuffer  Earth         1.00    100.00    739.48   1111.23   1130.00  5.724E+02  4.965E+02  3.126E+01  2.854E+00  4.009E+01  2.820E-01  1.332E+00  5.346E-02
   90   1    nobuffer  Earth         1.00    100.00    739.48   1111.23   1120.00  5.724E+02  4.966E+02  3.115E+01  2.760E+00  4.014E+01  3.346E-01  1.331E+00  5.601E-02
   91   1    nobuffer  Earth         1.00    100.00    739.48   1111.23   1110.00  5.724E+02  4.968E+02  3.100E+01  2.664E+00  4.018E+01  3.966E-01  1.330E+00  5.863E-02
   92   1    nobuffer  Earth         1.00    100.00    739.48   1111.23   1100.00  5.724E+02  4.969E+02  3.082E+01  2.566E+00  4.022E+01  4.690E-01  1.329E+00  6.132E-02
   93   1    nobuffer  Earth         1.00    100.00    739.48   1111.23   1090.00  5.724E+02  4.971E+02  3.060E+01  2.465E+00  4.025E+01  5.532E-01  1.328E+00  6.406E-02
   94   1    nobuffer  Earth         1.00    100.00    739.48   1111.23   1080.00  5.724E+02  4.974E+02  3.032E+01  2.362E+00  4.027E+01  6.502E-01  1.327E+00  6.683E-02
   95   1    nobuffer  Earth         1.00    100.00    739.48   1111.23   1070.00  5.724E+02  4.977E+02  3.000E+01  2.256E+00  4.028E+01  7.612E-01  1.326E+00  6.960E-02
   96   1    nobuffer  Earth         1.00    100.00    739.48   1111.23   1060.00  5.724E+02  4.981E+02  2.962E+01  2.149E+00  4.028E+01  8.869E-01  1.325E+00  7.236E-02
   97   1    nobuffer  Earth         1.00    100.00    739.48   1111.23   1050.00  5.724E+02  4.985E+02  2.918E+01  2.040E+00  4.027E+01  1.028E+00  1.325E+00  7.506E-02
   98   1    nobuffer  Earth         1.00    100.00    739.48   1111.23   1040.00  5.724E+02  4.990E+02  2.869E+01  1.929E+00  4.025E+01  1.184E+00  1.324E+00  7.770E-02
   99   1    nobuffer  Earth         1.00    100.00    739.48   1111.23   1030.00  5.724E+02  4.995E+02  2.813E+01  1.818E+00  4.022E+01  1.356E+00  1.324E+00  8.024E-02
  100   1    nobuffer  Earth         1.00    100.00    739.48   1111.23   1020.00  5.724E+02  5.001E+02  2.752E+01  1.707E+00  4.017E+01  1.543E+00  1.323E+00  8.265E-02
  101   1    nobuffer  Earth         1.00    100.00    739.48   1111.23   1010.00  5.724E+02  5.007E+02  2.685E+01  1.596E+00  4.011E+01  1.745E+00  1.323E+00  8.492E-02
  102   1    nobuffer  Earth         1.00    100.00    739.48   1111.23   1000.00  5.724E+02  5.014E+02  2.612E+01  1.487E+00  4.004E+01  1.959E+00  1.323E+00  8.702E-02
  103   1    nobuffer  Earth         1.00    100.00    739.48   1111.23    990.00  5.724E+02  5.021E+02  2.535E+01  1.379E+00  3.995E+01  2.185E+00  1.323E+00  8.895E-02
  104   1    nobuffer  Earth         1.00    100.00    739.48   1111.23    980.00  5.724E+02  5.029E+02  2.454E+01  1.274E+00  3.986E+01  2.422E+00  1.323E+00  9.068E-02
  105   1    nobuffer  Earth         1.00    100.00    739.48   1111.23    970.00  5.724E+02  5.037E+02  2.369E+01  1.172E+00  3.975E+01  2.667E+00  1.324E+00  9.222E-02
  106   1    nobuffer  Earth         1.00    100.00    739.48   1111.23    960.00  5.724E+02  5.046E+02  2.281E+01  1.074E+00  3.963E+01  2.920E+00  1.324E+00  9.355E-02
  107   1    nobuffer  Earth         1.00    100.00    739.48   1111.23    950.00  5.724E+02  5.054E+02  2.191E+01  9.804E-01  3.951E+01  3.178E+00  1.325E+00  9.467E-02
  108   1    nobuffer  Earth         1.00    100.00    739.48   1111.23    940.00  5.724E+02  5.063E+02  2.098E+01  8.912E-01  3.937E+01  3.439E+00  1.326E+00  9.558E-02
  109   1    nobuffer  Earth         1.00    100.00    739.48   1111.23    930.00  5.724E+02  5.072E+02  2.005E+01  8.068E-01  3.924E+01  3.703E+00  1.327E+00  9.628E-02
  110   1    nobuffer  Earth         1.00    100.00    739.48   1111.23    920.00  5.724E+02  5.081E+02  1.910E+01  7.275E-01  3.909E+01  3.967E+00  1.328E+00  9.678E-02
  111   1    nobuffer  Earth         1.00    100.00    739.48   1111.23    910.00  5.724E+02  5.090E+02  1.815E+01  6.534E-01  3.894E+01  4.230E+00  1.329E+00  9.708E-02
  112   1    nobuffer  Earth         1.00    100.00    739.48   1111.23    900.00  5.724E+02  5.099E+02  1.721E+01  5.844E-01  3.879E+01  4.491E+00  1.330E+00  9.718E-02
  113   1    nobuffer  Earth         1.00    100.00    739.48   1111.23    890.00  5.724E+02  5.108E+02  1.628E+01  5.207E-01  3.863E+01  4.748E+00  1.331E+00  9.710E-02
  114   1    nobuffer  Earth         1.00    100.00    739.48   1111.23    880.00  5.724E+02  5.117E+02  1.535E+01  4.620E-01  3.848E+01  5.002E+00  1.333E+00  9.683E-02
  115   1    nobuffer  Earth         1.00    100.00    739.48   1111.23    870.00  5.724E+02  5.126E+02  1.445E+01  4.083E-01  3.832E+01  5.249E+00  1.334E+00  9.639E-02
  116   1    nobuffer  Earth         1.00    100.00    739.48   1111.23    860.00  5.724E+02  5.134E+02  1.356E+01  3.593E-01  3.816E+01  5.491E+00  1.335E+00  9.578E-02
  117   1    nobuffer  Earth         1.00    100.00    739.48   1111.23    850.00  5.724E+02  5.142E+02  1.269E+01  3.149E-01  3.801E+01  5.726E+00  1.337E+00  9.502E-02
  118   1    nobuffer  Earth         1.00    100.00    739.48   1111.23    840.00  5.724E+02  5.150E+02  1.185E+01  2.748E-01  3.786E+01  5.953E+00  1.338E+00  9.410E-02
  119   1    nobuffer  Earth         1.00    100.00    739.48   1111.23    830.00  5.724E+02  5.158E+02  1.104E+01  2.388E-01  3.771E+01  6.172E+00  1.340E+00  9.304E-02
  120   1    nobuffer  Earth         1.00    100.00    739.48   1111.23    820.00  5.724E+02  5.166E+02  1.026E+01  2.066E-01  3.756E+01  6.382E+00  1.342E+00  9.185E-02
  121   1    nobuffer  Earth         1.00    100.00    739.48   1111.23    810.00  5.724E+02  5.173E+02  9.502E+00  1.779E-01  3.742E+01  6.584E+00  1.343E+00  9.054E-02
  122   1    nobuffer  Earth         1.00    100.00    739.48   1111.23    800.00  5.724E+02  5.180E+02  8.781E+00  1.525E-01  3.728E+01  6.777E+00  1.345E+00  8.910E-02
  123   1    nobuffer  Earth         1.00    100.00    739.48   1111.23    790.00  5.724E+02  5.186E+02  8.092E+00  1.301E-01  3.715E+01  6.960E+00  1.346E+00  8.756E-02
  124   1    nobuffer  Earth         1.00    100.00    739.48   1111.23    780.00  5.724E+02  5.193E+02  7.437E+00  1.105E-01  3.702E+01  7.134E+00  1.348E+00  8.593E-02
  125   1    nobuffer  Earth         1.00    100.00    739.48   1111.23    770.00  5.724E+02  5.199E+02  6.816E+00  9.335E-02  3.689E+01  7.299E+00  1.350E+00  8.420E-02
  126   1    nobuffer  Earth         1.00    100.00    739.48   1111.23    760.00  5.724E+02  5.204E+02  6.228E+00  7.846E-02  3.678E+01  7.454E+00  1.351E+00  8.239E-02
  127   1    nobuffer  Earth         1.00    100.00    739.48   1111.23    750.00  5.724E+02  5.210E+02  5.675E+00  6.559E-02  3.667E+01  7.600E+00  1.353E+00  8.051E-02
  128   1    nobuffer  Earth         1.00    100.00    739.48   1111.23    740.00  5.724E+02  5.215E+02  5.155E+00  5.453E-02  3.656E+01  7.737E+00  1.355E+00  7.856E-02
  129   1    nobuffer  Earth         1.00    100.00    739.48   1111.23    730.00  5.724E+02  5.219E+02  4.669E+00  4.507E-02  3.646E+01  7.865E+00  1.356E+00  7.656E-02
  130   1    nobuffer  Earth         1.00    100.00    739.48   1111.23    720.00  5.724E+02  5.224E+02  4.215E+00  3.703E-02  3.637E+01  7.984E+00  1.358E+00  7.451E-02
  131   1    nobuffer  Earth         1.00    100.00    739.48   1111.23    710.00  5.724E+02  5.228E+02  3.793E+00  3.024E-02  3.628E+01  8.095E+00  1.359E+00  7.241E-02
  132   1    nobuffer  Earth         1.00    100.00    739.48   1111.23    700.00  5.724E+02  5.231E+02  3.402E+00  2.453E-02  3.620E+01  8.197E+00  1.361E+00  7.029E-02
  133   1    nobuffer  Earth         1.00    100.00    739.48   1111.23    690.00  5.724E+02  5.235E+02  3.041E+00  1.977E-02  3.613E+01  8.292E+00  1.363E+00  6.813E-02
  134   1    nobuffer  Earth         1.00    100.00    739.48   1111.23    680.00  5.724E+02  5.238E+02  2.708E+00  1.581E-02  3.606E+01  8.378E+00  1.364E+00  6.596E-02
  135   1    nobuffer  Earth         1.00    100.00    739.48   1111.23    670.00  5.724E+02  5.241E+02  2.403E+00  1.256E-02  3.599E+01  8.458E+00  1.365E+00  6.377E-02
  136   1    nobuffer  Earth         1.00    100.00    739.48   1111.23    660.00  5.724E+02  5.244E+02  2.124E+00  9.897E-03  3.593E+01  8.530E+00  1.367E+00  6.158E-02
  137   1    nobuffer  Earth         1.00    100.00    739.48   1111.23    650.00  5.724E+02  5.246E+02  1.871E+00  7.736E-03  3.588E+01  8.596E+00  1.368E+00  5.938E-02
