 planet=Earth        Mplanet=  1.00   buffer=nobuffer pCO2=   100.000 pH2O=   500.000 minpH2O=    10.000 pN2=     2.000 pCO=     0.000

                         M_i    N_O   buffer   planet           PCO2     T_q(CH4)  T_q(NH3)             H2O        H2         CO         CO2        CH4        N2         NH3     
 quenched columns     1.00E+25   1   nobuffer  Earth            100.00    753.80   1118.92            2.101E+04  2.654E+03  3.820E-02  1.769E+00  2.313E+03  6.456E+01  1.636E+01
 quenched pressures   1.00E+25   1   nobuffer  Earth            100.00    753.80   1118.92            3.348E+02  4.230E+01  6.088E-04  2.819E-02  3.686E+01  9.587E-01  2.430E-01
 dry pressures        1.00E+25   1   nobuffer  Earth            100.00    753.80   1118.92            0.000E+00  2.296E+01  3.304E-04  1.530E-02  2.000E+01  5.583E-01  1.415E-01

   i   N_O   buffer    planet       Mplanet   PCO2    T_q(CH4)  T_q(NH3)   T[K]    P[bars]      H2O        H2         CO         CO2        CH4        N2         NH3     
    1   1    nobuffer  Earth         1.00    100.00    753.82   1118.92   2010.00  4.150E+02  2.442E+02  1.385E+02  2.252E+01  8.781E+00  1.009E-02  9.676E-01  3.290E-02
    2   1    nobuffer  Earth         1.00    100.00    753.82   1118.92   2000.00  4.150E+02  2.441E+02  1.385E+02  2.247E+01  8.829E+00  1.079E-02  9.673E-01  3.346E-02
    3   1    nobuffer  Earth         1.00    100.00    753.82   1118.92   1990.00  4.150E+02  2.441E+02  1.386E+02  2.242E+01  8.877E+00  1.154E-02  9.670E-01  3.403E-02
    4   1    nobuffer  Earth         1.00    100.00    753.82   1118.92   1980.00  4.150E+02  2.440E+02  1.386E+02  2.237E+01  8.926E+00  1.236E-02  9.667E-01  3.462E-02
    5   1    nobuffer  Earth         1.00    100.00    753.82   1118.92   1970.00  4.150E+02  2.440E+02  1.387E+02  2.232E+01  8.975E+00  1.324E-02  9.665E-01  3.522E-02
    6   1    nobuffer  Earth         1.00    100.00    753.82   1118.92   1960.00  4.150E+02  2.439E+02  1.387E+02  2.227E+01  9.026E+00  1.419E-02  9.661E-01  3.584E-02
    7   1    nobuffer  Earth         1.00    100.00    753.82   1118.92   1950.00  4.150E+02  2.439E+02  1.388E+02  2.222E+01  9.077E+00  1.522E-02  9.658E-01  3.648E-02
    8   1    nobuffer  Earth         1.00    100.00    753.82   1118.92   1940.00  4.150E+02  2.438E+02  1.388E+02  2.217E+01  9.129E+00  1.634E-02  9.655E-01  3.714E-02
    9   1    nobuffer  Earth         1.00    100.00    753.82   1118.92   1930.00  4.150E+02  2.438E+02  1.389E+02  2.211E+01  9.182E+00  1.756E-02  9.652E-01  3.781E-02
   10   1    nobuffer  Earth         1.00    100.00    753.82   1118.92   1920.00  4.150E+02  2.437E+02  1.389E+02  2.206E+01  9.235E+00  1.888E-02  9.648E-01  3.850E-02
   11   1    nobuffer  Earth         1.00    100.00    753.82   1118.92   1910.00  4.150E+02  2.437E+02  1.390E+02  2.200E+01  9.289E+00  2.031E-02  9.645E-01  3.922E-02
   12   1    nobuffer  Earth         1.00    100.00    753.82   1118.92   1900.00  4.150E+02  2.436E+02  1.390E+02  2.195E+01  9.344E+00  2.187E-02  9.641E-01  3.995E-02
   13   1    nobuffer  Earth         1.00    100.00    753.82   1118.92   1890.00  4.150E+02  2.436E+02  1.391E+02  2.189E+01  9.400E+00  2.357E-02  9.638E-01  4.071E-02
   14   1    nobuffer  Earth         1.00    100.00    753.82   1118.92   1880.00  4.150E+02  2.435E+02  1.391E+02  2.183E+01  9.457E+00  2.542E-02  9.634E-01  4.149E-02
   15   1    nobuffer  Earth         1.00    100.00    753.82   1118.92   1870.00  4.150E+02  2.435E+02  1.392E+02  2.177E+01  9.515E+00  2.743E-02  9.630E-01  4.229E-02
   16   1    nobuffer  Earth         1.00    100.00    753.82   1118.92   1860.00  4.150E+02  2.434E+02  1.392E+02  2.171E+01  9.573E+00  2.963E-02  9.626E-01  4.312E-02
   17   1    nobuffer  Earth         1.00    100.00    753.82   1118.92   1850.00  4.150E+02  2.434E+02  1.393E+02  2.165E+01  9.633E+00  3.202E-02  9.622E-01  4.397E-02
   18   1    nobuffer  Earth         1.00    100.00    753.82   1118.92   1840.00  4.150E+02  2.433E+02  1.394E+02  2.159E+01  9.693E+00  3.465E-02  9.617E-01  4.485E-02
   19   1    nobuffer  Earth         1.00    100.00    753.82   1118.92   1830.00  4.150E+02  2.433E+02  1.394E+02  2.152E+01  9.754E+00  3.751E-02  9.613E-01  4.575E-02
   20   1    nobuffer  Earth         1.00    100.00    753.82   1118.92   1820.00  4.150E+02  2.432E+02  1.395E+02  2.146E+01  9.816E+00  4.065E-02  9.609E-01  4.668E-02
   21   1    nobuffer  Earth         1.00    100.00    753.82   1118.92   1810.00  4.150E+02  2.431E+02  1.395E+02  2.139E+01  9.880E+00  4.408E-02  9.604E-01  4.765E-02
   22   1    nobuffer  Earth         1.00    100.00    753.82   1118.92   1800.00  4.150E+02  2.431E+02  1.396E+02  2.133E+01  9.944E+00  4.785E-02  9.599E-01  4.864E-02
   23   1    nobuffer  Earth         1.00    100.00    753.82   1118.92   1790.00  4.150E+02  2.430E+02  1.396E+02  2.126E+01  1.001E+01  5.199E-02  9.594E-01  4.966E-02
   24   1    nobuffer  Earth         1.00    100.00    753.82   1118.92   1780.00  4.150E+02  2.430E+02  1.397E+02  2.119E+01  1.007E+01  5.653E-02  9.589E-01  5.072E-02
   25   1    nobuffer  Earth         1.00    100.00    753.82   1118.92   1770.00  4.150E+02  2.429E+02  1.397E+02  2.112E+01  1.014E+01  6.152E-02  9.584E-01  5.181E-02
   26   1    nobuffer  Earth         1.00    100.00    753.82   1118.92   1760.00  4.150E+02  2.429E+02  1.398E+02  2.104E+01  1.021E+01  6.702E-02  9.579E-01  5.294E-02
   27   1    nobuffer  Earth         1.00    100.00    753.82   1118.92   1750.00  4.150E+02  2.428E+02  1.398E+02  2.097E+01  1.028E+01  7.307E-02  9.573E-01  5.410E-02
   28   1    nobuffer  Earth         1.00    100.00    753.82   1118.92   1740.00  4.150E+02  2.428E+02  1.399E+02  2.089E+01  1.035E+01  7.974E-02  9.567E-01  5.530E-02
   29   1    nobuffer  Earth         1.00    100.00    753.82   1118.92   1730.00  4.150E+02  2.427E+02  1.400E+02  2.081E+01  1.042E+01  8.710E-02  9.562E-01  5.654E-02
   30   1    nobuffer  Earth         1.00    100.00    753.82   1118.92   1720.00  4.150E+02  2.426E+02  1.400E+02  2.073E+01  1.049E+01  9.523E-02  9.556E-01  5.783E-02
   31   1    nobuffer  Earth         1.00    100.00    753.82   1118.92   1710.00  4.150E+02  2.426E+02  1.401E+02  2.065E+01  1.057E+01  1.042E-01  9.549E-01  5.915E-02
   32   1    nobuffer  Earth         1.00    100.00    753.82   1118.92   1700.00  4.150E+02  2.425E+02  1.401E+02  2.057E+01  1.064E+01  1.142E-01  9.543E-01  6.053E-02
   33   1    nobuffer  Earth         1.00    100.00    753.82   1118.92   1690.00  4.150E+02  2.425E+02  1.402E+02  2.048E+01  1.072E+01  1.252E-01  9.536E-01  6.195E-02
   34   1    nobuffer  Earth         1.00    100.00    753.82   1118.92   1680.00  4.150E+02  2.424E+02  1.402E+02  2.040E+01  1.080E+01  1.374E-01  9.530E-01  6.341E-02
   35   1    nobuffer  Earth         1.00    100.00    753.82   1118.92   1670.00  4.150E+02  2.424E+02  1.403E+02  2.031E+01  1.087E+01  1.509E-01  9.523E-01  6.493E-02
   36   1    nobuffer  Earth         1.00    100.00    753.82   1118.92   1660.00  4.150E+02  2.423E+02  1.403E+02  2.022E+01  1.095E+01  1.660E-01  9.516E-01  6.650E-02
   37   1    nobuffer  Earth         1.00    100.00    753.82   1118.92   1650.00  4.150E+02  2.423E+02  1.403E+02  2.012E+01  1.103E+01  1.827E-01  9.508E-01  6.813E-02
   38   1    nobuffer  Earth         1.00    100.00    753.82   1118.92   1640.00  4.150E+02  2.423E+02  1.404E+02  2.002E+01  1.112E+01  2.013E-01  9.501E-01  6.981E-02
   39   1    nobuffer  Earth         1.00    100.00    753.82   1118.92   1630.00  4.150E+02  2.422E+02  1.404E+02  1.992E+01  1.120E+01  2.220E-01  9.493E-01  7.156E-02
   40   1    nobuffer  Earth         1.00    100.00    753.82   1118.92   1620.00  4.150E+02  2.422E+02  1.404E+02  1.982E+01  1.128E+01  2.451E-01  9.485E-01  7.336E-02
   41   1    nobuffer  Earth         1.00    100.00    753.82   1118.92   1610.00  4.150E+02  2.422E+02  1.405E+02  1.971E+01  1.137E+01  2.708E-01  9.477E-01  7.523E-02
   42   1    nobuffer  Earth         1.00    100.00    753.82   1118.92   1600.00  4.150E+02  2.421E+02  1.405E+02  1.960E+01  1.145E+01  2.995E-01  9.469E-01  7.716E-02
   43   1    nobuffer  Earth         1.00    100.00    753.82   1118.92   1590.00  4.150E+02  2.421E+02  1.405E+02  1.949E+01  1.154E+01  3.316E-01  9.460E-01  7.917E-02
   44   1    nobuffer  Earth         1.00    100.00    753.82   1118.92   1580.00  4.150E+02  2.421E+02  1.405E+02  1.937E+01  1.163E+01  3.674E-01  9.451E-01  8.124E-02
   45   1    nobuffer  Earth         1.00    100.00    753.82   1118.92   1570.00  4.150E+02  2.421E+02  1.405E+02  1.924E+01  1.172E+01  4.074E-01  9.443E-01  8.339E-02
   46   1    nobuffer  Earth         1.00    100.00    753.82   1118.92   1560.00  4.150E+02  2.421E+02  1.405E+02  1.912E+01  1.181E+01  4.522E-01  9.434E-01  8.561E-02
   47   1    nobuffer  Earth         1.00    100.00    753.82   1118.92   1550.00  4.150E+02  2.421E+02  1.405E+02  1.898E+01  1.190E+01  5.024E-01  9.425E-01  8.791E-02
   48   1    nobuffer  Earth         1.00    100.00    753.82   1118.92   1540.00  4.150E+02  2.422E+02  1.404E+02  1.884E+01  1.199E+01  5.585E-01  9.415E-01  9.030E-02
   49   1    nobuffer  Earth         1.00    100.00    753.82   1118.92   1530.00  4.150E+02  2.422E+02  1.404E+02  1.870E+01  1.209E+01  6.213E-01  9.406E-01  9.276E-02
   50   1    nobuffer  Earth         1.00    100.00    753.82   1118.92   1520.00  4.150E+02  2.423E+02  1.403E+02  1.854E+01  1.218E+01  6.917E-01  9.397E-01  9.531E-02
   51   1    nobuffer  Earth         1.00    100.00    753.82   1118.92   1510.00  4.150E+02  2.424E+02  1.402E+02  1.838E+01  1.227E+01  7.705E-01  9.387E-01  9.794E-02
   52   1    nobuffer  Earth         1.00    100.00    753.82   1118.92   1500.00  4.150E+02  2.425E+02  1.401E+02  1.821E+01  1.237E+01  8.586E-01  9.378E-01  1.007E-01
   53   1    nobuffer  Earth         1.00    100.00    753.82   1118.92   1490.00  4.150E+02  2.426E+02  1.399E+02  1.804E+01  1.246E+01  9.573E-01  9.368E-01  1.035E-01
   54   1    nobuffer  Earth         1.00    100.00    753.82   1118.92   1480.00  4.150E+02  2.428E+02  1.398E+02  1.785E+01  1.255E+01  1.068E+00  9.359E-01  1.064E-01
   55   1    nobuffer  Earth         1.00    100.00    753.82   1118.92   1470.00  4.150E+02  2.429E+02  1.396E+02  1.765E+01  1.265E+01  1.191E+00  9.350E-01  1.094E-01
   56   1    nobuffer  Earth         1.00    100.00    753.82   1118.92   1460.00  4.150E+02  2.431E+02  1.393E+02  1.744E+01  1.274E+01  1.328E+00  9.341E-01  1.124E-01
   57   1    nobuffer  Earth         1.00    100.00    753.82   1118.92   1450.00  4.150E+02  2.434E+02  1.391E+02  1.722E+01  1.283E+01  1.482E+00  9.333E-01  1.156E-01
   58   1    nobuffer  Earth         1.00    100.00    753.82   1118.92   1440.00  4.150E+02  2.437E+02  1.387E+02  1.699E+01  1.292E+01  1.652E+00  9.324E-01  1.189E-01
   59   1    nobuffer  Earth         1.00    100.00    753.82   1118.92   1430.00  4.150E+02  2.440E+02  1.384E+02  1.674E+01  1.301E+01  1.842E+00  9.317E-01  1.222E-01
   60   1    nobuffer  Earth         1.00    100.00    753.82   1118.92   1420.00  4.150E+02  2.444E+02  1.380E+02  1.648E+01  1.309E+01  2.052E+00  9.310E-01  1.256E-01
   61   1    nobuffer  Earth         1.00    100.00    753.82   1118.92   1410.00  4.150E+02  2.448E+02  1.375E+02  1.620E+01  1.317E+01  2.284E+00  9.303E-01  1.291E-01
   62   1    nobuffer  Earth         1.00    100.00    753.82   1118.92   1400.00  4.150E+02  2.453E+02  1.370E+02  1.590E+01  1.325E+01  2.540E+00  9.297E-01  1.327E-01
   63   1    nobuffer  Earth         1.00    100.00    753.82   1118.92   1390.00  4.150E+02  2.459E+02  1.364E+02  1.559E+01  1.332E+01  2.822E+00  9.292E-01  1.364E-01
   64   1    nobuffer  Earth         1.00    100.00    753.82   1118.92   1380.00  4.150E+02  2.465E+02  1.357E+02  1.526E+01  1.339E+01  3.130E+00  9.289E-01  1.401E-01
   65   1    nobuffer  Earth         1.00    100.00    753.82   1118.92   1370.00  4.150E+02  2.472E+02  1.350E+02  1.492E+01  1.345E+01  3.467E+00  9.286E-01  1.439E-01
   66   1    nobuffer  Earth         1.00    100.00    753.82   1118.92   1360.00  4.150E+02  2.479E+02  1.341E+02  1.455E+01  1.350E+01  3.833E+00  9.284E-01  1.477E-01
   67   1    nobuffer  Earth         1.00    100.00    753.82   1118.92   1350.00  4.150E+02  2.488E+02  1.333E+02  1.417E+01  1.355E+01  4.230E+00  9.283E-01  1.516E-01
   68   1    nobuffer  Earth         1.00    100.00    753.82   1118.92   1340.00  4.150E+02  2.497E+02  1.323E+02  1.377E+01  1.358E+01  4.658E+00  9.284E-01  1.555E-01
   69   1    nobuffer  Earth         1.00    100.00    753.82   1118.92   1330.00  4.150E+02  2.507E+02  1.312E+02  1.335E+01  1.361E+01  5.118E+00  9.286E-01  1.594E-01
   70   1    nobuffer  Earth         1.00    100.00    753.82   1118.92   1320.00  4.150E+02  2.518E+02  1.301E+02  1.292E+01  1.363E+01  5.609E+00  9.290E-01  1.634E-01
   71   1    nobuffer  Earth         1.00    100.00    753.82   1118.92   1310.00  4.150E+02  2.529E+02  1.288E+02  1.247E+01  1.363E+01  6.133E+00  9.295E-01  1.674E-01
   72   1    nobuffer  Earth         1.00    100.00    753.82   1118.92   1300.00  4.150E+02  2.542E+02  1.275E+02  1.201E+01  1.362E+01  6.687E+00  9.301E-01  1.714E-01
   73   1    nobuffer  Earth         1.00    100.00    753.82   1118.92   1290.00  4.150E+02  2.555E+02  1.261E+02  1.154E+01  1.360E+01  7.272E+00  9.309E-01  1.754E-01
   74   1    nobuffer  Earth         1.00    100.00    753.82   1118.92   1280.00  4.150E+02  2.569E+02  1.246E+02  1.105E+01  1.356E+01  7.887E+00  9.318E-01  1.794E-01
   75   1    nobuffer  Earth         1.00    100.00    753.82   1118.92   1270.00  4.150E+02  2.584E+02  1.230E+02  1.056E+01  1.351E+01  8.530E+00  9.328E-01  1.834E-01
   76   1    nobuffer  Earth         1.00    100.00    753.82   1118.92   1260.00  4.150E+02  2.599E+02  1.213E+02  1.007E+01  1.344E+01  9.199E+00  9.340E-01  1.874E-01
   77   1    nobuffer  Earth         1.00    100.00    753.82   1118.92   1250.00  4.150E+02  2.616E+02  1.196E+02  9.564E+00  1.335E+01  9.892E+00  9.353E-01  1.913E-01
   78   1    nobuffer  Earth         1.00    100.00    753.82   1118.92   1240.00  4.150E+02  2.632E+02  1.178E+02  9.062E+00  1.324E+01  1.061E+01  9.367E-01  1.953E-01
   79   1    nobuffer  Earth         1.00    100.00    753.82   1118.92   1230.00  4.150E+02  2.650E+02  1.159E+02  8.560E+00  1.312E+01  1.135E+01  9.383E-01  1.993E-01
   80   1    nobuffer  Earth         1.00    100.00    753.81   1118.92   1220.00  4.150E+02  2.668E+02  1.140E+02  8.062E+00  1.297E+01  1.210E+01  9.399E-01  2.032E-01
   81   1    nobuffer  Earth         1.00    100.00    753.81   1118.92   1210.00  4.150E+02  2.687E+02  1.120E+02  7.570E+00  1.281E+01  1.287E+01  9.416E-01  2.071E-01
   82   1    nobuffer  Earth         1.00    100.00    753.81   1118.92   1200.00  4.150E+02  2.706E+02  1.099E+02  7.085E+00  1.263E+01  1.366E+01  9.433E-01  2.110E-01
   83   1    nobuffer  Earth         1.00    100.00    753.81   1118.92   1190.00  4.150E+02  2.726E+02  1.079E+02  6.610E+00  1.243E+01  1.446E+01  9.452E-01  2.150E-01
   84   1    nobuffer  Earth         1.00    100.00    753.81   1118.92   1180.00  4.150E+02  2.746E+02  1.057E+02  6.146E+00  1.221E+01  1.526E+01  9.470E-01  2.189E-01
   85   1    nobuffer  Earth         1.00    100.00    753.81   1118.92   1170.00  4.150E+02  2.767E+02  1.035E+02  5.696E+00  1.197E+01  1.608E+01  9.489E-01  2.228E-01
   86   1    nobuffer  Earth         1.00    100.00    753.81   1118.92   1160.00  4.150E+02  2.787E+02  1.013E+02  5.262E+00  1.171E+01  1.689E+01  9.509E-01  2.267E-01
   87   1    nobuffer  Earth         1.00    100.00    753.81   1118.92   1150.00  4.150E+02  2.808E+02  9.911E+01  4.843E+00  1.143E+01  1.771E+01  9.528E-01  2.306E-01
   88   1    nobuffer  Earth         1.00    100.00    753.81   1118.92   1140.00  4.150E+02  2.830E+02  9.687E+01  4.442E+00  1.113E+01  1.854E+01  9.547E-01  2.346E-01
   89   1    nobuffer  Earth         1.00    100.00    753.81   1118.92   1130.00  4.150E+02  2.851E+02  9.460E+01  4.059E+00  1.082E+01  1.936E+01  9.566E-01  2.385E-01
   90   1    nobuffer  Earth         1.00    100.00    753.81   1118.92   1120.00  4.150E+02  2.872E+02  9.233E+01  3.696E+00  1.049E+01  2.017E+01  9.585E-01  2.425E-01
   91   1    nobuffer  Earth         1.00    100.00    753.81   1118.92   1110.00  4.150E+02  2.894E+02  9.006E+01  3.352E+00  1.014E+01  2.099E+01  9.603E-01  2.466E-01
   92   1    nobuffer  Earth         1.00    100.00    753.81   1118.92   1100.00  4.150E+02  2.915E+02  8.778E+01  3.028E+00  9.780E+00  2.179E+01  9.621E-01  2.507E-01
   93   1    nobuffer  Earth         1.00    100.00    753.81   1118.92   1090.00  4.150E+02  2.937E+02  8.551E+01  2.725E+00  9.405E+00  2.259E+01  9.638E-01  2.549E-01
   94   1    nobuffer  Earth         1.00    100.00    753.81   1118.92   1080.00  4.150E+02  2.958E+02  8.325E+01  2.441E+00  9.019E+00  2.338E+01  9.654E-01  2.593E-01
   95   1    nobuffer  Earth         1.00    100.00    753.81   1118.92   1070.00  4.150E+02  2.979E+02  8.100E+01  2.178E+00  8.621E+00  2.416E+01  9.668E-01  2.637E-01
   96   1    nobuffer  Earth         1.00    100.00    753.81   1118.92   1060.00  4.150E+02  3.001E+02  7.878E+01  1.934E+00  8.214E+00  2.493E+01  9.682E-01  2.682E-01
   97   1    nobuffer  Earth         1.00    100.00    753.81   1118.92   1050.00  4.150E+02  3.021E+02  7.657E+01  1.710E+00  7.799E+00  2.568E+01  9.694E-01  2.729E-01
   98   1    nobuffer  Earth         1.00    100.00    753.81   1118.92   1040.00  4.150E+02  3.042E+02  7.440E+01  1.504E+00  7.377E+00  2.642E+01  9.705E-01  2.778E-01
   99   1    nobuffer  Earth         1.00    100.00    753.81   1118.92   1030.00  4.150E+02  3.062E+02  7.225E+01  1.316E+00  6.951E+00  2.714E+01  9.714E-01  2.829E-01
  100   1    nobuffer  Earth         1.00    100.00    753.81   1118.92   1020.00  4.150E+02  3.082E+02  7.014E+01  1.146E+00  6.521E+00  2.785E+01  9.720E-01  2.883E-01
  101   1    nobuffer  Earth         1.00    100.00    753.81   1118.92   1010.00  4.150E+02  3.102E+02  6.808E+01  9.920E-01  6.090E+00  2.854E+01  9.725E-01  2.940E-01
  102   1    nobuffer  Earth         1.00    100.00    753.81   1118.92   1000.00  4.150E+02  3.121E+02  6.606E+01  8.535E-01  5.659E+00  2.921E+01  9.727E-01  3.000E-01
  103   1    nobuffer  Earth         1.00    100.00    753.81   1118.92    990.00  4.150E+02  3.140E+02  6.408E+01  7.298E-01  5.231E+00  2.986E+01  9.725E-01  3.064E-01
  104   1    nobuffer  Earth         1.00    100.00    753.81   1118.92    980.00  4.150E+02  3.158E+02  6.216E+01  6.198E-01  4.807E+00  3.049E+01  9.721E-01  3.133E-01
  105   1    nobuffer  Earth         1.00    100.00    753.81   1118.92    970.00  4.150E+02  3.176E+02  6.031E+01  5.225E-01  4.389E+00  3.109E+01  9.712E-01  3.207E-01
  106   1    nobuffer  Earth         1.00    100.00    753.81   1118.92    960.00  4.150E+02  3.193E+02  5.851E+01  4.371E-01  3.979E+00  3.168E+01  9.700E-01  3.288E-01
  107   1    nobuffer  Earth         1.00    100.00    753.81   1118.92    950.00  4.150E+02  3.209E+02  5.679E+01  3.626E-01  3.580E+00  3.224E+01  9.682E-01  3.377E-01
  108   1    nobuffer  Earth         1.00    100.00    753.81   1118.92    940.00  4.150E+02  3.225E+02  5.514E+01  2.981E-01  3.193E+00  3.277E+01  9.658E-01  3.475E-01
  109   1    nobuffer  Earth         1.00    100.00    753.81   1118.92    930.00  4.150E+02  3.240E+02  5.357E+01  2.427E-01  2.821E+00  3.327E+01  9.628E-01  3.583E-01
  110   1    nobuffer  Earth         1.00    100.00    753.81   1118.92    920.00  4.150E+02  3.254E+02  5.209E+01  1.955E-01  2.466E+00  3.374E+01  9.590E-01  3.704E-01
  111   1    nobuffer  Earth         1.00    100.00    753.81   1118.92    910.00  4.150E+02  3.267E+02  5.071E+01  1.556E-01  2.131E+00  3.419E+01  9.543E-01  3.840E-01
  112   1    nobuffer  Earth         1.00    100.00    753.81   1118.92    900.00  4.150E+02  3.279E+02  4.943E+01  1.223E-01  1.818E+00  3.459E+01  9.486E-01  3.993E-01
  113   1    nobuffer  Earth         1.00    100.00    753.81   1118.92    890.00  4.150E+02  3.290E+02  4.825E+01  9.483E-02  1.529E+00  3.497E+01  9.416E-01  4.168E-01
  114   1    nobuffer  Earth         1.00    100.00    753.81   1118.92    880.00  4.150E+02  3.300E+02  4.719E+01  7.245E-02  1.266E+00  3.530E+01  9.333E-01  4.366E-01
  115   1    nobuffer  Earth         1.00    100.00    753.81   1118.92    870.00  4.150E+02  3.309E+02  4.625E+01  5.450E-02  1.032E+00  3.560E+01  9.234E-01  4.593E-01
  116   1    nobuffer  Earth         1.00    100.00    753.81   1118.92    860.00  4.150E+02  3.317E+02  4.543E+01  4.032E-02  8.258E-01  3.586E+01  9.116E-01  4.853E-01
  117   1    nobuffer  Earth         1.00    100.00    753.81   1118.92    850.00  4.150E+02  3.324E+02  4.473E+01  2.932E-02  6.492E-01  3.608E+01  8.978E-01  5.150E-01
  118   1    nobuffer  Earth         1.00    100.00    753.81   1118.92    840.00  4.151E+02  3.330E+02  4.415E+01  2.096E-02  5.011E-01  3.627E+01  8.818E-01  5.489E-01
  119   1    nobuffer  Earth         1.00    100.00    753.81   1118.92    830.00  4.151E+02  3.334E+02  4.367E+01  1.472E-02  3.799E-01  3.642E+01  8.633E-01  5.874E-01
  120   1    nobuffer  Earth         1.00    100.00    753.81   1118.92    820.00  4.151E+02  3.338E+02  4.329E+01  1.017E-02  2.830E-01  3.654E+01  8.421E-01  6.309E-01
  121   1    nobuffer  Earth         1.00    100.00    753.81   1118.92    810.00  4.151E+02  3.341E+02  4.299E+01  6.905E-03  2.073E-01  3.663E+01  8.181E-01  6.798E-01
  122   1    nobuffer  Earth         1.00    100.00    753.80   1118.92    800.00  4.151E+02  3.343E+02  4.277E+01  4.617E-03  1.495E-01  3.670E+01  7.912E-01  7.344E-01
  123   1    nobuffer  Earth         1.00    100.00    753.80   1118.91    790.00  4.151E+02  3.345E+02  4.260E+01  3.040E-03  1.063E-01  3.676E+01  7.612E-01  7.950E-01
  124   1    nobuffer  Earth         1.00    100.00    753.80   1118.91    780.00  4.151E+02  3.346E+02  4.248E+01  1.972E-03  7.452E-02  3.680E+01  7.280E-01  8.617E-01
  125   1    nobuffer  Earth         1.00    100.00    753.80   1118.91    770.00  4.151E+02  3.347E+02  4.239E+01  1.261E-03  5.159E-02  3.683E+01  6.917E-01  9.346E-01
  126   1    nobuffer  Earth         1.00    100.00    753.80   1118.91    760.00  4.151E+02  3.348E+02  4.233E+01  7.954E-04  3.529E-02  3.685E+01  6.523E-01  1.014E+00
  127   1    nobuffer  Earth         1.00    100.00    753.80   1118.91    750.00  4.152E+02  3.348E+02  4.229E+01  4.946E-04  2.385E-02  3.686E+01  6.098E-01  1.099E+00
  128   1    nobuffer  Earth         1.00    100.00    753.80   1118.91    740.00  4.152E+02  3.349E+02  4.226E+01  3.033E-04  1.593E-02  3.687E+01  5.646E-01  1.190E+00
  129   1    nobuffer  Earth         1.00    100.00    753.79   1118.91    730.00  4.152E+02  3.349E+02  4.224E+01  1.834E-04  1.052E-02  3.688E+01  5.168E-01  1.285E+00
  130   1    nobuffer  Earth         1.00    100.00    753.79   1118.91    720.00  4.152E+02  3.349E+02  4.223E+01  1.092E-04  6.866E-03  3.689E+01  4.671E-01  1.385E+00
  131   1    nobuffer  Earth         1.00    100.00    753.79   1118.91    710.00  4.152E+02  3.350E+02  4.222E+01  6.411E-05  4.428E-03  3.689E+01  4.161E-01  1.487E+00
  132   1    nobuffer  Earth         1.00    100.00    753.79   1118.91    700.00  4.152E+02  3.350E+02  4.222E+01  3.705E-05  2.821E-03  3.690E+01  3.648E-01  1.590E+00
  133   1    nobuffer  Earth         1.00    100.00    753.79   1118.91    690.00  4.153E+02  3.350E+02  4.221E+01  2.107E-05  1.775E-03  3.690E+01  3.142E-01  1.691E+00
  134   1    nobuffer  Earth         1.00    100.00    753.78   1118.90    680.00  4.153E+02  3.350E+02  4.221E+01  1.178E-05  1.102E-03  3.690E+01  2.653E-01  1.789E+00
  135   1    nobuffer  Earth         1.00    100.00    753.78   1118.90    670.00  4.153E+02  3.350E+02  4.221E+01  6.473E-06  6.751E-04  3.690E+01  2.195E-01  1.881E+00
  136   1    nobuffer  Earth         1.00    100.00    753.78   1118.90    660.00  4.153E+02  3.350E+02  4.221E+01  3.493E-06  4.078E-04  3.690E+01  1.776E-01  1.964E+00
  137   1    nobuffer  Earth         1.00    100.00    753.78   1118.90    650.00  4.153E+02  3.350E+02  4.221E+01  1.849E-06  2.428E-04  3.691E+01  1.406E-01  2.039E+00
